<?xml version="1.0" encoding="UTF-8"?>
<testsuite name="ee.erik.backend.integration.EverythingIntegrationTest" tests="4" skipped="0" failures="0" errors="0" timestamp="2022-11-05T18:39:50" hostname="DESKTOP-KHRKPQ8" time="1.274">
  <properties/>
  <testcase name="shouldCreateEventWithParticipantsAndPaymentMethod()" classname="ee.erik.backend.integration.EverythingIntegrationTest" time="1.13"/>
  <testcase name="shouldDeleteParticipantAndReturnEmpty()" classname="ee.erik.backend.integration.EverythingIntegrationTest" time="0.061"/>
  <testcase name="shouldCreateEventAndReturn()" classname="ee.erik.backend.integration.EverythingIntegrationTest" time="0.065"/>
  <testcase name="shouldReturnPaymentMethods()" classname="ee.erik.backend.integration.EverythingIntegrationTest" time="0.015"/>
  <system-out><![CDATA[20:39:39.346 [Test worker] DEBUG org.testcontainers.utility.TestcontainersConfiguration - Testcontainers configuration overrides will be loaded from file:/C:/Users/eriky/.testcontainers.properties
20:39:39.358 [Test worker] INFO org.testcontainers.utility.ImageNameSubstitutor - Image name substitution will be performed by: DefaultImageNameSubstitutor (composite of 'ConfigurationFileImageNameSubstitutor' and 'PrefixingImageNameSubstitutor')
20:39:39.387 [Test worker] INFO org.testcontainers.dockerclient.DockerClientProviderStrategy - Loaded org.testcontainers.dockerclient.NpipeSocketClientProviderStrategy from ~/.testcontainers.properties, will try it first
20:39:39.389 [Test worker] DEBUG org.testcontainers.dockerclient.DockerClientProviderStrategy - Trying out strategy: NpipeSocketClientProviderStrategy
20:39:39.726 [Test worker] DEBUG org.testcontainers.shaded.com.github.dockerjava.core.command.AbstrDockerCmd - Cmd: 
20:39:39.757 [Test worker] DEBUG com.github.dockerjava.zerodep.shaded.org.apache.hc.client5.http.impl.classic.InternalHttpClient - ex-00000001: preparing request execution
20:39:39.762 [Test worker] DEBUG com.github.dockerjava.zerodep.shaded.org.apache.hc.client5.http.protocol.RequestAddCookies - Cookie spec selected: strict
20:39:39.767 [Test worker] DEBUG com.github.dockerjava.zerodep.shaded.org.apache.hc.client5.http.protocol.RequestAuthCache - Auth cache not set in the context
20:39:39.768 [Test worker] DEBUG com.github.dockerjava.zerodep.shaded.org.apache.hc.client5.http.impl.classic.ProtocolExec - ex-00000001: target auth state: UNCHALLENGED
20:39:39.769 [Test worker] DEBUG com.github.dockerjava.zerodep.shaded.org.apache.hc.client5.http.impl.classic.ProtocolExec - ex-00000001: proxy auth state: UNCHALLENGED
20:39:39.769 [Test worker] DEBUG com.github.dockerjava.zerodep.shaded.org.apache.hc.client5.http.impl.classic.ConnectExec - ex-00000001: acquiring connection with route {}->npipe://localhost:2375
20:39:39.769 [Test worker] DEBUG com.github.dockerjava.zerodep.shaded.org.apache.hc.client5.http.impl.classic.InternalHttpClient - ex-00000001: acquiring endpoint (3 MINUTES)
20:39:39.770 [Test worker] DEBUG com.github.dockerjava.zerodep.shaded.org.apache.hc.client5.http.impl.io.PoolingHttpClientConnectionManager - ex-00000001: endpoint lease request (3 MINUTES) [route: {}->npipe://localhost:2375][total available: 0; route allocated: 0 of 2147483647; total allocated: 0 of 2147483647]
20:39:39.774 [Test worker] DEBUG com.github.dockerjava.zerodep.shaded.org.apache.hc.client5.http.impl.io.PoolingHttpClientConnectionManager - ex-00000001: endpoint leased [route: {}->npipe://localhost:2375][total available: 0; route allocated: 1 of 2147483647; total allocated: 1 of 2147483647]
20:39:39.783 [Test worker] DEBUG com.github.dockerjava.zerodep.shaded.org.apache.hc.client5.http.impl.io.PoolingHttpClientConnectionManager - ex-00000001: acquired ep-00000000
20:39:39.783 [Test worker] DEBUG com.github.dockerjava.zerodep.shaded.org.apache.hc.client5.http.impl.classic.InternalHttpClient - ex-00000001: acquired endpoint ep-00000000
20:39:39.783 [Test worker] DEBUG com.github.dockerjava.zerodep.shaded.org.apache.hc.client5.http.impl.classic.ConnectExec - ex-00000001: opening connection {}->npipe://localhost:2375
20:39:39.784 [Test worker] DEBUG com.github.dockerjava.zerodep.shaded.org.apache.hc.client5.http.impl.classic.InternalHttpClient - ep-00000000: connecting endpoint (3 MINUTES)
20:39:39.784 [Test worker] DEBUG com.github.dockerjava.zerodep.shaded.org.apache.hc.client5.http.impl.io.PoolingHttpClientConnectionManager - ep-00000000: connecting endpoint to npipe://localhost:2375 (3 MINUTES)
20:39:39.787 [Test worker] DEBUG com.github.dockerjava.zerodep.shaded.org.apache.hc.client5.http.impl.io.DefaultHttpClientConnectionOperator - http-outgoing-0: connecting to localhost/127.0.0.1:2375
20:39:39.787 [Test worker] DEBUG com.github.dockerjava.zerodep.shaded.org.apache.hc.client5.http.impl.io.DefaultHttpClientConnectionOperator - http-outgoing-0: connection established 
20:39:39.787 [Test worker] DEBUG com.github.dockerjava.zerodep.shaded.org.apache.hc.client5.http.impl.io.PoolingHttpClientConnectionManager - ep-00000000: connected http-outgoing-0
20:39:39.787 [Test worker] DEBUG com.github.dockerjava.zerodep.shaded.org.apache.hc.client5.http.impl.classic.InternalHttpClient - ep-00000000: endpoint connected
20:39:39.788 [Test worker] DEBUG com.github.dockerjava.zerodep.shaded.org.apache.hc.client5.http.impl.classic.MainClientExec - ex-00000001: executing GET /v1.32/info HTTP/1.1
20:39:39.789 [Test worker] DEBUG com.github.dockerjava.zerodep.shaded.org.apache.hc.client5.http.impl.classic.InternalHttpClient - ep-00000000: start execution ex-00000001
20:39:39.789 [Test worker] DEBUG com.github.dockerjava.zerodep.shaded.org.apache.hc.client5.http.impl.io.PoolingHttpClientConnectionManager - ep-00000000: executing exchange ex-00000001 over http-outgoing-0
20:39:39.790 [Test worker] DEBUG com.github.dockerjava.zerodep.shaded.org.apache.hc.client5.http.headers - http-outgoing-0 >> GET /v1.32/info HTTP/1.1
20:39:39.790 [Test worker] DEBUG com.github.dockerjava.zerodep.shaded.org.apache.hc.client5.http.headers - http-outgoing-0 >> x-tc-sid: 8d452d0b-c6cc-4a9d-9ce2-a121161a579e
20:39:39.790 [Test worker] DEBUG com.github.dockerjava.zerodep.shaded.org.apache.hc.client5.http.headers - http-outgoing-0 >> Accept-Encoding: gzip, x-gzip, deflate
20:39:39.790 [Test worker] DEBUG com.github.dockerjava.zerodep.shaded.org.apache.hc.client5.http.headers - http-outgoing-0 >> Host: localhost:2375
20:39:39.790 [Test worker] DEBUG com.github.dockerjava.zerodep.shaded.org.apache.hc.client5.http.headers - http-outgoing-0 >> Connection: keep-alive
20:39:39.790 [Test worker] DEBUG com.github.dockerjava.zerodep.shaded.org.apache.hc.client5.http.headers - http-outgoing-0 >> User-Agent: Apache-HttpClient/5.0.3 (Java/17.0.4)
20:39:39.790 [Test worker] DEBUG com.github.dockerjava.zerodep.shaded.org.apache.hc.client5.http.wire - http-outgoing-0 >> "GET /v1.32/info HTTP/1.1[\r][\n]"
20:39:39.791 [Test worker] DEBUG com.github.dockerjava.zerodep.shaded.org.apache.hc.client5.http.wire - http-outgoing-0 >> "x-tc-sid: 8d452d0b-c6cc-4a9d-9ce2-a121161a579e[\r][\n]"
20:39:39.791 [Test worker] DEBUG com.github.dockerjava.zerodep.shaded.org.apache.hc.client5.http.wire - http-outgoing-0 >> "Accept-Encoding: gzip, x-gzip, deflate[\r][\n]"
20:39:39.791 [Test worker] DEBUG com.github.dockerjava.zerodep.shaded.org.apache.hc.client5.http.wire - http-outgoing-0 >> "Host: localhost:2375[\r][\n]"
20:39:39.791 [Test worker] DEBUG com.github.dockerjava.zerodep.shaded.org.apache.hc.client5.http.wire - http-outgoing-0 >> "Connection: keep-alive[\r][\n]"
20:39:39.791 [Test worker] DEBUG com.github.dockerjava.zerodep.shaded.org.apache.hc.client5.http.wire - http-outgoing-0 >> "User-Agent: Apache-HttpClient/5.0.3 (Java/17.0.4)[\r][\n]"
20:39:39.791 [Test worker] DEBUG com.github.dockerjava.zerodep.shaded.org.apache.hc.client5.http.wire - http-outgoing-0 >> "[\r][\n]"
20:39:39.806 [Test worker] DEBUG com.github.dockerjava.zerodep.shaded.org.apache.hc.client5.http.wire - http-outgoing-0 << "HTTP/1.1 200 OK[\r][\n]"
20:39:39.806 [Test worker] DEBUG com.github.dockerjava.zerodep.shaded.org.apache.hc.client5.http.wire - http-outgoing-0 << "Api-Version: 1.41[\r][\n]"
20:39:39.806 [Test worker] DEBUG com.github.dockerjava.zerodep.shaded.org.apache.hc.client5.http.wire - http-outgoing-0 << "Content-Type: application/json[\r][\n]"
20:39:39.806 [Test worker] DEBUG com.github.dockerjava.zerodep.shaded.org.apache.hc.client5.http.wire - http-outgoing-0 << "Date: Sat, 05 Nov 2022 18:39:39 GMT[\r][\n]"
20:39:39.806 [Test worker] DEBUG com.github.dockerjava.zerodep.shaded.org.apache.hc.client5.http.wire - http-outgoing-0 << "Docker-Experimental: false[\r][\n]"
20:39:39.806 [Test worker] DEBUG com.github.dockerjava.zerodep.shaded.org.apache.hc.client5.http.wire - http-outgoing-0 << "Ostype: linux[\r][\n]"
20:39:39.807 [Test worker] DEBUG com.github.dockerjava.zerodep.shaded.org.apache.hc.client5.http.wire - http-outgoing-0 << "Server: Docker/20.10.17 (linux)[\r][\n]"
20:39:39.807 [Test worker] DEBUG com.github.dockerjava.zerodep.shaded.org.apache.hc.client5.http.wire - http-outgoing-0 << "Transfer-Encoding: chunked[\r][\n]"
20:39:39.807 [Test worker] DEBUG com.github.dockerjava.zerodep.shaded.org.apache.hc.client5.http.wire - http-outgoing-0 << "[\r][\n]"
20:39:39.810 [Test worker] DEBUG com.github.dockerjava.zerodep.shaded.org.apache.hc.client5.http.headers - http-outgoing-0 << HTTP/1.1 200 OK
20:39:39.810 [Test worker] DEBUG com.github.dockerjava.zerodep.shaded.org.apache.hc.client5.http.headers - http-outgoing-0 << Api-Version: 1.41
20:39:39.810 [Test worker] DEBUG com.github.dockerjava.zerodep.shaded.org.apache.hc.client5.http.headers - http-outgoing-0 << Content-Type: application/json
20:39:39.810 [Test worker] DEBUG com.github.dockerjava.zerodep.shaded.org.apache.hc.client5.http.headers - http-outgoing-0 << Date: Sat, 05 Nov 2022 18:39:39 GMT
20:39:39.810 [Test worker] DEBUG com.github.dockerjava.zerodep.shaded.org.apache.hc.client5.http.headers - http-outgoing-0 << Docker-Experimental: false
20:39:39.810 [Test worker] DEBUG com.github.dockerjava.zerodep.shaded.org.apache.hc.client5.http.headers - http-outgoing-0 << Ostype: linux
20:39:39.810 [Test worker] DEBUG com.github.dockerjava.zerodep.shaded.org.apache.hc.client5.http.headers - http-outgoing-0 << Server: Docker/20.10.17 (linux)
20:39:39.810 [Test worker] DEBUG com.github.dockerjava.zerodep.shaded.org.apache.hc.client5.http.headers - http-outgoing-0 << Transfer-Encoding: chunked
20:39:39.814 [Test worker] DEBUG com.github.dockerjava.zerodep.shaded.org.apache.hc.client5.http.impl.classic.MainClientExec - ex-00000001: connection can be kept alive for 3 MINUTES
20:39:39.821 [Test worker] DEBUG com.github.dockerjava.zerodep.shaded.org.apache.hc.client5.http.wire - http-outgoing-0 << "a89[\r][\n]"
20:39:39.821 [Test worker] DEBUG com.github.dockerjava.zerodep.shaded.org.apache.hc.client5.http.wire - http-outgoing-0 << "{"ID":"UJTR:LFI7:PEZX:IEUU:744P:2XZX:KZ4G:W25S:5TOQ:HBIJ:GO4T:D7AG","Containers":4,"ContainersRunning":0,"ContainersPaused":0,"ContainersStopped":4,"Images":51,"Driver":"overlay2","DriverStatus":[["Backing Filesystem","extfs"],["Supports d_type","true"],["Native Overlay Diff","true"],["userxattr","false"]],"Plugins":{"Volume":["local"],"Network":["bridge","host","ipvlan","macvlan","null","overlay"],"Authorization":null,"Log":["awslogs","fluentd","gcplogs","gelf","journald","json-file","local","logentries","splunk","syslog"]},"MemoryLimit":true,"SwapLimit":true,"KernelMemory":true,"KernelMemoryTCP":true,"CpuCfsPeriod":true,"CpuCfsQuota":true,"CPUShares":true,"CPUSet":true,"PidsLimit":true,"IPv4Forwarding":true,"BridgeNfIptables":true,"BridgeNfIp6tables":true,"Debug":false,"NFd":47,"OomKillDisable":true,"NGoroutines":51,"SystemTime":"2022-11-05T18:39:39.795888129Z","LoggingDriver":"json-file","CgroupDriver":"cgroupfs","CgroupVersion":"1","NEventsListener":5,"KernelVersion":"5.10.102.1-microsoft-standard-WSL2","OperatingSystem":"Docker Desktop","OSVersion":"","OSType":"linux","Architecture":"x86_64","IndexServerAddress":"https://index.docker.io/v1/","RegistryConfig":{"AllowNondistributableArtifactsCIDRs":[],"AllowNondistributableArtifactsHostnames":[],"InsecureRegistryCIDRs":["127.0.0.0/8"],"IndexConfigs":{"docker.io":{"Name":"docker.io","Mirrors":[],"Secure":true,"Official":true},"hubproxy.docker.internal:5000":{"Name":"hubproxy.docker.internal:5000","Mirrors":[],"Secure":false,"Official":false}},"Mirrors":[]},"NCPU":12,"MemTotal":8294408192,"GenericResources":null,"DockerRootDir":"/var/lib/docker","HttpProxy":"http.docker.internal:3128","HttpsProxy":"http.docker.internal:3128","NoProxy":"hubproxy.docker.internal","Name":"docker-desktop","Labels":[],"ExperimentalBuild":false,"ServerVersion":"20.10.17","Runtimes":{"io.containerd.runc.v2":{"path":"runc"},"io.containerd.runtime.v1.linux":{"path":"runc"},"runc":{"path":"runc"}},"DefaultRuntime":"runc","Swarm":{"NodeID":"","NodeAddr":"","LocalNodeState":"inactive","ControlAvailable":false,"Error":"","RemoteManagers":null},"LiveRestoreEnabled":false,"Isolation":"","InitBinary":"docker-init","ContainerdCommit":{"ID":"10c12954828e7c7c9b6e0ea9b0c02b01407d3ae1","Expected":"10c12954828e7c7c9b6e0ea9b0c02b01407d3ae1"},"RuncCommit":{"ID":"v1.1.2-0-ga916309","Expected":"v1.1.2-0-ga916309"},"InitCommit":{"ID":"de40ad0","Expected":"de40ad0"},"SecurityOptions":["name=seccomp,profile=default"],"Warnings":["WARNING: No blkio throttle.read_bps_device support","WARNING: No blkio throttle.write_bps_device support","WARNING: No blkio throttle.read_iops_device support","WARNING: No blkio throttle.write_iops_device support"]}[\n]"
20:39:39.821 [Test worker] DEBUG com.github.dockerjava.zerodep.shaded.org.apache.hc.client5.http.wire - http-outgoing-0 << "[\r][\n]"
20:39:39.821 [Test worker] DEBUG com.github.dockerjava.zerodep.shaded.org.apache.hc.client5.http.wire - http-outgoing-0 << "0[\r][\n]"
20:39:39.821 [Test worker] DEBUG com.github.dockerjava.zerodep.shaded.org.apache.hc.client5.http.wire - http-outgoing-0 << "[\r][\n]"
20:39:39.943 [Test worker] DEBUG com.github.dockerjava.zerodep.shaded.org.apache.hc.client5.http.impl.classic.InternalHttpClient - ep-00000000: releasing valid endpoint
20:39:39.943 [Test worker] DEBUG com.github.dockerjava.zerodep.shaded.org.apache.hc.client5.http.impl.io.PoolingHttpClientConnectionManager - ep-00000000: releasing endpoint
20:39:39.943 [Test worker] DEBUG com.github.dockerjava.zerodep.shaded.org.apache.hc.client5.http.impl.io.PoolingHttpClientConnectionManager - ep-00000000: connection http-outgoing-0 can be kept alive for 3 MINUTES
20:39:39.944 [Test worker] DEBUG com.github.dockerjava.zerodep.shaded.org.apache.hc.client5.http.impl.io.PoolingHttpClientConnectionManager - ep-00000000: connection released [route: {}->npipe://localhost:2375][total available: 1; route allocated: 1 of 2147483647; total allocated: 1 of 2147483647]
20:39:39.944 [Test worker] INFO org.testcontainers.dockerclient.DockerClientProviderStrategy - Found Docker environment with local Npipe socket (npipe:////./pipe/docker_engine)
20:39:39.945 [Test worker] DEBUG org.testcontainers.dockerclient.DockerClientProviderStrategy - Transport type: 'httpclient5', Docker host: 'npipe:////./pipe/docker_engine'
20:39:39.945 [Test worker] DEBUG org.testcontainers.dockerclient.DockerClientProviderStrategy - Checking Docker OS type for local Npipe socket (npipe:////./pipe/docker_engine)
20:39:39.946 [Test worker] INFO org.testcontainers.DockerClientFactory - Docker host IP address is localhost
20:39:39.946 [Test worker] DEBUG org.testcontainers.DockerClientFactory - Docker info: {NGoroutines=51, Name=docker-desktop, Swarm={NodeID=, NodeAddr=, LocalNodeState=inactive, ControlAvailable=false, Error=, RemoteManagers=null}, RuncCommit={ID=v1.1.2-0-ga916309, Expected=v1.1.2-0-ga916309}, OSVersion=, Runtimes={io.containerd.runc.v2={path=runc}, io.containerd.runtime.v1.linux={path=runc}, runc={path=runc}}, ID=UJTR:LFI7:PEZX:IEUU:744P:2XZX:KZ4G:W25S:5TOQ:HBIJ:GO4T:D7AG, DriverStatus=[[Backing Filesystem, extfs], [Supports d_type, true], [Native Overlay Diff, true], [userxattr, false]], BridgeNfIptables=true, LiveRestoreEnabled=false, SystemTime=2022-11-05T18:39:39.795888129Z, NoProxy=hubproxy.docker.internal, Architecture=x86_64, NEventsListener=5, HttpsProxy=http.docker.internal:3128, Images=51, ContainersRunning=0, Labels=[], InitCommit={ID=de40ad0, Expected=de40ad0}, NFd=47, KernelVersion=5.10.102.1-microsoft-standard-WSL2, LoggingDriver=json-file, OSType=linux, SecurityOptions=[name=seccomp,profile=default], ContainerdCommit={ID=10c12954828e7c7c9b6e0ea9b0c02b01407d3ae1, Expected=10c12954828e7c7c9b6e0ea9b0c02b01407d3ae1}, GenericResources=null, KernelMemory=true, OperatingSystem=Docker Desktop, RegistryConfig={AllowNondistributableArtifactsCIDRs=[], AllowNondistributableArtifactsHostnames=[], InsecureRegistryCIDRs=[127.0.0.0/8], IndexConfigs={docker.io={Name=docker.io, Mirrors=[], Secure=true, Official=true}, hubproxy.docker.internal:5000={Name=hubproxy.docker.internal:5000, Mirrors=[], Secure=false, Official=false}}, Mirrors=[]}, ServerVersion=20.10.17, OomKillDisable=true, CpuCfsQuota=true, Containers=4, Driver=overlay2, KernelMemoryTCP=true, IPv4Forwarding=true, ExperimentalBuild=false, DockerRootDir=/var/lib/docker, CPUSet=true, CpuCfsPeriod=true, DefaultRuntime=runc, CPUShares=true, Debug=false, NCPU=12, Plugins={Volume=[local], Network=[bridge, host, ipvlan, macvlan, null, overlay], Authorization=null, Log=[awslogs, fluentd, gcplogs, gelf, journald, json-file, local, logentries, splunk, syslog]}, SwapLimit=true, CgroupDriver=cgroupfs, ContainersPaused=0, MemTotal=8294408192, IndexServerAddress=https://index.docker.io/v1/, MemoryLimit=true, HttpProxy=http.docker.internal:3128, InitBinary=docker-init, CgroupVersion=1, PidsLimit=true, Isolation=, BridgeNfIp6tables=true, Warnings=[WARNING: No blkio throttle.read_bps_device support, WARNING: No blkio throttle.write_bps_device support, WARNING: No blkio throttle.read_iops_device support, WARNING: No blkio throttle.write_iops_device support], ContainersStopped=4}
20:39:39.950 [Test worker] DEBUG org.testcontainers.shaded.com.github.dockerjava.core.command.AbstrDockerCmd - Cmd: 
20:39:39.951 [Test worker] DEBUG com.github.dockerjava.zerodep.shaded.org.apache.hc.client5.http.impl.classic.InternalHttpClient - ex-00000002: preparing request execution
20:39:39.952 [Test worker] DEBUG com.github.dockerjava.zerodep.shaded.org.apache.hc.client5.http.protocol.RequestAddCookies - Cookie spec selected: strict
20:39:39.952 [Test worker] DEBUG com.github.dockerjava.zerodep.shaded.org.apache.hc.client5.http.protocol.RequestAuthCache - Auth cache not set in the context
20:39:39.952 [Test worker] DEBUG com.github.dockerjava.zerodep.shaded.org.apache.hc.client5.http.impl.classic.ProtocolExec - ex-00000002: target auth state: UNCHALLENGED
20:39:39.952 [Test worker] DEBUG com.github.dockerjava.zerodep.shaded.org.apache.hc.client5.http.impl.classic.ProtocolExec - ex-00000002: proxy auth state: UNCHALLENGED
20:39:39.952 [Test worker] DEBUG com.github.dockerjava.zerodep.shaded.org.apache.hc.client5.http.impl.classic.ConnectExec - ex-00000002: acquiring connection with route {}->npipe://localhost:2375
20:39:39.952 [Test worker] DEBUG com.github.dockerjava.zerodep.shaded.org.apache.hc.client5.http.impl.classic.InternalHttpClient - ex-00000002: acquiring endpoint (3 MINUTES)
20:39:39.952 [Test worker] DEBUG com.github.dockerjava.zerodep.shaded.org.apache.hc.client5.http.impl.io.PoolingHttpClientConnectionManager - ex-00000002: endpoint lease request (3 MINUTES) [route: {}->npipe://localhost:2375][total available: 1; route allocated: 1 of 2147483647; total allocated: 1 of 2147483647]
20:39:39.953 [Test worker] DEBUG com.github.dockerjava.zerodep.shaded.org.apache.hc.client5.http.impl.io.PoolingHttpClientConnectionManager - ex-00000002: endpoint leased [route: {}->npipe://localhost:2375][total available: 0; route allocated: 1 of 2147483647; total allocated: 1 of 2147483647]
20:39:39.953 [Test worker] DEBUG com.github.dockerjava.zerodep.shaded.org.apache.hc.client5.http.impl.io.PoolingHttpClientConnectionManager - ex-00000002: acquired ep-00000001
20:39:39.953 [Test worker] DEBUG com.github.dockerjava.zerodep.shaded.org.apache.hc.client5.http.impl.classic.InternalHttpClient - ex-00000002: acquired endpoint ep-00000001
20:39:39.953 [Test worker] DEBUG com.github.dockerjava.zerodep.shaded.org.apache.hc.client5.http.impl.classic.MainClientExec - ex-00000002: executing GET /v1.32/version HTTP/1.1
20:39:39.953 [Test worker] DEBUG com.github.dockerjava.zerodep.shaded.org.apache.hc.client5.http.impl.classic.InternalHttpClient - ep-00000001: start execution ex-00000002
20:39:39.953 [Test worker] DEBUG com.github.dockerjava.zerodep.shaded.org.apache.hc.client5.http.impl.io.PoolingHttpClientConnectionManager - ep-00000001: executing exchange ex-00000002 over http-outgoing-0
20:39:39.953 [Test worker] DEBUG com.github.dockerjava.zerodep.shaded.org.apache.hc.client5.http.headers - http-outgoing-0 >> GET /v1.32/version HTTP/1.1
20:39:39.954 [Test worker] DEBUG com.github.dockerjava.zerodep.shaded.org.apache.hc.client5.http.headers - http-outgoing-0 >> accept: application/json
20:39:39.954 [Test worker] DEBUG com.github.dockerjava.zerodep.shaded.org.apache.hc.client5.http.headers - http-outgoing-0 >> x-tc-sid: 8d452d0b-c6cc-4a9d-9ce2-a121161a579e
20:39:39.954 [Test worker] DEBUG com.github.dockerjava.zerodep.shaded.org.apache.hc.client5.http.headers - http-outgoing-0 >> Accept-Encoding: gzip, x-gzip, deflate
20:39:39.954 [Test worker] DEBUG com.github.dockerjava.zerodep.shaded.org.apache.hc.client5.http.headers - http-outgoing-0 >> Host: localhost:2375
20:39:39.954 [Test worker] DEBUG com.github.dockerjava.zerodep.shaded.org.apache.hc.client5.http.headers - http-outgoing-0 >> Connection: keep-alive
20:39:39.954 [Test worker] DEBUG com.github.dockerjava.zerodep.shaded.org.apache.hc.client5.http.headers - http-outgoing-0 >> User-Agent: Apache-HttpClient/5.0.3 (Java/17.0.4)
20:39:39.954 [Test worker] DEBUG com.github.dockerjava.zerodep.shaded.org.apache.hc.client5.http.wire - http-outgoing-0 >> "GET /v1.32/version HTTP/1.1[\r][\n]"
20:39:39.954 [Test worker] DEBUG com.github.dockerjava.zerodep.shaded.org.apache.hc.client5.http.wire - http-outgoing-0 >> "accept: application/json[\r][\n]"
20:39:39.954 [Test worker] DEBUG com.github.dockerjava.zerodep.shaded.org.apache.hc.client5.http.wire - http-outgoing-0 >> "x-tc-sid: 8d452d0b-c6cc-4a9d-9ce2-a121161a579e[\r][\n]"
20:39:39.954 [Test worker] DEBUG com.github.dockerjava.zerodep.shaded.org.apache.hc.client5.http.wire - http-outgoing-0 >> "Accept-Encoding: gzip, x-gzip, deflate[\r][\n]"
20:39:39.954 [Test worker] DEBUG com.github.dockerjava.zerodep.shaded.org.apache.hc.client5.http.wire - http-outgoing-0 >> "Host: localhost:2375[\r][\n]"
20:39:39.954 [Test worker] DEBUG com.github.dockerjava.zerodep.shaded.org.apache.hc.client5.http.wire - http-outgoing-0 >> "Connection: keep-alive[\r][\n]"
20:39:39.954 [Test worker] DEBUG com.github.dockerjava.zerodep.shaded.org.apache.hc.client5.http.wire - http-outgoing-0 >> "User-Agent: Apache-HttpClient/5.0.3 (Java/17.0.4)[\r][\n]"
20:39:39.954 [Test worker] DEBUG com.github.dockerjava.zerodep.shaded.org.apache.hc.client5.http.wire - http-outgoing-0 >> "[\r][\n]"
20:39:39.964 [Test worker] DEBUG com.github.dockerjava.zerodep.shaded.org.apache.hc.client5.http.wire - http-outgoing-0 << "HTTP/1.1 200 OK[\r][\n]"
20:39:39.964 [Test worker] DEBUG com.github.dockerjava.zerodep.shaded.org.apache.hc.client5.http.wire - http-outgoing-0 << "Api-Version: 1.41[\r][\n]"
20:39:39.965 [Test worker] DEBUG com.github.dockerjava.zerodep.shaded.org.apache.hc.client5.http.wire - http-outgoing-0 << "Content-Type: application/json[\r][\n]"
20:39:39.965 [Test worker] DEBUG com.github.dockerjava.zerodep.shaded.org.apache.hc.client5.http.wire - http-outgoing-0 << "Date: Sat, 05 Nov 2022 18:39:39 GMT[\r][\n]"
20:39:39.965 [Test worker] DEBUG com.github.dockerjava.zerodep.shaded.org.apache.hc.client5.http.wire - http-outgoing-0 << "Docker-Experimental: false[\r][\n]"
20:39:39.965 [Test worker] DEBUG com.github.dockerjava.zerodep.shaded.org.apache.hc.client5.http.wire - http-outgoing-0 << "Ostype: linux[\r][\n]"
20:39:39.965 [Test worker] DEBUG com.github.dockerjava.zerodep.shaded.org.apache.hc.client5.http.wire - http-outgoing-0 << "Server: Docker/20.10.17 (linux)[\r][\n]"
20:39:39.965 [Test worker] DEBUG com.github.dockerjava.zerodep.shaded.org.apache.hc.client5.http.wire - http-outgoing-0 << "Transfer-Encoding: chunked[\r][\n]"
20:39:39.965 [Test worker] DEBUG com.github.dockerjava.zerodep.shaded.org.apache.hc.client5.http.wire - http-outgoing-0 << "[\r][\n]"
20:39:39.965 [Test worker] DEBUG com.github.dockerjava.zerodep.shaded.org.apache.hc.client5.http.headers - http-outgoing-0 << HTTP/1.1 200 OK
20:39:39.965 [Test worker] DEBUG com.github.dockerjava.zerodep.shaded.org.apache.hc.client5.http.headers - http-outgoing-0 << Api-Version: 1.41
20:39:39.965 [Test worker] DEBUG com.github.dockerjava.zerodep.shaded.org.apache.hc.client5.http.headers - http-outgoing-0 << Content-Type: application/json
20:39:39.965 [Test worker] DEBUG com.github.dockerjava.zerodep.shaded.org.apache.hc.client5.http.headers - http-outgoing-0 << Date: Sat, 05 Nov 2022 18:39:39 GMT
20:39:39.965 [Test worker] DEBUG com.github.dockerjava.zerodep.shaded.org.apache.hc.client5.http.headers - http-outgoing-0 << Docker-Experimental: false
20:39:39.965 [Test worker] DEBUG com.github.dockerjava.zerodep.shaded.org.apache.hc.client5.http.headers - http-outgoing-0 << Ostype: linux
20:39:39.965 [Test worker] DEBUG com.github.dockerjava.zerodep.shaded.org.apache.hc.client5.http.headers - http-outgoing-0 << Server: Docker/20.10.17 (linux)
20:39:39.965 [Test worker] DEBUG com.github.dockerjava.zerodep.shaded.org.apache.hc.client5.http.headers - http-outgoing-0 << Transfer-Encoding: chunked
20:39:39.966 [Test worker] DEBUG com.github.dockerjava.zerodep.shaded.org.apache.hc.client5.http.impl.classic.MainClientExec - ex-00000002: connection can be kept alive for 3 MINUTES
20:39:39.966 [Test worker] DEBUG com.github.dockerjava.zerodep.shaded.org.apache.hc.client5.http.wire - http-outgoing-0 << "361[\r][\n]"
20:39:39.966 [Test worker] DEBUG com.github.dockerjava.zerodep.shaded.org.apache.hc.client5.http.wire - http-outgoing-0 << "{"Platform":{"Name":"Docker Desktop 4.11.1 (84025)"},"Components":[{"Name":"Engine","Version":"20.10.17","Details":{"ApiVersion":"1.41","Arch":"amd64","BuildTime":"2022-06-06T23:01:23.000000000+00:00","Experimental":"false","GitCommit":"a89b842","GoVersion":"go1.17.11","KernelVersion":"5.10.102.1-microsoft-standard-WSL2","MinAPIVersion":"1.12","Os":"linux"}},{"Name":"containerd","Version":"1.6.6","Details":{"GitCommit":"10c12954828e7c7c9b6e0ea9b0c02b01407d3ae1"}},{"Name":"runc","Version":"1.1.2","Details":{"GitCommit":"v1.1.2-0-ga916309"}},{"Name":"docker-init","Version":"0.19.0","Details":{"GitCommit":"de40ad0"}}],"Version":"20.10.17","ApiVersion":"1.41","MinAPIVersion":"1.12","GitCommit":"a89b842","GoVersion":"go1.17.11","Os":"linux","Arch":"amd64","KernelVersion":"5.10.102.1-microsoft-standard-WSL2","BuildTime":"2022-06-06T23:01:23.000000000+00:00"}[\n]"
20:39:39.966 [Test worker] DEBUG com.github.dockerjava.zerodep.shaded.org.apache.hc.client5.http.wire - http-outgoing-0 << "[\r][\n]"
20:39:39.966 [Test worker] DEBUG com.github.dockerjava.zerodep.shaded.org.apache.hc.client5.http.wire - http-outgoing-0 << "0[\r][\n]"
20:39:39.966 [Test worker] DEBUG com.github.dockerjava.zerodep.shaded.org.apache.hc.client5.http.wire - http-outgoing-0 << "[\r][\n]"
20:39:39.973 [Test worker] DEBUG com.github.dockerjava.zerodep.shaded.org.apache.hc.client5.http.impl.classic.InternalHttpClient - ep-00000001: releasing valid endpoint
20:39:39.973 [Test worker] DEBUG com.github.dockerjava.zerodep.shaded.org.apache.hc.client5.http.impl.io.PoolingHttpClientConnectionManager - ep-00000001: releasing endpoint
20:39:39.973 [Test worker] DEBUG com.github.dockerjava.zerodep.shaded.org.apache.hc.client5.http.impl.io.PoolingHttpClientConnectionManager - ep-00000001: connection http-outgoing-0 can be kept alive for 3 MINUTES
20:39:39.973 [Test worker] DEBUG com.github.dockerjava.zerodep.shaded.org.apache.hc.client5.http.impl.io.PoolingHttpClientConnectionManager - ep-00000001: connection released [route: {}->npipe://localhost:2375][total available: 1; route allocated: 1 of 2147483647; total allocated: 1 of 2147483647]
20:39:39.973 [Test worker] DEBUG org.testcontainers.DockerClientFactory - Docker version: {Components=[{Name=Engine, Version=20.10.17, Details={ApiVersion=1.41, Arch=amd64, BuildTime=2022-06-06T23:01:23.000000000+00:00, Experimental=false, GitCommit=a89b842, GoVersion=go1.17.11, KernelVersion=5.10.102.1-microsoft-standard-WSL2, MinAPIVersion=1.12, Os=linux}}, {Name=containerd, Version=1.6.6, Details={GitCommit=10c12954828e7c7c9b6e0ea9b0c02b01407d3ae1}}, {Name=runc, Version=1.1.2, Details={GitCommit=v1.1.2-0-ga916309}}, {Name=docker-init, Version=0.19.0, Details={GitCommit=de40ad0}}], KernelVersion=5.10.102.1-microsoft-standard-WSL2, ApiVersion=1.41, Platform={Name=Docker Desktop 4.11.1 (84025)}, GitCommit=a89b842, Os=linux, Version=20.10.17, MinAPIVersion=1.12, Arch=amd64, GoVersion=go1.17.11, BuildTime=2022-06-06T23:01:23.000000000+00:00}
20:39:39.974 [Test worker] INFO org.testcontainers.DockerClientFactory - Connected to docker: 
  Server Version: 20.10.17
  API Version: 1.41
  Operating System: Docker Desktop
  Total Memory: 7910 MB
20:39:39.986 [Test worker] DEBUG org.testcontainers.utility.RyukResourceReaper - Ryuk is enabled
20:39:39.989 [Test worker] DEBUG org.testcontainers.utility.PrefixingImageNameSubstitutor - No prefix is configured
20:39:39.989 [Test worker] DEBUG org.testcontainers.utility.ImageNameSubstitutor - Did not find a substitute image for testcontainers/ryuk:0.3.4 (using image substitutor: DefaultImageNameSubstitutor (composite of 'ConfigurationFileImageNameSubstitutor' and 'PrefixingImageNameSubstitutor'))
20:39:39.992 [Test worker] DEBUG org.testcontainers.shaded.com.github.dockerjava.core.command.AbstrDockerCmd - Cmd: ListImagesCmdImpl[filters=org.testcontainers.shaded.com.github.dockerjava.core.util.FiltersBuilder@0,imageNameFilter=<null>,showAll=false]
20:39:39.995 [Test worker] DEBUG com.github.dockerjava.zerodep.shaded.org.apache.hc.client5.http.impl.classic.InternalHttpClient - ex-00000003: preparing request execution
20:39:39.996 [Test worker] DEBUG com.github.dockerjava.zerodep.shaded.org.apache.hc.client5.http.protocol.RequestAddCookies - Cookie spec selected: strict
20:39:39.996 [Test worker] DEBUG com.github.dockerjava.zerodep.shaded.org.apache.hc.client5.http.protocol.RequestAuthCache - Auth cache not set in the context
20:39:39.996 [Test worker] DEBUG com.github.dockerjava.zerodep.shaded.org.apache.hc.client5.http.impl.classic.ProtocolExec - ex-00000003: target auth state: UNCHALLENGED
20:39:39.996 [Test worker] DEBUG com.github.dockerjava.zerodep.shaded.org.apache.hc.client5.http.impl.classic.ProtocolExec - ex-00000003: proxy auth state: UNCHALLENGED
20:39:39.996 [Test worker] DEBUG com.github.dockerjava.zerodep.shaded.org.apache.hc.client5.http.impl.classic.ConnectExec - ex-00000003: acquiring connection with route {}->npipe://localhost:2375
20:39:39.996 [Test worker] DEBUG com.github.dockerjava.zerodep.shaded.org.apache.hc.client5.http.impl.classic.InternalHttpClient - ex-00000003: acquiring endpoint (3 MINUTES)
20:39:39.996 [Test worker] DEBUG com.github.dockerjava.zerodep.shaded.org.apache.hc.client5.http.impl.io.PoolingHttpClientConnectionManager - ex-00000003: endpoint lease request (3 MINUTES) [route: {}->npipe://localhost:2375][total available: 1; route allocated: 1 of 2147483647; total allocated: 1 of 2147483647]
20:39:39.996 [Test worker] DEBUG com.github.dockerjava.zerodep.shaded.org.apache.hc.client5.http.impl.io.PoolingHttpClientConnectionManager - ex-00000003: endpoint leased [route: {}->npipe://localhost:2375][total available: 0; route allocated: 1 of 2147483647; total allocated: 1 of 2147483647]
20:39:39.996 [Test worker] DEBUG com.github.dockerjava.zerodep.shaded.org.apache.hc.client5.http.impl.io.PoolingHttpClientConnectionManager - ex-00000003: acquired ep-00000002
20:39:39.996 [Test worker] DEBUG com.github.dockerjava.zerodep.shaded.org.apache.hc.client5.http.impl.classic.InternalHttpClient - ex-00000003: acquired endpoint ep-00000002
20:39:39.996 [Test worker] DEBUG com.github.dockerjava.zerodep.shaded.org.apache.hc.client5.http.impl.classic.MainClientExec - ex-00000003: executing GET /v1.32/images/json HTTP/1.1
20:39:39.996 [Test worker] DEBUG com.github.dockerjava.zerodep.shaded.org.apache.hc.client5.http.impl.classic.InternalHttpClient - ep-00000002: start execution ex-00000003
20:39:39.996 [Test worker] DEBUG com.github.dockerjava.zerodep.shaded.org.apache.hc.client5.http.impl.io.PoolingHttpClientConnectionManager - ep-00000002: executing exchange ex-00000003 over http-outgoing-0
20:39:39.997 [Test worker] DEBUG com.github.dockerjava.zerodep.shaded.org.apache.hc.client5.http.headers - http-outgoing-0 >> GET /v1.32/images/json HTTP/1.1
20:39:39.997 [Test worker] DEBUG com.github.dockerjava.zerodep.shaded.org.apache.hc.client5.http.headers - http-outgoing-0 >> accept: application/json
20:39:39.997 [Test worker] DEBUG com.github.dockerjava.zerodep.shaded.org.apache.hc.client5.http.headers - http-outgoing-0 >> x-tc-sid: 8d452d0b-c6cc-4a9d-9ce2-a121161a579e
20:39:39.997 [Test worker] DEBUG com.github.dockerjava.zerodep.shaded.org.apache.hc.client5.http.headers - http-outgoing-0 >> Accept-Encoding: gzip, x-gzip, deflate
20:39:39.997 [Test worker] DEBUG com.github.dockerjava.zerodep.shaded.org.apache.hc.client5.http.headers - http-outgoing-0 >> Host: localhost:2375
20:39:39.997 [Test worker] DEBUG com.github.dockerjava.zerodep.shaded.org.apache.hc.client5.http.headers - http-outgoing-0 >> Connection: keep-alive
20:39:39.997 [Test worker] DEBUG com.github.dockerjava.zerodep.shaded.org.apache.hc.client5.http.headers - http-outgoing-0 >> User-Agent: Apache-HttpClient/5.0.3 (Java/17.0.4)
20:39:39.997 [Test worker] DEBUG com.github.dockerjava.zerodep.shaded.org.apache.hc.client5.http.wire - http-outgoing-0 >> "GET /v1.32/images/json HTTP/1.1[\r][\n]"
20:39:39.997 [Test worker] DEBUG com.github.dockerjava.zerodep.shaded.org.apache.hc.client5.http.wire - http-outgoing-0 >> "accept: application/json[\r][\n]"
20:39:39.997 [Test worker] DEBUG com.github.dockerjava.zerodep.shaded.org.apache.hc.client5.http.wire - http-outgoing-0 >> "x-tc-sid: 8d452d0b-c6cc-4a9d-9ce2-a121161a579e[\r][\n]"
20:39:39.997 [Test worker] DEBUG com.github.dockerjava.zerodep.shaded.org.apache.hc.client5.http.wire - http-outgoing-0 >> "Accept-Encoding: gzip, x-gzip, deflate[\r][\n]"
20:39:39.997 [Test worker] DEBUG com.github.dockerjava.zerodep.shaded.org.apache.hc.client5.http.wire - http-outgoing-0 >> "Host: localhost:2375[\r][\n]"
20:39:39.997 [Test worker] DEBUG com.github.dockerjava.zerodep.shaded.org.apache.hc.client5.http.wire - http-outgoing-0 >> "Connection: keep-alive[\r][\n]"
20:39:39.997 [Test worker] DEBUG com.github.dockerjava.zerodep.shaded.org.apache.hc.client5.http.wire - http-outgoing-0 >> "User-Agent: Apache-HttpClient/5.0.3 (Java/17.0.4)[\r][\n]"
20:39:39.997 [Test worker] DEBUG com.github.dockerjava.zerodep.shaded.org.apache.hc.client5.http.wire - http-outgoing-0 >> "[\r][\n]"
20:39:40.010 [Test worker] DEBUG com.github.dockerjava.zerodep.shaded.org.apache.hc.client5.http.wire - http-outgoing-0 << "HTTP/1.1 200 OK[\r][\n]"
20:39:40.011 [Test worker] DEBUG com.github.dockerjava.zerodep.shaded.org.apache.hc.client5.http.wire - http-outgoing-0 << "Api-Version: 1.41[\r][\n]"
20:39:40.011 [Test worker] DEBUG com.github.dockerjava.zerodep.shaded.org.apache.hc.client5.http.wire - http-outgoing-0 << "Content-Type: application/json[\r][\n]"
20:39:40.011 [Test worker] DEBUG com.github.dockerjava.zerodep.shaded.org.apache.hc.client5.http.wire - http-outgoing-0 << "Date: Sat, 05 Nov 2022 18:39:40 GMT[\r][\n]"
20:39:40.011 [Test worker] DEBUG com.github.dockerjava.zerodep.shaded.org.apache.hc.client5.http.wire - http-outgoing-0 << "Docker-Experimental: false[\r][\n]"
20:39:40.011 [Test worker] DEBUG com.github.dockerjava.zerodep.shaded.org.apache.hc.client5.http.wire - http-outgoing-0 << "Ostype: linux[\r][\n]"
20:39:40.011 [Test worker] DEBUG com.github.dockerjava.zerodep.shaded.org.apache.hc.client5.http.wire - http-outgoing-0 << "Server: Docker/20.10.17 (linux)[\r][\n]"
20:39:40.011 [Test worker] DEBUG com.github.dockerjava.zerodep.shaded.org.apache.hc.client5.http.wire - http-outgoing-0 << "Transfer-Encoding: chunked[\r][\n]"
20:39:40.011 [Test worker] DEBUG com.github.dockerjava.zerodep.shaded.org.apache.hc.client5.http.wire - http-outgoing-0 << "[\r][\n]"
20:39:40.012 [Test worker] DEBUG com.github.dockerjava.zerodep.shaded.org.apache.hc.client5.http.headers - http-outgoing-0 << HTTP/1.1 200 OK
20:39:40.012 [Test worker] DEBUG com.github.dockerjava.zerodep.shaded.org.apache.hc.client5.http.headers - http-outgoing-0 << Api-Version: 1.41
20:39:40.012 [Test worker] DEBUG com.github.dockerjava.zerodep.shaded.org.apache.hc.client5.http.headers - http-outgoing-0 << Content-Type: application/json
20:39:40.012 [Test worker] DEBUG com.github.dockerjava.zerodep.shaded.org.apache.hc.client5.http.headers - http-outgoing-0 << Date: Sat, 05 Nov 2022 18:39:40 GMT
20:39:40.012 [Test worker] DEBUG com.github.dockerjava.zerodep.shaded.org.apache.hc.client5.http.headers - http-outgoing-0 << Docker-Experimental: false
20:39:40.012 [Test worker] DEBUG com.github.dockerjava.zerodep.shaded.org.apache.hc.client5.http.headers - http-outgoing-0 << Ostype: linux
20:39:40.012 [Test worker] DEBUG com.github.dockerjava.zerodep.shaded.org.apache.hc.client5.http.headers - http-outgoing-0 << Server: Docker/20.10.17 (linux)
20:39:40.012 [Test worker] DEBUG com.github.dockerjava.zerodep.shaded.org.apache.hc.client5.http.headers - http-outgoing-0 << Transfer-Encoding: chunked
20:39:40.012 [Test worker] DEBUG com.github.dockerjava.zerodep.shaded.org.apache.hc.client5.http.impl.classic.MainClientExec - ex-00000003: connection can be kept alive for 3 MINUTES
20:39:40.013 [Test worker] DEBUG com.github.dockerjava.zerodep.shaded.org.apache.hc.client5.http.wire - http-outgoing-0 << "1e54[\r][\n]"
20:39:40.013 [Test worker] DEBUG com.github.dockerjava.zerodep.shaded.org.apache.hc.client5.http.wire - http-outgoing-0 << "[{"Containers":-1,"Created":1667603341,"Id":"sha256:49fd0c326b51ef5730f05a60b0c3387d274d4242f1b645cc5d6e8fc680069931","Labels":null,"ParentId":"","RepoDigests":null,"RepoTags":["prooviylesanne_backend:latest"],"SharedSize":-1,"Size":348091081,"VirtualSize":348091081},{"Containers":-1,"Created":1667601941,"Id":"sha256:59da8c7053d047c288f4987b17e7ded343b7bbcdd9a392a4a91f3034fa728061","Labels":{"maintainer":"NGINX Docker Maintainers <docker-maint@nginx.com>"},"ParentId":"","RepoDigests":null,"RepoTags":["prooviylesanne_frontend:latest"],"SharedSize":-1,"Size":24577626,"VirtualSize":24577626},{"Containers":-1,"Created":1666704294,"Id":"sha256:cefd1c9e490c8b581d834d878081cf64c133df1f9f443c5e5f8d94fbd7c7a1d4","Labels":null,"ParentId":"","RepoDigests":["postgres@sha256:135c62a8134dcef829a1e4f5568bfae44bcfa2c75659ff948f43c71964366aa4"],"RepoTags":["postgres:14"],"SharedSize":-1,"Size":376366824,"VirtualSize":376366824},{"Containers":-1,"Created":1666704257,"Id":"sha256:027eba2e89396946fd63dd69c919844b248c8b591c07545321de3006503cc974","Labels":null,"ParentId":"","RepoDigests":["postgres@sha256:588fa8fe0462074ed231a9419f6363fcd65fd62a3eeb4040f5d22233af671f91"],"RepoTags":["postgres:latest"],"SharedSize":-1,"Size":377373840,"VirtualSize":377373840},{"Containers":-1,"Created":1666003343,"Id":"sha256:173beb2d4f1384e886c24912ef6992bd50add47687438a2f2709ada7784361ca","Labels":null,"ParentId":"","RepoDigests":["dpage/pgadmin4@sha256:a220fea89298275e088be066b0bb6726c363ebb583343c89cd8a8d547b9728cf"],"RepoTags":["dpage/pgadmin4:latest"],"SharedSize":-1,"Size":370488293,"VirtualSize":370488293},{"Containers":-1,"Created":1665782901,"Id":"sha256:cc994726847f9000a5bb5c7896887ecf1d77b524239f00cd3e19675e0cba2b6f","Labels":null,"ParentId":"","RepoDigests":["postgres@sha256:09d57b502063c77d8896683ff5126187025d7b2e2b4378a896b90dced36bc083"],"RepoTags":["postgres:15.0-alpine"],"SharedSize":-1,"Size":217851407,"VirtualSize":217851407},{"Containers":-1,"Created":1661799947,"Id":"sha256:31aec06b8fd0c0e85b2be11acfd608e4b1cd77b5686daf353163bece01e68927","Labels":{"maintainer":"NGINX Docker Maintainers <docker-maint@nginx.com>"},"ParentId":"","RepoDigests":null,"RepoTags":["tv_package_orders_frontend:latest"],"SharedSize":-1,"Size":24359230,"VirtualSize":24359230},{"Containers":-1,"Created":1661712916,"Id":"sha256:2bb285608e781e465ec0ae9ed576fdb918ee3709e1748523cbb0453fc57da900","Labels":null,"ParentId":"sha256:7858b60dd714a3da70b0281d39c194ff56ab28df846c87dc87df7ed02ede88ef","RepoDigests":["<none>@<none>"],"RepoTags":["<none>:<none>"],"SharedSize":-1,"Size":373337784,"VirtualSize":373337784},{"Containers":-1,"Created":1661712888,"Id":"sha256:d6963baafff0397dcf8c3d764700cb47ac404cfeeb57b71b31385d6ed36be7bb","Labels":null,"ParentId":"sha256:6d1d76b8d9ac179dbc4978cf60d6d8e61729017d57a99ce55ec40fab9d01624e","RepoDigests":["<none>@<none>"],"RepoTags":["<none>:<none>"],"SharedSize":-1,"Size":778438385,"VirtualSize":778438385},{"Containers":-1,"Created":1661702967,"Id":"sha256:dbf7b41603544b6edabc4f1f4419884dcf726e707c8142f2c3141ede6b924f56","Labels":{"maintainer":"NGINX Docker Maintainers <docker-maint@nginx.com>"},"ParentId":"sha256:69df1072aff75ba5f58c19b3fb3d35b34138a8fa7100003373ad0207a9b6dcc4","RepoDigests":["<none>@<none>"],"RepoTags":["<none>:<none>"],"SharedSize":-1,"Size":24348904,"VirtualSize":24348904},{"Containers":-1,"Created":1661702963,"Id":"sha256:dc07d7d768d7cf86f4b2ff8264e91887361995404fba76ff3c7ba3449beb30f4","Labels":null,"ParentId":"sha256:4ef90ae888fcb52b6b56e73180ac9cce7ad298328e3535310782d6ecfcd9dc86","RepoDigests":["<none>@<none>"],"RepoTags":["<none>:<none>"],"SharedSize":-1,"Size":1230413431,"VirtualSize":1230413431},{"Containers":-1,"Created":1661701327,"Id":"sha256:f08fbe92399e1fd0037437a2c8137989edbb5d643bad886145685348c2b22298","Labels":null,"ParentId":"sha256:13b1ad2d6e46d70f2657ad279971e6b3c0dcd8366c29c83c16e276dbb11dc739","RepoDigests":["<none>@<none>"],"RepoTags":["<none>:<none>"],"SharedSize":-1,"Size":1229380758,"VirtualSize":1229380758},{"Containers":-1,"Created":1661701186,"Id":"sha256:43f2701bf96e4ca970333f16d4ca18283289b7159e79db35778ec6fa8432beee","Labels":null,"ParentId":"sha256:13b1ad2d6e46d70f2657ad279971e6b3c0dcd8366c29c83c16e276dbb11dc739","RepoDigests":["<none>@<none>"],"RepoTags":["<none>:<none>"],"SharedSize":-1,"Size":1229380756,"VirtualSize":1229380756},{"Containers":-1,"Created":1661700884,"Id":"sha256:a9d91220f181cf3db61d61edaaf42cc0c94e3176353f5a8257d858d2d0b85882","Labels":null,"ParentId":"sha256:c50d382da2ef757c6a51ded44b78198bb871128c4c92c46b9bd4eceb623c179e","RepoDigests":["<none>@<none>"],"RepoTags":["<none>:<none>"],"SharedSize":-1,"Size":1230144046,"VirtualSize":1230144046},{"Containers":-1,"Created":1661700823,"Id":"sha256:5223f8203427096b66ca1cb4c23e1f8bf64482a3375e02152e3f8ef46dec61d2","Labels":null,"ParentId":"sha256:c50d382da2ef757c6a51ded44b78198bb871128c4c92c46b9bd4eceb623c179e","RepoDigests":["<none>@<none>"],"RepoTags":["<none>:<none>"],"SharedSize":-1,"Size":1230144052,"VirtualSize":1230144052},{"Containers":-1,"Created":1661227614,"Id":"sha256:c8af85aa302708c56365de9a85ab2733bfb24f3085e1f007327dd81931a1ccab","Labels":null,"ParentId":"","RepoDigests":["node@sha256:0c672d547405fe64808ea28b49c5772b1026f81b3b716ff44c10c96abf177d6a"],"RepoTags":["node:16"],"SharedSize":-1,"Size":910404941,"VirtualSize":910404941},{"Containers":-1,"Created":1660249794,"Id":"sha256:e2ea8262753dcecb467b1eef223f1af7afed282ffa3d1896bd5c2f9df0c1531e","Labels":null,"ParentId":"","RepoDigests":["gradle@sha256:c1701e7ce659aa04ce0795a816808676b85ff3c27c9672f7c85a23eb4700a6c7"],"RepoTags":["gradle:jdk18-alpine"],"SharedSize":-1,"Size":590641722,"VirtualSize":590641722},{"Containers":-1,"Created":1660078734,"Id":"sha256:804f9cebfdc58964d6b25527e53802a3527a9ee880e082dc5b19a3d5466c43b7","Labels":{"maintainer":"NGINX Docker Maintainers <docker-maint@nginx.com>"},"ParentId":"","RepoDigests":["nginx@sha256:082f8c10bd47b6acc8ef15ae61ae45dd8fde0e9f389a8b5cb23c37408642bf5d"],"RepoTags":["nginx:1.23.1-alpine"],"SharedSize":-1,"Size":23542832,"VirtualSize":23542832},{"Containers":-1,"Created":1659017178,"Id":"sha256:7ac27de2f0c441174e7e12a105f876493b902ffd7bbb2a3646aa929c08cc3806","Labels":null,"ParentId":"","RepoDigests":["testcontainers/ryuk@sha256:0c8faa0a3ad1e154f9d8d5d78627b40d7359ff3f7d3f98556aa32157ad8fd924"],"RepoTags":["testcontainers/ryuk:0.3.4"],"SharedSize":-1,"Size":11975796,"VirtualSize":11975796},{"Containers":-1,"Created":1638247546,"Id":"sha256:c89120dcca4c5ab220bfdddcb091409c3e5da223870f9f75b7e9276d690b0710","Labels":null,"ParentId":"","RepoDigests":["openjdk@sha256:e5c5b35b831a4f655074a25604130ce53e33567b82c8a7204f0e5641b66d477e"],"RepoTags":["openjdk:18-alpine"],"SharedSize":-1,"Size":328722949,"VirtualSize":328722949},{"Containers":-1,"Created":1635290694,"Id":"sha256:87440f4e7f9e60607dc11a4f0590a1c69b3a1c075211df478e22b0c27fb263e6","Labels":null,"ParentId":"","RepoDigests":["postgres@sha256:1cf551de75fd602ebc94ccda93305a4e411f941bf9465f59d850bdcfd474ca52"],"RepoTags":["postgres:14.0-alpine"],"SharedSize":-1,"Size":195388955,"VirtualSize":195388955},{"Containers":-1,"Created":1635290686,"Id":"sha256:317a302c7480940058992f178529b793ab83da4f548d5c3a179ce024ca034e92","Labels":null,"ParentId":"","RepoDigests":["postgres@sha256:db927beee892dd02fbe963559f29a7867708747934812a80f83bff406a0d54fd"],"RepoTags":["postgres:14.0"],"SharedSize":-1,"Size":374088997,"VirtualSize":374088997},{"Containers":-1,"Created":1539906232,"Id":"sha256:47510d0ec468f7b46d7c07c268871052b86d82fcc77277dc2bfe144c4e7a168d","Labels":null,"ParentId":"","RepoDigests":["postgres@sha256:c490fe09d5cb1d1cffc8c70bbc5ff0f4837b3f97e4f357d3bea88b9be642fd20"],"RepoTags":["postgres:11.0-alpine"],"SharedSize":-1,"Size":71647400,"VirtualSize":71647400}][\n]"
20:39:40.013 [Test worker] DEBUG com.github.dockerjava.zerodep.shaded.org.apache.hc.client5.http.wire - http-outgoing-0 << "[\r][\n]"
20:39:40.013 [Test worker] DEBUG com.github.dockerjava.zerodep.shaded.org.apache.hc.client5.http.wire - http-outgoing-0 << "0[\r][\n]"
20:39:40.013 [Test worker] DEBUG com.github.dockerjava.zerodep.shaded.org.apache.hc.client5.http.wire - http-outgoing-0 << "[\r][\n]"
20:39:40.020 [Test worker] DEBUG com.github.dockerjava.zerodep.shaded.org.apache.hc.client5.http.impl.classic.InternalHttpClient - ep-00000002: releasing valid endpoint
20:39:40.021 [Test worker] DEBUG com.github.dockerjava.zerodep.shaded.org.apache.hc.client5.http.impl.io.PoolingHttpClientConnectionManager - ep-00000002: releasing endpoint
20:39:40.021 [Test worker] DEBUG com.github.dockerjava.zerodep.shaded.org.apache.hc.client5.http.impl.io.PoolingHttpClientConnectionManager - ep-00000002: connection http-outgoing-0 can be kept alive for 3 MINUTES
20:39:40.021 [Test worker] DEBUG com.github.dockerjava.zerodep.shaded.org.apache.hc.client5.http.impl.io.PoolingHttpClientConnectionManager - ep-00000002: connection released [route: {}->npipe://localhost:2375][total available: 1; route allocated: 1 of 2147483647; total allocated: 1 of 2147483647]
20:39:40.024 [Test worker] DEBUG org.testcontainers.images.AbstractImagePullPolicy - Using locally available and not pulling image: testcontainers/ryuk:0.3.4
20:39:40.024 [Test worker] DEBUG docker[testcontainers/ryuk:0.3.4] - Starting container: testcontainers/ryuk:0.3.4
20:39:40.026 [Test worker] DEBUG docker[testcontainers/ryuk:0.3.4] - Trying to start container: testcontainers/ryuk:0.3.4 (attempt 1/1)
20:39:40.026 [Test worker] DEBUG docker[testcontainers/ryuk:0.3.4] - Starting container: testcontainers/ryuk:0.3.4
20:39:40.026 [Test worker] INFO docker[testcontainers/ryuk:0.3.4] - Creating container for image: testcontainers/ryuk:0.3.4
20:39:40.037 [Test worker] DEBUG org.testcontainers.utility.RegistryAuthLocator - Looking up auth config for image: testcontainers/ryuk:0.3.4 at registry: https://index.docker.io/v1/
20:39:40.038 [Test worker] DEBUG org.testcontainers.utility.RegistryAuthLocator - RegistryAuthLocator has configFile: C:\Users\eriky\.docker\config.json (exists) and commandPathPrefix: 
20:39:40.038 [Test worker] DEBUG org.testcontainers.utility.RegistryAuthLocator - registryName [https://index.docker.io/v1/] for dockerImageName [testcontainers/ryuk:0.3.4]
20:39:40.038 [Test worker] DEBUG org.testcontainers.utility.RegistryAuthLocator - Executing docker credential provider: docker-credential-desktop to locate auth config for: https://index.docker.io/v1/
20:39:40.048 [Test worker] DEBUG org.testcontainers.shaded.org.zeroturnaround.exec.ProcessExecutor - Executing [cmd, /c, docker-credential-desktop, get].
20:39:40.057 [Test worker] DEBUG org.testcontainers.shaded.org.zeroturnaround.exec.ProcessExecutor - Started Process[pid=43348, exitValue="not exited"]
20:39:40.247 [WaitForProcess-Process[pid=43348, exitValue="not exited"]] DEBUG org.testcontainers.shaded.org.zeroturnaround.exec.WaitForProcess - Process[pid=43348, exitValue=1] stopped with exit code 1
20:39:40.248 [Test worker] DEBUG org.testcontainers.shaded.org.zeroturnaround.exec.ProcessExecutor - Executing [cmd, /c, docker-credential-desktop, get].
20:39:40.252 [Test worker] DEBUG org.testcontainers.shaded.org.zeroturnaround.exec.ProcessExecutor - Started Process[pid=44248, exitValue="not exited"]
20:39:40.353 [WaitForProcess-Process[pid=44248, exitValue="not exited"]] DEBUG org.testcontainers.shaded.org.zeroturnaround.exec.WaitForProcess - Process[pid=44248, exitValue=1] stopped with exit code 1
20:39:40.354 [Test worker] DEBUG org.testcontainers.utility.RegistryAuthLocator - Got credentials not found error message from docker credential helper - credentials not found in native keychain
20:39:40.354 [Test worker] INFO org.testcontainers.utility.RegistryAuthLocator - Credential helper/store (docker-credential-desktop) does not have credentials for https://index.docker.io/v1/
20:39:40.355 [Test worker] DEBUG org.testcontainers.utility.RegistryAuthLocator - No matching Auth Configs - falling back to defaultAuthConfig [null]
20:39:40.355 [Test worker] DEBUG org.testcontainers.dockerclient.AuthDelegatingDockerClientConfig - Effective auth config [null]
20:39:40.367 [Test worker] DEBUG org.testcontainers.shaded.com.github.dockerjava.core.command.AbstrDockerCmd - Cmd: org.testcontainers.shaded.com.github.dockerjava.core.command.CreateContainerCmdImpl@2d195ee4[aliases=<null>,argsEscaped=<null>,attachStderr=<null>,attachStdin=<null>,attachStdout=<null>,authConfig=<null>,cmd={},domainName=<null>,entrypoint=<null>,env={},exposedPorts=ExposedPorts(exposedPorts=[8080/tcp]),healthcheck=<null>,hostConfig=HostConfig(binds=[//var/run/docker.sock:/var/run/docker.sock:rw], blkioWeight=null, blkioWeightDevice=null, blkioDeviceReadBps=null, blkioDeviceWriteBps=null, blkioDeviceReadIOps=null, blkioDeviceWriteIOps=null, memorySwappiness=null, nanoCPUs=null, capAdd=null, capDrop=null, containerIDFile=null, cpuPeriod=null, cpuRealtimePeriod=null, cpuRealtimeRuntime=null, cpuShares=null, cpuQuota=null, cpusetCpus=null, cpusetMems=null, devices=null, deviceCgroupRules=null, deviceRequests=null, diskQuota=null, dns=null, dnsOptions=null, dnsSearch=null, extraHosts=[], groupAdd=null, ipcMode=null, cgroup=null, links=[], logConfig=LogConfig(type=null, config=null), lxcConf=null, memory=null, memorySwap=null, memoryReservation=null, kernelMemory=null, networkMode=null, oomKillDisable=null, init=null, autoRemove=true, oomScoreAdj=null, portBindings={8080/tcp=[Lcom.github.dockerjava.api.model.Ports$Binding;@6a969fb8}, privileged=false, publishAllPorts=null, readonlyRootfs=null, restartPolicy=null, ulimits=null, cpuCount=null, cpuPercent=null, ioMaximumIOps=null, ioMaximumBandwidth=null, volumesFrom=[], mounts=null, pidMode=null, isolation=null, securityOpts=null, storageOpt=null, cgroupParent=null, volumeDriver=null, shmSize=null, pidsLimit=null, runtime=null, tmpFs=null, utSMode=null, usernsMode=null, sysctls=null, consoleSize=null, cgroupnsMode=null),hostName=<null>,image=testcontainers/ryuk:0.3.4,ipv4Address=<null>,ipv6Address=<null>,labels={org.testcontainers=true},macAddress=<null>,name=testcontainers-ryuk-8d452d0b-c6cc-4a9d-9ce2-a121161a579e,networkDisabled=<null>,networkingConfig=<null>,onBuild=<null>,platform=<null>,portSpecs=<null>,shell=<null>,stdInOnce=<null>,stdinOpen=<null>,stopSignal=<null>,stopTimeout=<null>,tty=<null>,user=<null>,volumes=Volumes(volumes=[]),workingDir=<null>]
20:39:40.446 [Test worker] DEBUG com.github.dockerjava.zerodep.shaded.org.apache.hc.client5.http.impl.classic.InternalHttpClient - ex-00000004: preparing request execution
20:39:40.446 [Test worker] DEBUG com.github.dockerjava.zerodep.shaded.org.apache.hc.client5.http.protocol.RequestAddCookies - Cookie spec selected: strict
20:39:40.446 [Test worker] DEBUG com.github.dockerjava.zerodep.shaded.org.apache.hc.client5.http.protocol.RequestAuthCache - Auth cache not set in the context
20:39:40.446 [Test worker] DEBUG com.github.dockerjava.zerodep.shaded.org.apache.hc.client5.http.impl.classic.ProtocolExec - ex-00000004: target auth state: UNCHALLENGED
20:39:40.446 [Test worker] DEBUG com.github.dockerjava.zerodep.shaded.org.apache.hc.client5.http.impl.classic.ProtocolExec - ex-00000004: proxy auth state: UNCHALLENGED
20:39:40.446 [Test worker] DEBUG com.github.dockerjava.zerodep.shaded.org.apache.hc.client5.http.impl.classic.ConnectExec - ex-00000004: acquiring connection with route {}->npipe://localhost:2375
20:39:40.447 [Test worker] DEBUG com.github.dockerjava.zerodep.shaded.org.apache.hc.client5.http.impl.classic.InternalHttpClient - ex-00000004: acquiring endpoint (3 MINUTES)
20:39:40.447 [Test worker] DEBUG com.github.dockerjava.zerodep.shaded.org.apache.hc.client5.http.impl.io.PoolingHttpClientConnectionManager - ex-00000004: endpoint lease request (3 MINUTES) [route: {}->npipe://localhost:2375][total available: 1; route allocated: 1 of 2147483647; total allocated: 1 of 2147483647]
20:39:40.447 [Test worker] DEBUG com.github.dockerjava.zerodep.shaded.org.apache.hc.client5.http.impl.io.PoolingHttpClientConnectionManager - ex-00000004: endpoint leased [route: {}->npipe://localhost:2375][total available: 0; route allocated: 1 of 2147483647; total allocated: 1 of 2147483647]
20:39:40.447 [Test worker] DEBUG com.github.dockerjava.zerodep.shaded.org.apache.hc.client5.http.impl.io.PoolingHttpClientConnectionManager - ex-00000004: acquired ep-00000003
20:39:40.447 [Test worker] DEBUG com.github.dockerjava.zerodep.shaded.org.apache.hc.client5.http.impl.classic.InternalHttpClient - ex-00000004: acquired endpoint ep-00000003
20:39:40.447 [Test worker] DEBUG com.github.dockerjava.zerodep.shaded.org.apache.hc.client5.http.impl.classic.MainClientExec - ex-00000004: executing POST /v1.32/containers/create?name=testcontainers-ryuk-8d452d0b-c6cc-4a9d-9ce2-a121161a579e HTTP/1.1
20:39:40.447 [Test worker] DEBUG com.github.dockerjava.zerodep.shaded.org.apache.hc.client5.http.impl.classic.InternalHttpClient - ep-00000003: start execution ex-00000004
20:39:40.447 [Test worker] DEBUG com.github.dockerjava.zerodep.shaded.org.apache.hc.client5.http.impl.io.PoolingHttpClientConnectionManager - ep-00000003: executing exchange ex-00000004 over http-outgoing-0
20:39:40.447 [Test worker] DEBUG com.github.dockerjava.zerodep.shaded.org.apache.hc.client5.http.headers - http-outgoing-0 >> POST /v1.32/containers/create?name=testcontainers-ryuk-8d452d0b-c6cc-4a9d-9ce2-a121161a579e HTTP/1.1
20:39:40.447 [Test worker] DEBUG com.github.dockerjava.zerodep.shaded.org.apache.hc.client5.http.headers - http-outgoing-0 >> accept: application/json
20:39:40.447 [Test worker] DEBUG com.github.dockerjava.zerodep.shaded.org.apache.hc.client5.http.headers - http-outgoing-0 >> content-type: application/json
20:39:40.447 [Test worker] DEBUG com.github.dockerjava.zerodep.shaded.org.apache.hc.client5.http.headers - http-outgoing-0 >> x-tc-sid: 8d452d0b-c6cc-4a9d-9ce2-a121161a579e
20:39:40.447 [Test worker] DEBUG com.github.dockerjava.zerodep.shaded.org.apache.hc.client5.http.headers - http-outgoing-0 >> Accept-Encoding: gzip, x-gzip, deflate
20:39:40.447 [Test worker] DEBUG com.github.dockerjava.zerodep.shaded.org.apache.hc.client5.http.headers - http-outgoing-0 >> Content-Length: 1885
20:39:40.447 [Test worker] DEBUG com.github.dockerjava.zerodep.shaded.org.apache.hc.client5.http.headers - http-outgoing-0 >> Host: localhost:2375
20:39:40.447 [Test worker] DEBUG com.github.dockerjava.zerodep.shaded.org.apache.hc.client5.http.headers - http-outgoing-0 >> Connection: keep-alive
20:39:40.447 [Test worker] DEBUG com.github.dockerjava.zerodep.shaded.org.apache.hc.client5.http.headers - http-outgoing-0 >> User-Agent: Apache-HttpClient/5.0.3 (Java/17.0.4)
20:39:40.448 [Test worker] DEBUG com.github.dockerjava.zerodep.shaded.org.apache.hc.client5.http.wire - http-outgoing-0 >> "POST /v1.32/containers/create?name=testcontainers-ryuk-8d452d0b-c6cc-4a9d-9ce2-a121161a579e HTTP/1.1[\r][\n]"
20:39:40.448 [Test worker] DEBUG com.github.dockerjava.zerodep.shaded.org.apache.hc.client5.http.wire - http-outgoing-0 >> "accept: application/json[\r][\n]"
20:39:40.448 [Test worker] DEBUG com.github.dockerjava.zerodep.shaded.org.apache.hc.client5.http.wire - http-outgoing-0 >> "content-type: application/json[\r][\n]"
20:39:40.448 [Test worker] DEBUG com.github.dockerjava.zerodep.shaded.org.apache.hc.client5.http.wire - http-outgoing-0 >> "x-tc-sid: 8d452d0b-c6cc-4a9d-9ce2-a121161a579e[\r][\n]"
20:39:40.448 [Test worker] DEBUG com.github.dockerjava.zerodep.shaded.org.apache.hc.client5.http.wire - http-outgoing-0 >> "Accept-Encoding: gzip, x-gzip, deflate[\r][\n]"
20:39:40.448 [Test worker] DEBUG com.github.dockerjava.zerodep.shaded.org.apache.hc.client5.http.wire - http-outgoing-0 >> "Content-Length: 1885[\r][\n]"
20:39:40.448 [Test worker] DEBUG com.github.dockerjava.zerodep.shaded.org.apache.hc.client5.http.wire - http-outgoing-0 >> "Host: localhost:2375[\r][\n]"
20:39:40.448 [Test worker] DEBUG com.github.dockerjava.zerodep.shaded.org.apache.hc.client5.http.wire - http-outgoing-0 >> "Connection: keep-alive[\r][\n]"
20:39:40.448 [Test worker] DEBUG com.github.dockerjava.zerodep.shaded.org.apache.hc.client5.http.wire - http-outgoing-0 >> "User-Agent: Apache-HttpClient/5.0.3 (Java/17.0.4)[\r][\n]"
20:39:40.448 [Test worker] DEBUG com.github.dockerjava.zerodep.shaded.org.apache.hc.client5.http.wire - http-outgoing-0 >> "[\r][\n]"
20:39:40.448 [Test worker] DEBUG com.github.dockerjava.zerodep.shaded.org.apache.hc.client5.http.wire - http-outgoing-0 >> "{"Hostname":null,"Domainname":null,"User":null,"AttachStdin":null,"AttachStdout":null,"AttachStderr":null,"PortSpecs":null,"Tty":null,"OpenStdin":null,"StdinOnce":null,"Env":[],"Cmd":[],"Healthcheck":null,"ArgsEscaped":null,"Entrypoint":null,"Image":"testcontainers/ryuk:0.3.4","Volumes":{},"WorkingDir":null,"MacAddress":null,"OnBuild":null,"NetworkDisabled":null,"ExposedPorts":{"8080/tcp":{}},"StopSignal":null,"StopTimeout":null,"HostConfig":{"Binds":["//var/run/docker.sock:/var/run/docker.sock:rw"],"BlkioWeight":null,"BlkioWeightDevice":null,"BlkioDeviceReadBps":null,"BlkioDeviceWriteBps":null,"BlkioDeviceReadIOps":null,"BlkioDeviceWriteIOps":null,"MemorySwappiness":null,"NanoCpus":null,"CapAdd":null,"CapDrop":null,"ContainerIDFile":null,"CpuPeriod":null,"CpuRealtimePeriod":null,"CpuRealtimeRuntime":null,"CpuShares":null,"CpuQuota":null,"CpusetCpus":null,"CpusetMems":null,"Devices":null,"DeviceCgroupRules":null,"DeviceRequests":null,"DiskQuota":null,"Dns":null,"DnsOptions":null,"DnsSearch":null,"ExtraHosts":[],"GroupAdd":null,"IpcMode":null,"Cgroup":null,"Links":[],"LogConfig":null,"LxcConf":null,"Memory":null,"MemorySwap":null,"MemoryReservation":null,"KernelMemory":null,"NetworkMode":null,"OomKillDisable":null,"Init":null,"AutoRemove":true,"OomScoreAdj":null,"PortBindings":{"8080/tcp":[{"HostIp":"","HostPort":""}]},"Privileged":false,"PublishAllPorts":null,"ReadonlyRootfs":null,"RestartPolicy":null,"Ulimits":null,"CpuCount":null,"CpuPercent":null,"IOMaximumIOps":null,"IOMaximumBandwidth":null,"VolumesFrom":[],"Mounts":null,"PidMode":null,"Isolation":null,"SecurityOpt":null,"StorageOpt":null,"CgroupParent":null,"VolumeDriver":null,"ShmSize":null,"PidsLimit":null,"Runtime":null,"Tmpfs":null,"UTSMode":null,"UsernsMode":null,"Sysctls":null,"ConsoleSize":null,"CgroupnsMode":null},"Labels":{"org.testcontainers":"true"},"Shell":null,"NetworkingConfig":null}"
20:39:40.506 [Test worker] DEBUG com.github.dockerjava.zerodep.shaded.org.apache.hc.client5.http.wire - http-outgoing-0 << "HTTP/1.1 201 Created[\r][\n]"
20:39:40.507 [Test worker] DEBUG com.github.dockerjava.zerodep.shaded.org.apache.hc.client5.http.wire - http-outgoing-0 << "Api-Version: 1.41[\r][\n]"
20:39:40.507 [Test worker] DEBUG com.github.dockerjava.zerodep.shaded.org.apache.hc.client5.http.wire - http-outgoing-0 << "Content-Type: application/json[\r][\n]"
20:39:40.507 [Test worker] DEBUG com.github.dockerjava.zerodep.shaded.org.apache.hc.client5.http.wire - http-outgoing-0 << "Date: Sat, 05 Nov 2022 18:39:40 GMT[\r][\n]"
20:39:40.507 [Test worker] DEBUG com.github.dockerjava.zerodep.shaded.org.apache.hc.client5.http.wire - http-outgoing-0 << "Docker-Experimental: false[\r][\n]"
20:39:40.507 [Test worker] DEBUG com.github.dockerjava.zerodep.shaded.org.apache.hc.client5.http.wire - http-outgoing-0 << "Ostype: linux[\r][\n]"
20:39:40.507 [Test worker] DEBUG com.github.dockerjava.zerodep.shaded.org.apache.hc.client5.http.wire - http-outgoing-0 << "Server: Docker/20.10.17 (linux)[\r][\n]"
20:39:40.508 [Test worker] DEBUG com.github.dockerjava.zerodep.shaded.org.apache.hc.client5.http.wire - http-outgoing-0 << "Transfer-Encoding: chunked[\r][\n]"
20:39:40.508 [Test worker] DEBUG com.github.dockerjava.zerodep.shaded.org.apache.hc.client5.http.wire - http-outgoing-0 << "[\r][\n]"
20:39:40.508 [Test worker] DEBUG com.github.dockerjava.zerodep.shaded.org.apache.hc.client5.http.headers - http-outgoing-0 << HTTP/1.1 201 Created
20:39:40.508 [Test worker] DEBUG com.github.dockerjava.zerodep.shaded.org.apache.hc.client5.http.headers - http-outgoing-0 << Api-Version: 1.41
20:39:40.508 [Test worker] DEBUG com.github.dockerjava.zerodep.shaded.org.apache.hc.client5.http.headers - http-outgoing-0 << Content-Type: application/json
20:39:40.508 [Test worker] DEBUG com.github.dockerjava.zerodep.shaded.org.apache.hc.client5.http.headers - http-outgoing-0 << Date: Sat, 05 Nov 2022 18:39:40 GMT
20:39:40.508 [Test worker] DEBUG com.github.dockerjava.zerodep.shaded.org.apache.hc.client5.http.headers - http-outgoing-0 << Docker-Experimental: false
20:39:40.508 [Test worker] DEBUG com.github.dockerjava.zerodep.shaded.org.apache.hc.client5.http.headers - http-outgoing-0 << Ostype: linux
20:39:40.508 [Test worker] DEBUG com.github.dockerjava.zerodep.shaded.org.apache.hc.client5.http.headers - http-outgoing-0 << Server: Docker/20.10.17 (linux)
20:39:40.508 [Test worker] DEBUG com.github.dockerjava.zerodep.shaded.org.apache.hc.client5.http.headers - http-outgoing-0 << Transfer-Encoding: chunked
20:39:40.508 [Test worker] DEBUG com.github.dockerjava.zerodep.shaded.org.apache.hc.client5.http.impl.classic.MainClientExec - ex-00000004: connection can be kept alive for 3 MINUTES
20:39:40.509 [Test worker] DEBUG com.github.dockerjava.zerodep.shaded.org.apache.hc.client5.http.wire - http-outgoing-0 << "58[\r][\n]"
20:39:40.509 [Test worker] DEBUG com.github.dockerjava.zerodep.shaded.org.apache.hc.client5.http.wire - http-outgoing-0 << "{"Id":"bb323e99133375320447cada8d674bb332fa4c8918221292bc20eacf52126698","Warnings":[]}[\n]"
20:39:40.509 [Test worker] DEBUG com.github.dockerjava.zerodep.shaded.org.apache.hc.client5.http.wire - http-outgoing-0 << "[\r][\n]"
20:39:40.509 [Test worker] DEBUG com.github.dockerjava.zerodep.shaded.org.apache.hc.client5.http.wire - http-outgoing-0 << "0[\r][\n]"
20:39:40.509 [Test worker] DEBUG com.github.dockerjava.zerodep.shaded.org.apache.hc.client5.http.wire - http-outgoing-0 << "[\r][\n]"
20:39:40.510 [Test worker] DEBUG com.github.dockerjava.zerodep.shaded.org.apache.hc.client5.http.impl.classic.InternalHttpClient - ep-00000003: releasing valid endpoint
20:39:40.510 [Test worker] DEBUG com.github.dockerjava.zerodep.shaded.org.apache.hc.client5.http.impl.io.PoolingHttpClientConnectionManager - ep-00000003: releasing endpoint
20:39:40.511 [Test worker] DEBUG com.github.dockerjava.zerodep.shaded.org.apache.hc.client5.http.impl.io.PoolingHttpClientConnectionManager - ep-00000003: connection http-outgoing-0 can be kept alive for 3 MINUTES
20:39:40.511 [Test worker] DEBUG com.github.dockerjava.zerodep.shaded.org.apache.hc.client5.http.impl.io.PoolingHttpClientConnectionManager - ep-00000003: connection released [route: {}->npipe://localhost:2375][total available: 1; route allocated: 1 of 2147483647; total allocated: 1 of 2147483647]
20:39:40.513 [Test worker] INFO docker[testcontainers/ryuk:0.3.4] - Container testcontainers/ryuk:0.3.4 is starting: bb323e99133375320447cada8d674bb332fa4c8918221292bc20eacf52126698
20:39:40.514 [Test worker] DEBUG org.testcontainers.shaded.com.github.dockerjava.core.command.AbstrDockerCmd - Cmd: bb323e99133375320447cada8d674bb332fa4c8918221292bc20eacf52126698
20:39:40.515 [Test worker] DEBUG com.github.dockerjava.zerodep.shaded.org.apache.hc.client5.http.impl.classic.InternalHttpClient - ex-00000005: preparing request execution
20:39:40.515 [Test worker] DEBUG com.github.dockerjava.zerodep.shaded.org.apache.hc.client5.http.protocol.RequestAddCookies - Cookie spec selected: strict
20:39:40.515 [Test worker] DEBUG com.github.dockerjava.zerodep.shaded.org.apache.hc.client5.http.protocol.RequestAuthCache - Auth cache not set in the context
20:39:40.515 [Test worker] DEBUG com.github.dockerjava.zerodep.shaded.org.apache.hc.client5.http.impl.classic.ProtocolExec - ex-00000005: target auth state: UNCHALLENGED
20:39:40.515 [Test worker] DEBUG com.github.dockerjava.zerodep.shaded.org.apache.hc.client5.http.impl.classic.ProtocolExec - ex-00000005: proxy auth state: UNCHALLENGED
20:39:40.515 [Test worker] DEBUG com.github.dockerjava.zerodep.shaded.org.apache.hc.client5.http.impl.classic.ConnectExec - ex-00000005: acquiring connection with route {}->npipe://localhost:2375
20:39:40.515 [Test worker] DEBUG com.github.dockerjava.zerodep.shaded.org.apache.hc.client5.http.impl.classic.InternalHttpClient - ex-00000005: acquiring endpoint (3 MINUTES)
20:39:40.515 [Test worker] DEBUG com.github.dockerjava.zerodep.shaded.org.apache.hc.client5.http.impl.io.PoolingHttpClientConnectionManager - ex-00000005: endpoint lease request (3 MINUTES) [route: {}->npipe://localhost:2375][total available: 1; route allocated: 1 of 2147483647; total allocated: 1 of 2147483647]
20:39:40.516 [Test worker] DEBUG com.github.dockerjava.zerodep.shaded.org.apache.hc.client5.http.impl.io.PoolingHttpClientConnectionManager - ex-00000005: endpoint leased [route: {}->npipe://localhost:2375][total available: 0; route allocated: 1 of 2147483647; total allocated: 1 of 2147483647]
20:39:40.516 [Test worker] DEBUG com.github.dockerjava.zerodep.shaded.org.apache.hc.client5.http.impl.io.PoolingHttpClientConnectionManager - ex-00000005: acquired ep-00000004
20:39:40.516 [Test worker] DEBUG com.github.dockerjava.zerodep.shaded.org.apache.hc.client5.http.impl.classic.InternalHttpClient - ex-00000005: acquired endpoint ep-00000004
20:39:40.516 [Test worker] DEBUG com.github.dockerjava.zerodep.shaded.org.apache.hc.client5.http.impl.classic.MainClientExec - ex-00000005: executing POST /v1.32/containers/bb323e99133375320447cada8d674bb332fa4c8918221292bc20eacf52126698/start HTTP/1.1
20:39:40.516 [Test worker] DEBUG com.github.dockerjava.zerodep.shaded.org.apache.hc.client5.http.impl.classic.InternalHttpClient - ep-00000004: start execution ex-00000005
20:39:40.516 [Test worker] DEBUG com.github.dockerjava.zerodep.shaded.org.apache.hc.client5.http.impl.io.PoolingHttpClientConnectionManager - ep-00000004: executing exchange ex-00000005 over http-outgoing-0
20:39:40.516 [Test worker] DEBUG com.github.dockerjava.zerodep.shaded.org.apache.hc.client5.http.headers - http-outgoing-0 >> POST /v1.32/containers/bb323e99133375320447cada8d674bb332fa4c8918221292bc20eacf52126698/start HTTP/1.1
20:39:40.516 [Test worker] DEBUG com.github.dockerjava.zerodep.shaded.org.apache.hc.client5.http.headers - http-outgoing-0 >> accept: application/json
20:39:40.516 [Test worker] DEBUG com.github.dockerjava.zerodep.shaded.org.apache.hc.client5.http.headers - http-outgoing-0 >> content-type: application/json
20:39:40.516 [Test worker] DEBUG com.github.dockerjava.zerodep.shaded.org.apache.hc.client5.http.headers - http-outgoing-0 >> x-tc-sid: 8d452d0b-c6cc-4a9d-9ce2-a121161a579e
20:39:40.516 [Test worker] DEBUG com.github.dockerjava.zerodep.shaded.org.apache.hc.client5.http.headers - http-outgoing-0 >> Accept-Encoding: gzip, x-gzip, deflate
20:39:40.516 [Test worker] DEBUG com.github.dockerjava.zerodep.shaded.org.apache.hc.client5.http.headers - http-outgoing-0 >> Host: localhost:2375
20:39:40.516 [Test worker] DEBUG com.github.dockerjava.zerodep.shaded.org.apache.hc.client5.http.headers - http-outgoing-0 >> Connection: keep-alive
20:39:40.516 [Test worker] DEBUG com.github.dockerjava.zerodep.shaded.org.apache.hc.client5.http.headers - http-outgoing-0 >> User-Agent: Apache-HttpClient/5.0.3 (Java/17.0.4)
20:39:40.516 [Test worker] DEBUG com.github.dockerjava.zerodep.shaded.org.apache.hc.client5.http.wire - http-outgoing-0 >> "POST /v1.32/containers/bb323e99133375320447cada8d674bb332fa4c8918221292bc20eacf52126698/start HTTP/1.1[\r][\n]"
20:39:40.516 [Test worker] DEBUG com.github.dockerjava.zerodep.shaded.org.apache.hc.client5.http.wire - http-outgoing-0 >> "accept: application/json[\r][\n]"
20:39:40.516 [Test worker] DEBUG com.github.dockerjava.zerodep.shaded.org.apache.hc.client5.http.wire - http-outgoing-0 >> "content-type: application/json[\r][\n]"
20:39:40.516 [Test worker] DEBUG com.github.dockerjava.zerodep.shaded.org.apache.hc.client5.http.wire - http-outgoing-0 >> "x-tc-sid: 8d452d0b-c6cc-4a9d-9ce2-a121161a579e[\r][\n]"
20:39:40.516 [Test worker] DEBUG com.github.dockerjava.zerodep.shaded.org.apache.hc.client5.http.wire - http-outgoing-0 >> "Accept-Encoding: gzip, x-gzip, deflate[\r][\n]"
20:39:40.516 [Test worker] DEBUG com.github.dockerjava.zerodep.shaded.org.apache.hc.client5.http.wire - http-outgoing-0 >> "Host: localhost:2375[\r][\n]"
20:39:40.516 [Test worker] DEBUG com.github.dockerjava.zerodep.shaded.org.apache.hc.client5.http.wire - http-outgoing-0 >> "Connection: keep-alive[\r][\n]"
20:39:40.516 [Test worker] DEBUG com.github.dockerjava.zerodep.shaded.org.apache.hc.client5.http.wire - http-outgoing-0 >> "User-Agent: Apache-HttpClient/5.0.3 (Java/17.0.4)[\r][\n]"
20:39:40.517 [Test worker] DEBUG com.github.dockerjava.zerodep.shaded.org.apache.hc.client5.http.wire - http-outgoing-0 >> "[\r][\n]"
20:39:41.055 [Test worker] DEBUG com.github.dockerjava.zerodep.shaded.org.apache.hc.client5.http.wire - http-outgoing-0 << "HTTP/1.1 204 No Content[\r][\n]"
20:39:41.055 [Test worker] DEBUG com.github.dockerjava.zerodep.shaded.org.apache.hc.client5.http.wire - http-outgoing-0 << "Api-Version: 1.41[\r][\n]"
20:39:41.055 [Test worker] DEBUG com.github.dockerjava.zerodep.shaded.org.apache.hc.client5.http.wire - http-outgoing-0 << "Date: Sat, 05 Nov 2022 18:39:41 GMT[\r][\n]"
20:39:41.055 [Test worker] DEBUG com.github.dockerjava.zerodep.shaded.org.apache.hc.client5.http.wire - http-outgoing-0 << "Docker-Experimental: false[\r][\n]"
20:39:41.055 [Test worker] DEBUG com.github.dockerjava.zerodep.shaded.org.apache.hc.client5.http.wire - http-outgoing-0 << "Ostype: linux[\r][\n]"
20:39:41.055 [Test worker] DEBUG com.github.dockerjava.zerodep.shaded.org.apache.hc.client5.http.wire - http-outgoing-0 << "Server: Docker/20.10.17 (linux)[\r][\n]"
20:39:41.055 [Test worker] DEBUG com.github.dockerjava.zerodep.shaded.org.apache.hc.client5.http.wire - http-outgoing-0 << "[\r][\n]"
20:39:41.056 [Test worker] DEBUG com.github.dockerjava.zerodep.shaded.org.apache.hc.client5.http.headers - http-outgoing-0 << HTTP/1.1 204 No Content
20:39:41.056 [Test worker] DEBUG com.github.dockerjava.zerodep.shaded.org.apache.hc.client5.http.headers - http-outgoing-0 << Api-Version: 1.41
20:39:41.056 [Test worker] DEBUG com.github.dockerjava.zerodep.shaded.org.apache.hc.client5.http.headers - http-outgoing-0 << Date: Sat, 05 Nov 2022 18:39:41 GMT
20:39:41.056 [Test worker] DEBUG com.github.dockerjava.zerodep.shaded.org.apache.hc.client5.http.headers - http-outgoing-0 << Docker-Experimental: false
20:39:41.056 [Test worker] DEBUG com.github.dockerjava.zerodep.shaded.org.apache.hc.client5.http.headers - http-outgoing-0 << Ostype: linux
20:39:41.056 [Test worker] DEBUG com.github.dockerjava.zerodep.shaded.org.apache.hc.client5.http.headers - http-outgoing-0 << Server: Docker/20.10.17 (linux)
20:39:41.056 [Test worker] DEBUG com.github.dockerjava.zerodep.shaded.org.apache.hc.client5.http.impl.classic.MainClientExec - ex-00000005: connection can be kept alive for 3 MINUTES
20:39:41.056 [Test worker] DEBUG com.github.dockerjava.zerodep.shaded.org.apache.hc.client5.http.impl.classic.InternalHttpClient - ep-00000004: releasing valid endpoint
20:39:41.056 [Test worker] DEBUG com.github.dockerjava.zerodep.shaded.org.apache.hc.client5.http.impl.io.PoolingHttpClientConnectionManager - ep-00000004: releasing endpoint
20:39:41.057 [Test worker] DEBUG com.github.dockerjava.zerodep.shaded.org.apache.hc.client5.http.impl.io.PoolingHttpClientConnectionManager - ep-00000004: connection http-outgoing-0 can be kept alive for 3 MINUTES
20:39:41.057 [Test worker] DEBUG com.github.dockerjava.zerodep.shaded.org.apache.hc.client5.http.impl.io.PoolingHttpClientConnectionManager - ep-00000004: connection released [route: {}->npipe://localhost:2375][total available: 1; route allocated: 1 of 2147483647; total allocated: 1 of 2147483647]
20:39:41.065 [Test worker] DEBUG org.testcontainers.shaded.com.github.dockerjava.core.command.AbstrDockerCmd - Cmd: bb323e99133375320447cada8d674bb332fa4c8918221292bc20eacf52126698,false
20:39:41.066 [Test worker] DEBUG org.testcontainers.shaded.com.github.dockerjava.core.exec.InspectContainerCmdExec - GET: DefaultWebTarget{path=[/containers/bb323e99133375320447cada8d674bb332fa4c8918221292bc20eacf52126698/json], queryParams={}}
20:39:41.067 [Test worker] DEBUG com.github.dockerjava.zerodep.shaded.org.apache.hc.client5.http.impl.classic.InternalHttpClient - ex-00000006: preparing request execution
20:39:41.067 [Test worker] DEBUG com.github.dockerjava.zerodep.shaded.org.apache.hc.client5.http.protocol.RequestAddCookies - Cookie spec selected: strict
20:39:41.067 [Test worker] DEBUG com.github.dockerjava.zerodep.shaded.org.apache.hc.client5.http.protocol.RequestAuthCache - Auth cache not set in the context
20:39:41.067 [Test worker] DEBUG com.github.dockerjava.zerodep.shaded.org.apache.hc.client5.http.impl.classic.ProtocolExec - ex-00000006: target auth state: UNCHALLENGED
20:39:41.067 [Test worker] DEBUG com.github.dockerjava.zerodep.shaded.org.apache.hc.client5.http.impl.classic.ProtocolExec - ex-00000006: proxy auth state: UNCHALLENGED
20:39:41.067 [Test worker] DEBUG com.github.dockerjava.zerodep.shaded.org.apache.hc.client5.http.impl.classic.ConnectExec - ex-00000006: acquiring connection with route {}->npipe://localhost:2375
20:39:41.067 [Test worker] DEBUG com.github.dockerjava.zerodep.shaded.org.apache.hc.client5.http.impl.classic.InternalHttpClient - ex-00000006: acquiring endpoint (3 MINUTES)
20:39:41.067 [Test worker] DEBUG com.github.dockerjava.zerodep.shaded.org.apache.hc.client5.http.impl.io.PoolingHttpClientConnectionManager - ex-00000006: endpoint lease request (3 MINUTES) [route: {}->npipe://localhost:2375][total available: 1; route allocated: 1 of 2147483647; total allocated: 1 of 2147483647]
20:39:41.068 [Test worker] DEBUG com.github.dockerjava.zerodep.shaded.org.apache.hc.client5.http.impl.io.PoolingHttpClientConnectionManager - ex-00000006: endpoint leased [route: {}->npipe://localhost:2375][total available: 0; route allocated: 1 of 2147483647; total allocated: 1 of 2147483647]
20:39:41.068 [Test worker] DEBUG com.github.dockerjava.zerodep.shaded.org.apache.hc.client5.http.impl.io.PoolingHttpClientConnectionManager - ex-00000006: acquired ep-00000005
20:39:41.068 [Test worker] DEBUG com.github.dockerjava.zerodep.shaded.org.apache.hc.client5.http.impl.classic.InternalHttpClient - ex-00000006: acquired endpoint ep-00000005
20:39:41.068 [Test worker] DEBUG com.github.dockerjava.zerodep.shaded.org.apache.hc.client5.http.impl.classic.MainClientExec - ex-00000006: executing GET /v1.32/containers/bb323e99133375320447cada8d674bb332fa4c8918221292bc20eacf52126698/json HTTP/1.1
20:39:41.068 [Test worker] DEBUG com.github.dockerjava.zerodep.shaded.org.apache.hc.client5.http.impl.classic.InternalHttpClient - ep-00000005: start execution ex-00000006
20:39:41.068 [Test worker] DEBUG com.github.dockerjava.zerodep.shaded.org.apache.hc.client5.http.impl.io.PoolingHttpClientConnectionManager - ep-00000005: executing exchange ex-00000006 over http-outgoing-0
20:39:41.068 [Test worker] DEBUG com.github.dockerjava.zerodep.shaded.org.apache.hc.client5.http.headers - http-outgoing-0 >> GET /v1.32/containers/bb323e99133375320447cada8d674bb332fa4c8918221292bc20eacf52126698/json HTTP/1.1
20:39:41.068 [Test worker] DEBUG com.github.dockerjava.zerodep.shaded.org.apache.hc.client5.http.headers - http-outgoing-0 >> accept: application/json
20:39:41.068 [Test worker] DEBUG com.github.dockerjava.zerodep.shaded.org.apache.hc.client5.http.headers - http-outgoing-0 >> x-tc-sid: 8d452d0b-c6cc-4a9d-9ce2-a121161a579e
20:39:41.068 [Test worker] DEBUG com.github.dockerjava.zerodep.shaded.org.apache.hc.client5.http.headers - http-outgoing-0 >> Accept-Encoding: gzip, x-gzip, deflate
20:39:41.068 [Test worker] DEBUG com.github.dockerjava.zerodep.shaded.org.apache.hc.client5.http.headers - http-outgoing-0 >> Host: localhost:2375
20:39:41.068 [Test worker] DEBUG com.github.dockerjava.zerodep.shaded.org.apache.hc.client5.http.headers - http-outgoing-0 >> Connection: keep-alive
20:39:41.068 [Test worker] DEBUG com.github.dockerjava.zerodep.shaded.org.apache.hc.client5.http.headers - http-outgoing-0 >> User-Agent: Apache-HttpClient/5.0.3 (Java/17.0.4)
20:39:41.068 [Test worker] DEBUG com.github.dockerjava.zerodep.shaded.org.apache.hc.client5.http.wire - http-outgoing-0 >> "GET /v1.32/containers/bb323e99133375320447cada8d674bb332fa4c8918221292bc20eacf52126698/json HTTP/1.1[\r][\n]"
20:39:41.068 [Test worker] DEBUG com.github.dockerjava.zerodep.shaded.org.apache.hc.client5.http.wire - http-outgoing-0 >> "accept: application/json[\r][\n]"
20:39:41.068 [Test worker] DEBUG com.github.dockerjava.zerodep.shaded.org.apache.hc.client5.http.wire - http-outgoing-0 >> "x-tc-sid: 8d452d0b-c6cc-4a9d-9ce2-a121161a579e[\r][\n]"
20:39:41.068 [Test worker] DEBUG com.github.dockerjava.zerodep.shaded.org.apache.hc.client5.http.wire - http-outgoing-0 >> "Accept-Encoding: gzip, x-gzip, deflate[\r][\n]"
20:39:41.068 [Test worker] DEBUG com.github.dockerjava.zerodep.shaded.org.apache.hc.client5.http.wire - http-outgoing-0 >> "Host: localhost:2375[\r][\n]"
20:39:41.068 [Test worker] DEBUG com.github.dockerjava.zerodep.shaded.org.apache.hc.client5.http.wire - http-outgoing-0 >> "Connection: keep-alive[\r][\n]"
20:39:41.068 [Test worker] DEBUG com.github.dockerjava.zerodep.shaded.org.apache.hc.client5.http.wire - http-outgoing-0 >> "User-Agent: Apache-HttpClient/5.0.3 (Java/17.0.4)[\r][\n]"
20:39:41.068 [Test worker] DEBUG com.github.dockerjava.zerodep.shaded.org.apache.hc.client5.http.wire - http-outgoing-0 >> "[\r][\n]"
20:39:41.799 [Test worker] DEBUG com.github.dockerjava.zerodep.shaded.org.apache.hc.client5.http.wire - http-outgoing-0 << "HTTP/1.1 200 OK[\r][\n]"
20:39:41.799 [Test worker] DEBUG com.github.dockerjava.zerodep.shaded.org.apache.hc.client5.http.wire - http-outgoing-0 << "Api-Version: 1.41[\r][\n]"
20:39:41.799 [Test worker] DEBUG com.github.dockerjava.zerodep.shaded.org.apache.hc.client5.http.wire - http-outgoing-0 << "Content-Type: application/json[\r][\n]"
20:39:41.799 [Test worker] DEBUG com.github.dockerjava.zerodep.shaded.org.apache.hc.client5.http.wire - http-outgoing-0 << "Date: Sat, 05 Nov 2022 18:39:41 GMT[\r][\n]"
20:39:41.799 [Test worker] DEBUG com.github.dockerjava.zerodep.shaded.org.apache.hc.client5.http.wire - http-outgoing-0 << "Docker-Experimental: false[\r][\n]"
20:39:41.799 [Test worker] DEBUG com.github.dockerjava.zerodep.shaded.org.apache.hc.client5.http.wire - http-outgoing-0 << "Ostype: linux[\r][\n]"
20:39:41.799 [Test worker] DEBUG com.github.dockerjava.zerodep.shaded.org.apache.hc.client5.http.wire - http-outgoing-0 << "Server: Docker/20.10.17 (linux)[\r][\n]"
20:39:41.799 [Test worker] DEBUG com.github.dockerjava.zerodep.shaded.org.apache.hc.client5.http.wire - http-outgoing-0 << "Transfer-Encoding: chunked[\r][\n]"
20:39:41.799 [Test worker] DEBUG com.github.dockerjava.zerodep.shaded.org.apache.hc.client5.http.wire - http-outgoing-0 << "[\r][\n]"
20:39:41.800 [Test worker] DEBUG com.github.dockerjava.zerodep.shaded.org.apache.hc.client5.http.headers - http-outgoing-0 << HTTP/1.1 200 OK
20:39:41.800 [Test worker] DEBUG com.github.dockerjava.zerodep.shaded.org.apache.hc.client5.http.headers - http-outgoing-0 << Api-Version: 1.41
20:39:41.800 [Test worker] DEBUG com.github.dockerjava.zerodep.shaded.org.apache.hc.client5.http.headers - http-outgoing-0 << Content-Type: application/json
20:39:41.800 [Test worker] DEBUG com.github.dockerjava.zerodep.shaded.org.apache.hc.client5.http.headers - http-outgoing-0 << Date: Sat, 05 Nov 2022 18:39:41 GMT
20:39:41.800 [Test worker] DEBUG com.github.dockerjava.zerodep.shaded.org.apache.hc.client5.http.headers - http-outgoing-0 << Docker-Experimental: false
20:39:41.800 [Test worker] DEBUG com.github.dockerjava.zerodep.shaded.org.apache.hc.client5.http.headers - http-outgoing-0 << Ostype: linux
20:39:41.800 [Test worker] DEBUG com.github.dockerjava.zerodep.shaded.org.apache.hc.client5.http.headers - http-outgoing-0 << Server: Docker/20.10.17 (linux)
20:39:41.800 [Test worker] DEBUG com.github.dockerjava.zerodep.shaded.org.apache.hc.client5.http.headers - http-outgoing-0 << Transfer-Encoding: chunked
20:39:41.800 [Test worker] DEBUG com.github.dockerjava.zerodep.shaded.org.apache.hc.client5.http.impl.classic.MainClientExec - ex-00000006: connection can be kept alive for 3 MINUTES
20:39:41.802 [Test worker] DEBUG com.github.dockerjava.zerodep.shaded.org.apache.hc.client5.http.wire - http-outgoing-0 << "13f2[\r][\n]"
20:39:41.802 [Test worker] DEBUG com.github.dockerjava.zerodep.shaded.org.apache.hc.client5.http.wire - http-outgoing-0 << "{"Id":"bb323e99133375320447cada8d674bb332fa4c8918221292bc20eacf52126698","Created":"2022-11-05T18:39:40.45492189Z","Path":"/app","Args":[],"State":{"Status":"running","Running":true,"Paused":false,"Restarting":false,"OOMKilled":false,"Dead":false,"Pid":12746,"ExitCode":0,"Error":"","StartedAt":"2022-11-05T18:39:41.041152499Z","FinishedAt":"0001-01-01T00:00:00Z"},"Image":"sha256:7ac27de2f0c441174e7e12a105f876493b902ffd7bbb2a3646aa929c08cc3806","ResolvConfPath":"/var/lib/docker/containers/bb323e99133375320447cada8d674bb332fa4c8918221292bc20eacf52126698/resolv.conf","HostnamePath":"/var/lib/docker/containers/bb323e99133375320447cada8d674bb332fa4c8918221292bc20eacf52126698/hostname","HostsPath":"/var/lib/docker/containers/bb323e99133375320447cada8d674bb332fa4c8918221292bc20eacf52126698/hosts","LogPath":"/var/lib/docker/containers/bb323e99133375320447cada8d674bb332fa4c8918221292bc20eacf52126698/bb323e99133375320447cada8d674bb332fa4c8918221292bc20eacf52126698-json.log","Name":"/testcontainers-ryuk-8d452d0b-c6cc-4a9d-9ce2-a121161a579e","RestartCount":0,"Driver":"overlay2","Platform":"linux","MountLabel":"","ProcessLabel":"","AppArmorProfile":"","ExecIDs":null,"HostConfig":{"Binds":["//var/run/docker.sock:/var/run/docker.sock:rw"],"ContainerIDFile":"","LogConfig":{"Type":"json-file","Config":{}},"NetworkMode":"default","PortBindings":{"8080/tcp":[{"HostIp":"0.0.0.0","HostPort":"0"}]},"RestartPolicy":{"Name":"","MaximumRetryCount":0},"AutoRemove":true,"VolumeDriver":"","VolumesFrom":[],"CapAdd":null,"CapDrop":null,"CgroupnsMode":"host","Dns":null,"DnsOptions":null,"DnsSearch":null,"ExtraHosts":[],"GroupAdd":null,"IpcMode":"shareable","Cgroup":"","Links":null,"OomScoreAdj":0,"PidMode":"","Privileged":false,"PublishAllPorts":false,"ReadonlyRootfs":false,"SecurityOpt":null,"UTSMode":"","UsernsMode":"","ShmSize":67108864,"Runtime":"runc","ConsoleSize":[0,0],"Isolation":"","CpuShares":0,"Memory":0,"NanoCpus":0,"CgroupParent":"","BlkioWeight":0,"BlkioWeightDevice":null,"BlkioDeviceReadBps":null,"BlkioDeviceWriteBps":null,"BlkioDeviceReadIOps":null,"BlkioDeviceWriteIOps":null,"CpuPeriod":0,"CpuQuota":0,"CpuRealtimePeriod":0,"CpuRealtimeRuntime":0,"CpusetCpus":"","CpusetMems":"","Devices":null,"DeviceCgroupRules":null,"DeviceRequests":null,"KernelMemory":0,"KernelMemoryTCP":0,"MemoryReservation":0,"MemorySwap":0,"MemorySwappiness":null,"OomKillDisable":false,"PidsLimit":null,"Ulimits":null,"CpuCount":0,"CpuPercent":0,"IOMaximumIOps":0,"IOMaximumBandwidth":0,"MaskedPaths":["/proc/asound","/proc/acpi","/proc/kcore","/proc/keys","/proc/latency_stats","/proc/timer_list","/proc/timer_stats","/proc/sched_debug","/proc/scsi","/sys/firmware"],"ReadonlyPaths":["/proc/bus","/proc/fs","/proc/irq","/proc/sys","/proc/sysrq-trigger"]},"GraphDriver":{"Data":{"LowerDir":"/var/lib/docker/overlay2/cf7cd42f8d740ef170bd0014087cd199fd05a9ccc3039677d3a892eed8de0cfd-init/diff:/var/lib/docker/overlay2/690701867eeaabe805e5840f2e78062be7fd63e5e036bb706f4bde735d095d35/diff:/var/lib/docker/overlay2/bdfac0afabb10eec4b4f5c2e1143b7a333f907e4fe950cbb522344f0d79328f1/diff:/var/lib/docker/overlay2/e2383e7011262db788e243295a2f0c4a5539fa8431214f0b06a107ab12e7f94b/diff","MergedDir":"/var/lib/docker/overlay2/cf7cd42f8d740ef170bd0014087cd199fd05a9ccc3039677d3a892eed8de0cfd/merged","UpperDir":"/var/lib/docker/overlay2/cf7cd42f8d740ef170bd0014087cd199fd05a9ccc3039677d3a892eed8de0cfd/diff","WorkDir":"/var/lib/docker/overlay2/cf7cd42f8d740ef170bd0014087cd199fd05a9ccc3039677d3a892eed8de0cfd/work"},"Name":"overlay2"},"Mounts":[{"Type":"bind","Source":"//var/run/docker.sock","Destination":"/var/run/docker.sock","Mode":"rw","RW":true,"Propagation":"rprivate"}],"Config":{"Hostname":"bb323e991333","Domainname":"","User":"","AttachStdin":false,"AttachStdout":false,"AttachStderr":false,"ExposedPorts":{"8080/tcp":{}},"Tty":false,"OpenStdin":false,"StdinOnce":false,"Env":["PATH=/usr/local/sbin:/usr/local/bin:/usr/sbin:/usr/bin:/sbin:/bin"],"Cmd":["/app"],"Image":"testcontainers/ryuk:0.3.4","Volumes":null,"WorkingDir":"","Entrypoint":null,"OnBuild":null,"Labels":{"org.testcontainers":"
20:39:41.867 [Test worker] DEBUG com.github.dockerjava.zerodep.shaded.org.apache.hc.client5.http.wire - http-outgoing-0 << ""true"}},"NetworkSettings":{"Bridge":"","SandboxID":"6cd4f0201bfc9f50b5e75f0407626cb85715fd35673558fa52a6ebd3e6767cfb","HairpinMode":false,"LinkLocalIPv6Address":"","LinkLocalIPv6PrefixLen":0,"Ports":{"8080/tcp":[{"HostIp":"0.0.0.0","HostPort":"50075"}]},"SandboxKey":"/var/run/docker/netns/6cd4f0201bfc","SecondaryIPAddresses":null,"SecondaryIPv6Addresses":null,"EndpointID":"049d665acb5398ce053d3a57cfdfdeb7b91da97ab280c02044dd7fc579469335","Gateway":"172.17.0.1","GlobalIPv6Address":"","GlobalIPv6PrefixLen":0,"IPAddress":"172.17.0.2","IPPrefixLen":16,"IPv6Gateway":"","MacAddress":"02:42:ac:11:00:02","Networks":{"bridge":{"IPAMConfig":null,"Links":null,"Aliases":null,"NetworkID":"5e53da21a8e898d540655433c0531468f1657a5e8f28e421defb943b149914aa","EndpointID":"049d665acb5398ce053d3a57cfdfdeb7b91da97ab280c02044dd7fc579469335","Gateway":"172.17.0.1","IPAddress":"172.17.0.2","IPPrefixLen":16,"IPv6Gateway":"","GlobalIPv6Address":"","GlobalIPv6PrefixLen":0,"MacAddress":"02:42:ac:11:00:02","DriverOpts":null}}}}[\n]"
20:39:41.888 [Test worker] DEBUG com.github.dockerjava.zerodep.shaded.org.apache.hc.client5.http.wire - http-outgoing-0 << "[\r][\n]"
20:39:41.888 [Test worker] DEBUG com.github.dockerjava.zerodep.shaded.org.apache.hc.client5.http.wire - http-outgoing-0 << "0[\r][\n]"
20:39:41.889 [Test worker] DEBUG com.github.dockerjava.zerodep.shaded.org.apache.hc.client5.http.wire - http-outgoing-0 << "[\r][\n]"
20:39:41.889 [Test worker] DEBUG com.github.dockerjava.zerodep.shaded.org.apache.hc.client5.http.impl.classic.InternalHttpClient - ep-00000005: releasing valid endpoint
20:39:41.889 [Test worker] DEBUG com.github.dockerjava.zerodep.shaded.org.apache.hc.client5.http.impl.io.PoolingHttpClientConnectionManager - ep-00000005: releasing endpoint
20:39:41.889 [Test worker] DEBUG com.github.dockerjava.zerodep.shaded.org.apache.hc.client5.http.impl.io.PoolingHttpClientConnectionManager - ep-00000005: connection http-outgoing-0 can be kept alive for 3 MINUTES
20:39:41.889 [Test worker] DEBUG com.github.dockerjava.zerodep.shaded.org.apache.hc.client5.http.impl.io.PoolingHttpClientConnectionManager - ep-00000005: connection released [route: {}->npipe://localhost:2375][total available: 1; route allocated: 1 of 2147483647; total allocated: 1 of 2147483647]
20:39:41.900 [docker-java-stream-31094179] DEBUG com.github.dockerjava.zerodep.shaded.org.apache.hc.client5.http.impl.classic.InternalHttpClient - ex-00000007: preparing request execution
20:39:41.900 [docker-java-stream-31094179] DEBUG com.github.dockerjava.zerodep.shaded.org.apache.hc.client5.http.protocol.RequestAddCookies - Cookie spec selected: strict
20:39:41.900 [docker-java-stream-31094179] DEBUG com.github.dockerjava.zerodep.shaded.org.apache.hc.client5.http.protocol.RequestAuthCache - Auth cache not set in the context
20:39:41.900 [docker-java-stream-31094179] DEBUG com.github.dockerjava.zerodep.shaded.org.apache.hc.client5.http.impl.classic.ProtocolExec - ex-00000007: target auth state: UNCHALLENGED
20:39:41.900 [docker-java-stream-31094179] DEBUG com.github.dockerjava.zerodep.shaded.org.apache.hc.client5.http.impl.classic.ProtocolExec - ex-00000007: proxy auth state: UNCHALLENGED
20:39:41.900 [docker-java-stream-31094179] DEBUG com.github.dockerjava.zerodep.shaded.org.apache.hc.client5.http.impl.classic.ConnectExec - ex-00000007: acquiring connection with route {}->npipe://localhost:2375
20:39:41.900 [docker-java-stream-31094179] DEBUG com.github.dockerjava.zerodep.shaded.org.apache.hc.client5.http.impl.classic.InternalHttpClient - ex-00000007: acquiring endpoint (3 MINUTES)
20:39:41.900 [docker-java-stream-31094179] DEBUG com.github.dockerjava.zerodep.shaded.org.apache.hc.client5.http.impl.io.PoolingHttpClientConnectionManager - ex-00000007: endpoint lease request (3 MINUTES) [route: {}->npipe://localhost:2375][total available: 1; route allocated: 1 of 2147483647; total allocated: 1 of 2147483647]
20:39:41.900 [docker-java-stream-31094179] DEBUG com.github.dockerjava.zerodep.shaded.org.apache.hc.client5.http.impl.io.PoolingHttpClientConnectionManager - ex-00000007: endpoint leased [route: {}->npipe://localhost:2375][total available: 0; route allocated: 1 of 2147483647; total allocated: 1 of 2147483647]
20:39:41.900 [docker-java-stream-31094179] DEBUG com.github.dockerjava.zerodep.shaded.org.apache.hc.client5.http.impl.io.PoolingHttpClientConnectionManager - ex-00000007: acquired ep-00000006
20:39:41.900 [docker-java-stream-31094179] DEBUG com.github.dockerjava.zerodep.shaded.org.apache.hc.client5.http.impl.classic.InternalHttpClient - ex-00000007: acquired endpoint ep-00000006
20:39:41.900 [docker-java-stream-31094179] DEBUG com.github.dockerjava.zerodep.shaded.org.apache.hc.client5.http.impl.classic.MainClientExec - ex-00000007: executing GET /v1.32/containers/bb323e99133375320447cada8d674bb332fa4c8918221292bc20eacf52126698/logs?stdout=true&stderr=true&follow=true&since=0 HTTP/1.1
20:39:41.900 [docker-java-stream-31094179] DEBUG com.github.dockerjava.zerodep.shaded.org.apache.hc.client5.http.impl.classic.InternalHttpClient - ep-00000006: start execution ex-00000007
20:39:41.900 [docker-java-stream-31094179] DEBUG com.github.dockerjava.zerodep.shaded.org.apache.hc.client5.http.impl.io.PoolingHttpClientConnectionManager - ep-00000006: executing exchange ex-00000007 over http-outgoing-0
20:39:41.900 [docker-java-stream-31094179] DEBUG com.github.dockerjava.zerodep.shaded.org.apache.hc.client5.http.headers - http-outgoing-0 >> GET /v1.32/containers/bb323e99133375320447cada8d674bb332fa4c8918221292bc20eacf52126698/logs?stdout=true&stderr=true&follow=true&since=0 HTTP/1.1
20:39:41.900 [docker-java-stream-31094179] DEBUG com.github.dockerjava.zerodep.shaded.org.apache.hc.client5.http.headers - http-outgoing-0 >> x-tc-sid: 8d452d0b-c6cc-4a9d-9ce2-a121161a579e
20:39:41.901 [docker-java-stream-31094179] DEBUG com.github.dockerjava.zerodep.shaded.org.apache.hc.client5.http.headers - http-outgoing-0 >> Accept-Encoding: gzip, x-gzip, deflate
20:39:41.901 [docker-java-stream-31094179] DEBUG com.github.dockerjava.zerodep.shaded.org.apache.hc.client5.http.headers - http-outgoing-0 >> Host: localhost:2375
20:39:41.901 [docker-java-stream-31094179] DEBUG com.github.dockerjava.zerodep.shaded.org.apache.hc.client5.http.headers - http-outgoing-0 >> Connection: keep-alive
20:39:41.901 [docker-java-stream-31094179] DEBUG com.github.dockerjava.zerodep.shaded.org.apache.hc.client5.http.headers - http-outgoing-0 >> User-Agent: Apache-HttpClient/5.0.3 (Java/17.0.4)
20:39:41.901 [docker-java-stream-31094179] DEBUG com.github.dockerjava.zerodep.shaded.org.apache.hc.client5.http.wire - http-outgoing-0 >> "GET /v1.32/containers/bb323e99133375320447cada8d674bb332fa4c8918221292bc20eacf52126698/logs?stdout=true&stderr=true&follow=true&since=0 HTTP/1.1[\r][\n]"
20:39:41.901 [docker-java-stream-31094179] DEBUG com.github.dockerjava.zerodep.shaded.org.apache.hc.client5.http.wire - http-outgoing-0 >> "x-tc-sid: 8d452d0b-c6cc-4a9d-9ce2-a121161a579e[\r][\n]"
20:39:41.901 [docker-java-stream-31094179] DEBUG com.github.dockerjava.zerodep.shaded.org.apache.hc.client5.http.wire - http-outgoing-0 >> "Accept-Encoding: gzip, x-gzip, deflate[\r][\n]"
20:39:41.901 [docker-java-stream-31094179] DEBUG com.github.dockerjava.zerodep.shaded.org.apache.hc.client5.http.wire - http-outgoing-0 >> "Host: localhost:2375[\r][\n]"
20:39:41.901 [docker-java-stream-31094179] DEBUG com.github.dockerjava.zerodep.shaded.org.apache.hc.client5.http.wire - http-outgoing-0 >> "Connection: keep-alive[\r][\n]"
20:39:41.901 [docker-java-stream-31094179] DEBUG com.github.dockerjava.zerodep.shaded.org.apache.hc.client5.http.wire - http-outgoing-0 >> "User-Agent: Apache-HttpClient/5.0.3 (Java/17.0.4)[\r][\n]"
20:39:41.901 [docker-java-stream-31094179] DEBUG com.github.dockerjava.zerodep.shaded.org.apache.hc.client5.http.wire - http-outgoing-0 >> "[\r][\n]"
20:39:41.919 [docker-java-stream-31094179] DEBUG com.github.dockerjava.zerodep.shaded.org.apache.hc.client5.http.wire - http-outgoing-0 << "HTTP/1.1 200 OK[\r][\n]"
20:39:41.919 [docker-java-stream-31094179] DEBUG com.github.dockerjava.zerodep.shaded.org.apache.hc.client5.http.wire - http-outgoing-0 << "Api-Version: 1.41[\r][\n]"
20:39:41.920 [docker-java-stream-31094179] DEBUG com.github.dockerjava.zerodep.shaded.org.apache.hc.client5.http.wire - http-outgoing-0 << "Date: Sat, 05 Nov 2022 18:39:41 GMT[\r][\n]"
20:39:41.920 [docker-java-stream-31094179] DEBUG com.github.dockerjava.zerodep.shaded.org.apache.hc.client5.http.wire - http-outgoing-0 << "Docker-Experimental: false[\r][\n]"
20:39:41.920 [docker-java-stream-31094179] DEBUG com.github.dockerjava.zerodep.shaded.org.apache.hc.client5.http.wire - http-outgoing-0 << "Ostype: linux[\r][\n]"
20:39:41.920 [docker-java-stream-31094179] DEBUG com.github.dockerjava.zerodep.shaded.org.apache.hc.client5.http.wire - http-outgoing-0 << "Server: Docker/20.10.17 (linux)[\r][\n]"
20:39:41.920 [docker-java-stream-31094179] DEBUG com.github.dockerjava.zerodep.shaded.org.apache.hc.client5.http.wire - http-outgoing-0 << "Transfer-Encoding: chunked[\r][\n]"
20:39:41.920 [docker-java-stream-31094179] DEBUG com.github.dockerjava.zerodep.shaded.org.apache.hc.client5.http.wire - http-outgoing-0 << "[\r][\n]"
20:39:41.920 [docker-java-stream-31094179] DEBUG com.github.dockerjava.zerodep.shaded.org.apache.hc.client5.http.headers - http-outgoing-0 << HTTP/1.1 200 OK
20:39:41.920 [docker-java-stream-31094179] DEBUG com.github.dockerjava.zerodep.shaded.org.apache.hc.client5.http.headers - http-outgoing-0 << Api-Version: 1.41
20:39:41.920 [docker-java-stream-31094179] DEBUG com.github.dockerjava.zerodep.shaded.org.apache.hc.client5.http.headers - http-outgoing-0 << Date: Sat, 05 Nov 2022 18:39:41 GMT
20:39:41.920 [docker-java-stream-31094179] DEBUG com.github.dockerjava.zerodep.shaded.org.apache.hc.client5.http.headers - http-outgoing-0 << Docker-Experimental: false
20:39:41.920 [docker-java-stream-31094179] DEBUG com.github.dockerjava.zerodep.shaded.org.apache.hc.client5.http.headers - http-outgoing-0 << Ostype: linux
20:39:41.920 [docker-java-stream-31094179] DEBUG com.github.dockerjava.zerodep.shaded.org.apache.hc.client5.http.headers - http-outgoing-0 << Server: Docker/20.10.17 (linux)
20:39:41.920 [docker-java-stream-31094179] DEBUG com.github.dockerjava.zerodep.shaded.org.apache.hc.client5.http.headers - http-outgoing-0 << Transfer-Encoding: chunked
20:39:41.920 [docker-java-stream-31094179] DEBUG com.github.dockerjava.zerodep.shaded.org.apache.hc.client5.http.impl.classic.MainClientExec - ex-00000007: connection can be kept alive for 3 MINUTES
20:39:41.921 [docker-java-stream-31094179] DEBUG com.github.dockerjava.zerodep.shaded.org.apache.hc.client5.http.wire - http-outgoing-0 << "c0[\r][\n]"
20:39:41.921 [docker-java-stream-31094179] DEBUG com.github.dockerjava.zerodep.shaded.org.apache.hc.client5.http.wire - http-outgoing-0 << "[0x2][0x0][0x0][0x0][0x0][0x0][0x0]&2022/11/05 18:39:41 Pinging Docker...[\n]"
20:39:41.921 [docker-java-stream-31094179] DEBUG com.github.dockerjava.zerodep.shaded.org.apache.hc.client5.http.wire - http-outgoing-0 << "[0x2][0x0][0x0][0x0][0x0][0x0][0x0]02022/11/05 18:39:41 Docker daemon is available![\n]"
20:39:41.921 [docker-java-stream-31094179] DEBUG com.github.dockerjava.zerodep.shaded.org.apache.hc.client5.http.wire - http-outgoing-0 << "[0x2][0x0][0x0][0x0][0x0][0x0][0x0]-2022/11/05 18:39:41 Starting on port 8080...[\n]"
20:39:41.921 [docker-java-stream-31094179] DEBUG com.github.dockerjava.zerodep.shaded.org.apache.hc.client5.http.wire - http-outgoing-0 << "[0x2][0x0][0x0][0x0][0x0][0x0][0x0][0x1d]2022/11/05 18:39:41 Started![\n]"
20:39:41.921 [docker-java-stream-31094179] DEBUG com.github.dockerjava.zerodep.shaded.org.apache.hc.client5.http.wire - http-outgoing-0 << "[\r][\n]"
20:39:41.923 [Test worker] DEBUG org.testcontainers.containers.output.WaitingConsumer - STDERR: 2022/11/05 18:39:41 Pinging Docker...
20:39:41.923 [Test worker] DEBUG org.testcontainers.containers.output.WaitingConsumer - STDERR: 2022/11/05 18:39:41 Started!
20:39:41.924 [Test worker] DEBUG com.github.dockerjava.zerodep.shaded.org.apache.hc.client5.http.impl.classic.InternalHttpClient - ep-00000006: cancel
20:39:41.924 [Test worker] DEBUG com.github.dockerjava.zerodep.shaded.org.apache.hc.client5.http.impl.io.DefaultManagedHttpClientConnection - http-outgoing-0: close connection IMMEDIATE
20:39:41.924 [Test worker] DEBUG com.github.dockerjava.zerodep.shaded.org.apache.hc.client5.http.impl.classic.InternalHttpClient - ep-00000006: endpoint closed
20:39:41.924 [Test worker] DEBUG com.github.dockerjava.zerodep.shaded.org.apache.hc.client5.http.impl.classic.InternalHttpClient - ep-00000006: discarding endpoint
20:39:41.924 [Test worker] DEBUG com.github.dockerjava.zerodep.shaded.org.apache.hc.client5.http.impl.io.PoolingHttpClientConnectionManager - ep-00000006: releasing endpoint
20:39:41.924 [Test worker] DEBUG com.github.dockerjava.zerodep.shaded.org.apache.hc.client5.http.impl.io.PoolingHttpClientConnectionManager - ep-00000006: connection is not kept alive
20:39:41.924 [Test worker] DEBUG com.github.dockerjava.zerodep.shaded.org.apache.hc.client5.http.impl.io.PoolingHttpClientConnectionManager - ep-00000006: connection released [route: {}->npipe://localhost:2375][total available: 0; route allocated: 0 of 2147483647; total allocated: 0 of 2147483647]
20:39:41.925 [docker-java-stream-31094179] DEBUG com.github.dockerjava.zerodep.shaded.org.apache.hc.client5.http.wire - http-outgoing-0 << "end of stream"
20:39:41.926 [Test worker] DEBUG com.github.dockerjava.zerodep.shaded.org.apache.hc.client5.http.wire - http-outgoing-0 << "[read] I/O error: java.nio.channels.ClosedChannelException"
20:39:41.926 [docker-java-stream-31094179] DEBUG com.github.dockerjava.zerodep.shaded.org.apache.hc.client5.http.wire - http-outgoing-0 << "[read] I/O error: java.nio.channels.ClosedChannelException"
20:39:41.929 [docker-java-stream-31094179] DEBUG com.github.dockerjava.zerodep.ApacheDockerHttpClientImpl$ApacheResponse - Failed to close the response
java.io.IOException: java.nio.channels.ClosedChannelException
	at java.base/java.nio.channels.Channels$2.read(Channels.java:240)
	at com.github.dockerjava.zerodep.shaded.org.apache.hc.client5.http.impl.io.LoggingInputStream.read(LoggingInputStream.java:81)
	at com.github.dockerjava.zerodep.shaded.org.apache.hc.core5.http.impl.io.SessionInputBufferImpl.fillBuffer(SessionInputBufferImpl.java:149)
	at com.github.dockerjava.zerodep.shaded.org.apache.hc.core5.http.impl.io.SessionInputBufferImpl.readLine(SessionInputBufferImpl.java:280)
	at com.github.dockerjava.zerodep.shaded.org.apache.hc.core5.http.impl.io.ChunkedInputStream.getChunkSize(ChunkedInputStream.java:261)
	at com.github.dockerjava.zerodep.shaded.org.apache.hc.core5.http.impl.io.ChunkedInputStream.nextChunk(ChunkedInputStream.java:222)
	at com.github.dockerjava.zerodep.shaded.org.apache.hc.core5.http.impl.io.ChunkedInputStream.read(ChunkedInputStream.java:147)
	at com.github.dockerjava.zerodep.shaded.org.apache.hc.core5.http.impl.io.ChunkedInputStream.close(ChunkedInputStream.java:314)
	at com.github.dockerjava.zerodep.shaded.org.apache.hc.core5.io.Closer.close(Closer.java:48)
	at com.github.dockerjava.zerodep.shaded.org.apache.hc.core5.http.impl.io.IncomingHttpEntity.close(IncomingHttpEntity.java:111)
	at com.github.dockerjava.zerodep.shaded.org.apache.hc.core5.http.io.entity.HttpEntityWrapper.close(HttpEntityWrapper.java:120)
	at com.github.dockerjava.zerodep.shaded.org.apache.hc.core5.io.Closer.close(Closer.java:48)
	at com.github.dockerjava.zerodep.shaded.org.apache.hc.core5.http.message.BasicClassicHttpResponse.close(BasicClassicHttpResponse.java:93)
	at com.github.dockerjava.zerodep.shaded.org.apache.hc.client5.http.impl.classic.CloseableHttpResponse.close(CloseableHttpResponse.java:200)
	at com.github.dockerjava.zerodep.ApacheDockerHttpClientImpl$ApacheResponse.close(ApacheDockerHttpClientImpl.java:256)
	at org.testcontainers.shaded.com.github.dockerjava.core.DefaultInvocationBuilder.lambda$executeAndStream$1(DefaultInvocationBuilder.java:277)
	at java.base/java.lang.Thread.run(Thread.java:833)
Caused by: java.nio.channels.ClosedChannelException: null
	at java.base/sun.nio.ch.WindowsAsynchronousFileChannelImpl.implRead(WindowsAsynchronousFileChannelImpl.java:516)
	at java.base/sun.nio.ch.AsynchronousFileChannelImpl.read(AsynchronousFileChannelImpl.java:229)
	at com.github.dockerjava.transport.NamedPipeSocket$AsynchronousFileByteChannel.read(NamedPipeSocket.java:117)
	at java.base/java.nio.channels.Channels$2.read(Channels.java:238)
	... 16 common frames omitted
20:39:41.929 [Test worker] DEBUG com.github.dockerjava.zerodep.ApacheDockerHttpClientImpl$ApacheResponse - Failed to close the response
java.io.IOException: java.nio.channels.ClosedChannelException
	at java.base/java.nio.channels.Channels$2.read(Channels.java:240)
	at com.github.dockerjava.zerodep.shaded.org.apache.hc.client5.http.impl.io.LoggingInputStream.read(LoggingInputStream.java:81)
	at com.github.dockerjava.zerodep.shaded.org.apache.hc.core5.http.impl.io.SessionInputBufferImpl.fillBuffer(SessionInputBufferImpl.java:149)
	at com.github.dockerjava.zerodep.shaded.org.apache.hc.core5.http.impl.io.SessionInputBufferImpl.readLine(SessionInputBufferImpl.java:280)
	at com.github.dockerjava.zerodep.shaded.org.apache.hc.core5.http.impl.io.ChunkedInputStream.getChunkSize(ChunkedInputStream.java:261)
	at com.github.dockerjava.zerodep.shaded.org.apache.hc.core5.http.impl.io.ChunkedInputStream.nextChunk(ChunkedInputStream.java:222)
	at com.github.dockerjava.zerodep.shaded.org.apache.hc.core5.http.impl.io.ChunkedInputStream.read(ChunkedInputStream.java:147)
	at com.github.dockerjava.zerodep.shaded.org.apache.hc.core5.http.impl.io.ChunkedInputStream.close(ChunkedInputStream.java:314)
	at com.github.dockerjava.zerodep.shaded.org.apache.hc.core5.io.Closer.close(Closer.java:48)
	at com.github.dockerjava.zerodep.shaded.org.apache.hc.core5.http.impl.io.IncomingHttpEntity.close(IncomingHttpEntity.java:111)
	at com.github.dockerjava.zerodep.shaded.org.apache.hc.core5.http.io.entity.HttpEntityWrapper.close(HttpEntityWrapper.java:120)
	at com.github.dockerjava.zerodep.shaded.org.apache.hc.core5.io.Closer.close(Closer.java:48)
	at com.github.dockerjava.zerodep.shaded.org.apache.hc.core5.http.message.BasicClassicHttpResponse.close(BasicClassicHttpResponse.java:93)
	at com.github.dockerjava.zerodep.shaded.org.apache.hc.client5.http.impl.classic.CloseableHttpResponse.close(CloseableHttpResponse.java:200)
	at com.github.dockerjava.zerodep.ApacheDockerHttpClientImpl$ApacheResponse.close(ApacheDockerHttpClientImpl.java:256)
	at org.testcontainers.shaded.com.github.dockerjava.core.DefaultInvocationBuilder.lambda$null$0(DefaultInvocationBuilder.java:272)
	at com.github.dockerjava.api.async.ResultCallbackTemplate.close(ResultCallbackTemplate.java:77)
	at org.testcontainers.containers.output.FrameConsumerResultCallback.close(FrameConsumerResultCallback.java:99)
	at org.testcontainers.containers.wait.strategy.LogMessageWaitStrategy.waitUntilReady(LogMessageWaitStrategy.java:49)
	at org.testcontainers.containers.wait.strategy.AbstractWaitStrategy.waitUntilReady(AbstractWaitStrategy.java:52)
	at org.testcontainers.containers.GenericContainer.waitUntilContainerStarted(GenericContainer.java:953)
	at org.testcontainers.containers.GenericContainer.tryStart(GenericContainer.java:485)
	at org.testcontainers.containers.GenericContainer.lambda$doStart$0(GenericContainer.java:344)
	at org.rnorth.ducttape.unreliables.Unreliables.retryUntilSuccess(Unreliables.java:81)
	at org.testcontainers.containers.GenericContainer.doStart(GenericContainer.java:334)
	at org.testcontainers.containers.GenericContainer.start(GenericContainer.java:322)
	at org.testcontainers.utility.RyukResourceReaper.maybeStart(RyukResourceReaper.java:78)
	at org.testcontainers.utility.RyukResourceReaper.init(RyukResourceReaper.java:42)
	at org.testcontainers.DockerClientFactory.client(DockerClientFactory.java:209)
	at org.testcontainers.DockerClientFactory$1.getDockerClient(DockerClientFactory.java:89)
	at com.github.dockerjava.api.DockerClientDelegate.authConfig(DockerClientDelegate.java:108)
	at org.testcontainers.containers.GenericContainer.start(GenericContainer.java:321)
	at org.testcontainers.junit.jupiter.TestcontainersExtension$StoreAdapter.start(TestcontainersExtension.java:242)
	at org.testcontainers.junit.jupiter.TestcontainersExtension$StoreAdapter.access$200(TestcontainersExtension.java:229)
	at org.testcontainers.junit.jupiter.TestcontainersExtension.lambda$null$1(TestcontainersExtension.java:56)
	at org.junit.jupiter.engine.execution.ExtensionValuesStore.lambda$getOrComputeIfAbsent$4(ExtensionValuesStore.java:86)
	at org.junit.jupiter.engine.execution.ExtensionValuesStore$MemoizingSupplier.computeValue(ExtensionValuesStore.java:223)
	at org.junit.jupiter.engine.execution.ExtensionValuesStore$MemoizingSupplier.get(ExtensionValuesStore.java:211)
	at org.junit.jupiter.engine.execution.ExtensionValuesStore$StoredValue.evaluate(ExtensionValuesStore.java:191)
	at org.junit.jupiter.engine.execution.ExtensionValuesStore$StoredValue.access$100(ExtensionValuesStore.java:171)
	at org.junit.jupiter.engine.execution.ExtensionValuesStore.getOrComputeIfAbsent(ExtensionValuesStore.java:89)
	at org.junit.jupiter.engine.execution.NamespaceAwareStore.getOrComputeIfAbsent(NamespaceAwareStore.java:53)
	at org.testcontainers.junit.jupiter.TestcontainersExtension.lambda$beforeAll$2(TestcontainersExtension.java:56)
	at java.base/java.util.ArrayList.forEach(ArrayList.java:1511)
	at org.testcontainers.junit.jupiter.TestcontainersExtension.beforeAll(TestcontainersExtension.java:55)
	at org.junit.jupiter.engine.descriptor.ClassBasedTestDescriptor.lambda$invokeBeforeAllCallbacks$10(ClassBasedTestDescriptor.java:381)
	at org.junit.platform.engine.support.hierarchical.ThrowableCollector.execute(ThrowableCollector.java:73)
	at org.junit.jupiter.engine.descriptor.ClassBasedTestDescriptor.invokeBeforeAllCallbacks(ClassBasedTestDescriptor.java:381)
	at org.junit.jupiter.engine.descriptor.ClassBasedTestDescriptor.before(ClassBasedTestDescriptor.java:205)
	at org.junit.jupiter.engine.descriptor.ClassBasedTestDescriptor.before(ClassBasedTestDescriptor.java:80)
	at org.junit.platform.engine.support.hierarchical.NodeTestTask.lambda$executeRecursively$6(NodeTestTask.java:148)
	at org.junit.platform.engine.support.hierarchical.ThrowableCollector.execute(ThrowableCollector.java:73)
	at org.junit.platform.engine.support.hierarchical.NodeTestTask.lambda$executeRecursively$8(NodeTestTask.java:141)
	at org.junit.platform.engine.support.hierarchical.Node.around(Node.java:137)
	at org.junit.platform.engine.support.hierarchical.NodeTestTask.lambda$executeRecursively$9(NodeTestTask.java:139)
	at org.junit.platform.engine.support.hierarchical.ThrowableCollector.execute(ThrowableCollector.java:73)
	at org.junit.platform.engine.support.hierarchical.NodeTestTask.executeRecursively(NodeTestTask.java:138)
	at org.junit.platform.engine.support.hierarchical.NodeTestTask.execute(NodeTestTask.java:95)
	at java.base/java.util.ArrayList.forEach(ArrayList.java:1511)
	at org.junit.platform.engine.support.hierarchical.SameThreadHierarchicalTestExecutorService.invokeAll(SameThreadHierarchicalTestExecutorService.java:41)
	at org.junit.platform.engine.support.hierarchical.NodeTestTask.lambda$executeRecursively$6(NodeTestTask.java:155)
	at org.junit.platform.engine.support.hierarchical.ThrowableCollector.execute(ThrowableCollector.java:73)
	at org.junit.platform.engine.support.hierarchical.NodeTestTask.lambda$executeRecursively$8(NodeTestTask.java:141)
	at org.junit.platform.engine.support.hierarchical.Node.around(Node.java:137)
	at org.junit.platform.engine.support.hierarchical.NodeTestTask.lambda$executeRecursively$9(NodeTestTask.java:139)
	at org.junit.platform.engine.support.hierarchical.ThrowableCollector.execute(ThrowableCollector.java:73)
	at org.junit.platform.engine.support.hierarchical.NodeTestTask.executeRecursively(NodeTestTask.java:138)
	at org.junit.platform.engine.support.hierarchical.NodeTestTask.execute(NodeTestTask.java:95)
	at org.junit.platform.engine.support.hierarchical.SameThreadHierarchicalTestExecutorService.submit(SameThreadHierarchicalTestExecutorService.java:35)
	at org.junit.platform.engine.support.hierarchical.HierarchicalTestExecutor.execute(HierarchicalTestExecutor.java:57)
	at org.junit.platform.engine.support.hierarchical.HierarchicalTestEngine.execute(HierarchicalTestEngine.java:54)
	at org.junit.platform.launcher.core.EngineExecutionOrchestrator.execute(EngineExecutionOrchestrator.java:108)
	at org.junit.platform.launcher.core.EngineExecutionOrchestrator.execute(EngineExecutionOrchestrator.java:88)
	at org.junit.platform.launcher.core.EngineExecutionOrchestrator.lambda$execute$0(EngineExecutionOrchestrator.java:54)
	at org.junit.platform.launcher.core.EngineExecutionOrchestrator.withInterceptedStreams(EngineExecutionOrchestrator.java:67)
	at org.junit.platform.launcher.core.EngineExecutionOrchestrator.execute(EngineExecutionOrchestrator.java:52)
	at org.junit.platform.launcher.core.DefaultLauncher.execute(DefaultLauncher.java:96)
	at org.junit.platform.launcher.core.DefaultLauncher.execute(DefaultLauncher.java:75)
	at org.gradle.api.internal.tasks.testing.junitplatform.JUnitPlatformTestClassProcessor$CollectAllTestClassesExecutor.processAllTestClasses(JUnitPlatformTestClassProcessor.java:99)
	at org.gradle.api.internal.tasks.testing.junitplatform.JUnitPlatformTestClassProcessor$CollectAllTestClassesExecutor.access$000(JUnitPlatformTestClassProcessor.java:79)
	at org.gradle.api.internal.tasks.testing.junitplatform.JUnitPlatformTestClassProcessor.stop(JUnitPlatformTestClassProcessor.java:75)
	at org.gradle.api.internal.tasks.testing.SuiteTestClassProcessor.stop(SuiteTestClassProcessor.java:61)
	at java.base/jdk.internal.reflect.NativeMethodAccessorImpl.invoke0(Native Method)
	at java.base/jdk.internal.reflect.NativeMethodAccessorImpl.invoke(NativeMethodAccessorImpl.java:77)
	at java.base/jdk.internal.reflect.DelegatingMethodAccessorImpl.invoke(DelegatingMethodAccessorImpl.java:43)
	at java.base/java.lang.reflect.Method.invoke(Method.java:568)
	at org.gradle.internal.dispatch.ReflectionDispatch.dispatch(ReflectionDispatch.java:36)
	at org.gradle.internal.dispatch.ReflectionDispatch.dispatch(ReflectionDispatch.java:24)
	at org.gradle.internal.dispatch.ContextClassLoaderDispatch.dispatch(ContextClassLoaderDispatch.java:33)
	at org.gradle.internal.dispatch.ProxyDispatchAdapter$DispatchingInvocationHandler.invoke(ProxyDispatchAdapter.java:94)
	at jdk.proxy1/jdk.proxy1.$Proxy2.stop(Unknown Source)
	at org.gradle.api.internal.tasks.testing.worker.TestWorker$3.run(TestWorker.java:193)
	at org.gradle.api.internal.tasks.testing.worker.TestWorker.executeAndMaintainThreadName(TestWorker.java:129)
	at org.gradle.api.internal.tasks.testing.worker.TestWorker.execute(TestWorker.java:100)
	at org.gradle.api.internal.tasks.testing.worker.TestWorker.execute(TestWorker.java:60)
	at org.gradle.process.internal.worker.child.ActionExecutionWorker.execute(ActionExecutionWorker.java:56)
	at org.gradle.process.internal.worker.child.SystemApplicationClassLoaderWorker.call(SystemApplicationClassLoaderWorker.java:133)
	at org.gradle.process.internal.worker.child.SystemApplicationClassLoaderWorker.call(SystemApplicationClassLoaderWorker.java:71)
	at worker.org.gradle.process.internal.worker.GradleWorkerMain.run(GradleWorkerMain.java:69)
	at worker.org.gradle.process.internal.worker.GradleWorkerMain.main(GradleWorkerMain.java:74)
Caused by: java.nio.channels.ClosedChannelException: null
	at java.base/sun.nio.ch.WindowsAsynchronousFileChannelImpl.implRead(WindowsAsynchronousFileChannelImpl.java:516)
	at java.base/sun.nio.ch.AsynchronousFileChannelImpl.read(AsynchronousFileChannelImpl.java:229)
	at com.github.dockerjava.transport.NamedPipeSocket$AsynchronousFileByteChannel.read(NamedPipeSocket.java:117)
	at java.base/java.nio.channels.Channels$2.read(Channels.java:238)
	... 99 common frames omitted
20:39:41.932 [Test worker] INFO docker[testcontainers/ryuk:0.3.4] - Container testcontainers/ryuk:0.3.4 started in PT1.9431019S
20:39:41.939 [testcontainers-ryuk] DEBUG org.testcontainers.utility.ResourceReaper - Sending 'label=org.testcontainers%3Dtrue&label=org.testcontainers.sessionId%3D8d452d0b-c6cc-4a9d-9ce2-a121161a579e' to Ryuk
20:39:41.940 [testcontainers-ryuk] DEBUG org.testcontainers.utility.RyukResourceReaper - Received 'ACK' from Ryuk
20:39:41.941 [Test worker] INFO org.testcontainers.utility.RyukResourceReaper - Ryuk started - will monitor and terminate Testcontainers containers on JVM exit
20:39:41.941 [Test worker] DEBUG org.testcontainers.DockerClientFactory - Checks are enabled
20:39:41.941 [Test worker] INFO org.testcontainers.DockerClientFactory - Checking the system...
20:39:41.941 [Test worker] INFO org.testcontainers.DockerClientFactory - ?? Docker server version should be at least 1.6.0
20:39:41.942 [Test worker] DEBUG org.testcontainers.utility.PrefixingImageNameSubstitutor - No prefix is configured
20:39:41.942 [Test worker] DEBUG org.testcontainers.utility.ImageNameSubstitutor - Did not find a substitute image for postgres:14 (using image substitutor: DefaultImageNameSubstitutor (composite of 'ConfigurationFileImageNameSubstitutor' and 'PrefixingImageNameSubstitutor'))
20:39:41.942 [Test worker] DEBUG org.testcontainers.images.AbstractImagePullPolicy - Using locally available and not pulling image: postgres:14
20:39:41.942 [Test worker] DEBUG docker[postgres:14] - Starting container: postgres:14
20:39:41.942 [Test worker] DEBUG docker[postgres:14] - Trying to start container: postgres:14 (attempt 1/1)
20:39:41.942 [Test worker] DEBUG docker[postgres:14] - Starting container: postgres:14
20:39:41.942 [Test worker] INFO docker[postgres:14] - Creating container for image: postgres:14
20:39:41.942 [Test worker] DEBUG org.testcontainers.utility.RegistryAuthLocator - Looking up auth config for image: postgres:14 at registry: https://index.docker.io/v1/
20:39:41.942 [Test worker] DEBUG org.testcontainers.utility.RegistryAuthLocator - No matching Auth Configs - falling back to defaultAuthConfig [null]
20:39:41.942 [Test worker] DEBUG org.testcontainers.dockerclient.AuthDelegatingDockerClientConfig - Effective auth config [null]
20:39:41.942 [Test worker] DEBUG org.testcontainers.shaded.com.github.dockerjava.core.command.AbstrDockerCmd - Cmd: org.testcontainers.shaded.com.github.dockerjava.core.command.CreateContainerCmdImpl@723ed581[aliases=<null>,argsEscaped=<null>,attachStderr=<null>,attachStdin=<null>,attachStdout=<null>,authConfig=<null>,cmd={postgres,-c,fsync=off},domainName=<null>,entrypoint=<null>,env={POSTGRES_USER=test,POSTGRES_PASSWORD=test,POSTGRES_DB=test},exposedPorts=ExposedPorts(exposedPorts=[5432/tcp]),healthcheck=<null>,hostConfig=HostConfig(binds=[], blkioWeight=null, blkioWeightDevice=null, blkioDeviceReadBps=null, blkioDeviceWriteBps=null, blkioDeviceReadIOps=null, blkioDeviceWriteIOps=null, memorySwappiness=null, nanoCPUs=null, capAdd=null, capDrop=null, containerIDFile=null, cpuPeriod=null, cpuRealtimePeriod=null, cpuRealtimeRuntime=null, cpuShares=null, cpuQuota=null, cpusetCpus=null, cpusetMems=null, devices=null, deviceCgroupRules=null, deviceRequests=null, diskQuota=null, dns=null, dnsOptions=null, dnsSearch=null, extraHosts=[], groupAdd=null, ipcMode=null, cgroup=null, links=[], logConfig=LogConfig(type=null, config=null), lxcConf=null, memory=null, memorySwap=null, memoryReservation=null, kernelMemory=null, networkMode=null, oomKillDisable=null, init=null, autoRemove=null, oomScoreAdj=null, portBindings={5432/tcp=[Lcom.github.dockerjava.api.model.Ports$Binding;@1436a7ab}, privileged=null, publishAllPorts=null, readonlyRootfs=null, restartPolicy=null, ulimits=null, cpuCount=null, cpuPercent=null, ioMaximumIOps=null, ioMaximumBandwidth=null, volumesFrom=[], mounts=null, pidMode=null, isolation=null, securityOpts=null, storageOpt=null, cgroupParent=null, volumeDriver=null, shmSize=null, pidsLimit=null, runtime=null, tmpFs=null, utSMode=null, usernsMode=null, sysctls=null, consoleSize=null, cgroupnsMode=null),hostName=<null>,image=postgres:14,ipv4Address=<null>,ipv6Address=<null>,labels={org.testcontainers=true, org.testcontainers.sessionId=8d452d0b-c6cc-4a9d-9ce2-a121161a579e},macAddress=<null>,name=<null>,networkDisabled=<null>,networkingConfig=<null>,onBuild=<null>,platform=<null>,portSpecs=<null>,shell=<null>,stdInOnce=<null>,stdinOpen=<null>,stopSignal=<null>,stopTimeout=<null>,tty=<null>,user=<null>,volumes=Volumes(volumes=[]),workingDir=<null>]
20:39:41.946 [Test worker] DEBUG com.github.dockerjava.zerodep.shaded.org.apache.hc.client5.http.impl.classic.InternalHttpClient - ex-00000008: preparing request execution
20:39:41.946 [Test worker] DEBUG com.github.dockerjava.zerodep.shaded.org.apache.hc.client5.http.protocol.RequestAddCookies - Cookie spec selected: strict
20:39:41.946 [Test worker] DEBUG com.github.dockerjava.zerodep.shaded.org.apache.hc.client5.http.protocol.RequestAuthCache - Auth cache not set in the context
20:39:41.946 [Test worker] DEBUG com.github.dockerjava.zerodep.shaded.org.apache.hc.client5.http.impl.classic.ProtocolExec - ex-00000008: target auth state: UNCHALLENGED
20:39:41.946 [Test worker] DEBUG com.github.dockerjava.zerodep.shaded.org.apache.hc.client5.http.impl.classic.ProtocolExec - ex-00000008: proxy auth state: UNCHALLENGED
20:39:41.946 [Test worker] DEBUG com.github.dockerjava.zerodep.shaded.org.apache.hc.client5.http.impl.classic.ConnectExec - ex-00000008: acquiring connection with route {}->npipe://localhost:2375
20:39:41.946 [Test worker] DEBUG com.github.dockerjava.zerodep.shaded.org.apache.hc.client5.http.impl.classic.InternalHttpClient - ex-00000008: acquiring endpoint (3 MINUTES)
20:39:41.947 [Test worker] DEBUG com.github.dockerjava.zerodep.shaded.org.apache.hc.client5.http.impl.io.PoolingHttpClientConnectionManager - ex-00000008: endpoint lease request (3 MINUTES) [route: {}->npipe://localhost:2375][total available: 0; route allocated: 0 of 2147483647; total allocated: 0 of 2147483647]
20:39:41.947 [Test worker] DEBUG com.github.dockerjava.zerodep.shaded.org.apache.hc.client5.http.impl.io.PoolingHttpClientConnectionManager - ex-00000008: endpoint leased [route: {}->npipe://localhost:2375][total available: 0; route allocated: 1 of 2147483647; total allocated: 1 of 2147483647]
20:39:41.947 [Test worker] DEBUG com.github.dockerjava.zerodep.shaded.org.apache.hc.client5.http.impl.io.PoolingHttpClientConnectionManager - ex-00000008: acquired ep-00000007
20:39:41.947 [Test worker] DEBUG com.github.dockerjava.zerodep.shaded.org.apache.hc.client5.http.impl.classic.InternalHttpClient - ex-00000008: acquired endpoint ep-00000007
20:39:41.947 [Test worker] DEBUG com.github.dockerjava.zerodep.shaded.org.apache.hc.client5.http.impl.classic.ConnectExec - ex-00000008: opening connection {}->npipe://localhost:2375
20:39:41.947 [Test worker] DEBUG com.github.dockerjava.zerodep.shaded.org.apache.hc.client5.http.impl.classic.InternalHttpClient - ep-00000007: connecting endpoint (3 MINUTES)
20:39:41.947 [Test worker] DEBUG com.github.dockerjava.zerodep.shaded.org.apache.hc.client5.http.impl.io.PoolingHttpClientConnectionManager - ep-00000007: connecting endpoint to npipe://localhost:2375 (3 MINUTES)
20:39:41.947 [Test worker] DEBUG com.github.dockerjava.zerodep.shaded.org.apache.hc.client5.http.impl.io.DefaultHttpClientConnectionOperator - http-outgoing-1: connecting to localhost/127.0.0.1:2375
20:39:41.947 [Test worker] DEBUG com.github.dockerjava.zerodep.shaded.org.apache.hc.client5.http.impl.io.DefaultHttpClientConnectionOperator - http-outgoing-1: connection established 
20:39:41.947 [Test worker] DEBUG com.github.dockerjava.zerodep.shaded.org.apache.hc.client5.http.impl.io.PoolingHttpClientConnectionManager - ep-00000007: connected http-outgoing-1
20:39:41.947 [Test worker] DEBUG com.github.dockerjava.zerodep.shaded.org.apache.hc.client5.http.impl.classic.InternalHttpClient - ep-00000007: endpoint connected
20:39:41.947 [Test worker] DEBUG com.github.dockerjava.zerodep.shaded.org.apache.hc.client5.http.impl.classic.MainClientExec - ex-00000008: executing POST /v1.32/containers/create HTTP/1.1
20:39:41.947 [Test worker] DEBUG com.github.dockerjava.zerodep.shaded.org.apache.hc.client5.http.impl.classic.InternalHttpClient - ep-00000007: start execution ex-00000008
20:39:41.947 [Test worker] DEBUG com.github.dockerjava.zerodep.shaded.org.apache.hc.client5.http.impl.io.PoolingHttpClientConnectionManager - ep-00000007: executing exchange ex-00000008 over http-outgoing-1
20:39:41.947 [Test worker] DEBUG com.github.dockerjava.zerodep.shaded.org.apache.hc.client5.http.headers - http-outgoing-1 >> POST /v1.32/containers/create HTTP/1.1
20:39:41.948 [Test worker] DEBUG com.github.dockerjava.zerodep.shaded.org.apache.hc.client5.http.headers - http-outgoing-1 >> accept: application/json
20:39:41.948 [Test worker] DEBUG com.github.dockerjava.zerodep.shaded.org.apache.hc.client5.http.headers - http-outgoing-1 >> content-type: application/json
20:39:41.948 [Test worker] DEBUG com.github.dockerjava.zerodep.shaded.org.apache.hc.client5.http.headers - http-outgoing-1 >> x-tc-sid: 8d452d0b-c6cc-4a9d-9ce2-a121161a579e
20:39:41.948 [Test worker] DEBUG com.github.dockerjava.zerodep.shaded.org.apache.hc.client5.http.headers - http-outgoing-1 >> Accept-Encoding: gzip, x-gzip, deflate
20:39:41.948 [Test worker] DEBUG com.github.dockerjava.zerodep.shaded.org.apache.hc.client5.http.headers - http-outgoing-1 >> Content-Length: 1984
20:39:41.948 [Test worker] DEBUG com.github.dockerjava.zerodep.shaded.org.apache.hc.client5.http.headers - http-outgoing-1 >> Host: localhost:2375
20:39:41.948 [Test worker] DEBUG com.github.dockerjava.zerodep.shaded.org.apache.hc.client5.http.headers - http-outgoing-1 >> Connection: keep-alive
20:39:41.948 [Test worker] DEBUG com.github.dockerjava.zerodep.shaded.org.apache.hc.client5.http.headers - http-outgoing-1 >> User-Agent: Apache-HttpClient/5.0.3 (Java/17.0.4)
20:39:41.948 [Test worker] DEBUG com.github.dockerjava.zerodep.shaded.org.apache.hc.client5.http.wire - http-outgoing-1 >> "POST /v1.32/containers/create HTTP/1.1[\r][\n]"
20:39:41.948 [Test worker] DEBUG com.github.dockerjava.zerodep.shaded.org.apache.hc.client5.http.wire - http-outgoing-1 >> "accept: application/json[\r][\n]"
20:39:41.948 [Test worker] DEBUG com.github.dockerjava.zerodep.shaded.org.apache.hc.client5.http.wire - http-outgoing-1 >> "content-type: application/json[\r][\n]"
20:39:41.948 [Test worker] DEBUG com.github.dockerjava.zerodep.shaded.org.apache.hc.client5.http.wire - http-outgoing-1 >> "x-tc-sid: 8d452d0b-c6cc-4a9d-9ce2-a121161a579e[\r][\n]"
20:39:41.948 [Test worker] DEBUG com.github.dockerjava.zerodep.shaded.org.apache.hc.client5.http.wire - http-outgoing-1 >> "Accept-Encoding: gzip, x-gzip, deflate[\r][\n]"
20:39:41.948 [Test worker] DEBUG com.github.dockerjava.zerodep.shaded.org.apache.hc.client5.http.wire - http-outgoing-1 >> "Content-Length: 1984[\r][\n]"
20:39:41.948 [Test worker] DEBUG com.github.dockerjava.zerodep.shaded.org.apache.hc.client5.http.wire - http-outgoing-1 >> "Host: localhost:2375[\r][\n]"
20:39:41.948 [Test worker] DEBUG com.github.dockerjava.zerodep.shaded.org.apache.hc.client5.http.wire - http-outgoing-1 >> "Connection: keep-alive[\r][\n]"
20:39:41.948 [Test worker] DEBUG com.github.dockerjava.zerodep.shaded.org.apache.hc.client5.http.wire - http-outgoing-1 >> "User-Agent: Apache-HttpClient/5.0.3 (Java/17.0.4)[\r][\n]"
20:39:41.948 [Test worker] DEBUG com.github.dockerjava.zerodep.shaded.org.apache.hc.client5.http.wire - http-outgoing-1 >> "[\r][\n]"
20:39:41.949 [Test worker] DEBUG com.github.dockerjava.zerodep.shaded.org.apache.hc.client5.http.wire - http-outgoing-1 >> "{"Hostname":null,"Domainname":null,"User":null,"AttachStdin":null,"AttachStdout":null,"AttachStderr":null,"PortSpecs":null,"Tty":null,"OpenStdin":null,"StdinOnce":null,"Env":["POSTGRES_USER=test","POSTGRES_PASSWORD=test","POSTGRES_DB=test"],"Cmd":["postgres","-c","fsync=off"],"Healthcheck":null,"ArgsEscaped":null,"Entrypoint":null,"Image":"postgres:14","Volumes":{},"WorkingDir":null,"MacAddress":null,"OnBuild":null,"NetworkDisabled":null,"ExposedPorts":{"5432/tcp":{}},"StopSignal":null,"StopTimeout":null,"HostConfig":{"Binds":[],"BlkioWeight":null,"BlkioWeightDevice":null,"BlkioDeviceReadBps":null,"BlkioDeviceWriteBps":null,"BlkioDeviceReadIOps":null,"BlkioDeviceWriteIOps":null,"MemorySwappiness":null,"NanoCpus":null,"CapAdd":null,"CapDrop":null,"ContainerIDFile":null,"CpuPeriod":null,"CpuRealtimePeriod":null,"CpuRealtimeRuntime":null,"CpuShares":null,"CpuQuota":null,"CpusetCpus":null,"CpusetMems":null,"Devices":null,"DeviceCgroupRules":null,"DeviceRequests":null,"DiskQuota":null,"Dns":null,"DnsOptions":null,"DnsSearch":null,"ExtraHosts":[],"GroupAdd":null,"IpcMode":null,"Cgroup":null,"Links":[],"LogConfig":null,"LxcConf":null,"Memory":null,"MemorySwap":null,"MemoryReservation":null,"KernelMemory":null,"NetworkMode":null,"OomKillDisable":null,"Init":null,"AutoRemove":null,"OomScoreAdj":null,"PortBindings":{"5432/tcp":[{"HostIp":"","HostPort":""}]},"Privileged":null,"PublishAllPorts":null,"ReadonlyRootfs":null,"RestartPolicy":null,"Ulimits":null,"CpuCount":null,"CpuPercent":null,"IOMaximumIOps":null,"IOMaximumBandwidth":null,"VolumesFrom":[],"Mounts":null,"PidMode":null,"Isolation":null,"SecurityOpt":null,"StorageOpt":null,"CgroupParent":null,"VolumeDriver":null,"ShmSize":null,"PidsLimit":null,"Runtime":null,"Tmpfs":null,"UTSMode":null,"UsernsMode":null,"Sysctls":null,"ConsoleSize":null,"CgroupnsMode":null},"Labels":{"org.testcontainers":"true","org.testcontainers.sessionId":"8d452d0b-c6cc-4a9d-9ce2-a121161a579e"},"Shell":null,"NetworkingConfig":null}"
20:39:42.053 [Test worker] DEBUG com.github.dockerjava.zerodep.shaded.org.apache.hc.client5.http.wire - http-outgoing-1 << "HTTP/1.1 201 Created[\r][\n]"
20:39:42.054 [Test worker] DEBUG com.github.dockerjava.zerodep.shaded.org.apache.hc.client5.http.wire - http-outgoing-1 << "Api-Version: 1.41[\r][\n]"
20:39:42.054 [Test worker] DEBUG com.github.dockerjava.zerodep.shaded.org.apache.hc.client5.http.wire - http-outgoing-1 << "Content-Type: application/json[\r][\n]"
20:39:42.054 [Test worker] DEBUG com.github.dockerjava.zerodep.shaded.org.apache.hc.client5.http.wire - http-outgoing-1 << "Date: Sat, 05 Nov 2022 18:39:42 GMT[\r][\n]"
20:39:42.054 [Test worker] DEBUG com.github.dockerjava.zerodep.shaded.org.apache.hc.client5.http.wire - http-outgoing-1 << "Docker-Experimental: false[\r][\n]"
20:39:42.054 [Test worker] DEBUG com.github.dockerjava.zerodep.shaded.org.apache.hc.client5.http.wire - http-outgoing-1 << "Ostype: linux[\r][\n]"
20:39:42.054 [Test worker] DEBUG com.github.dockerjava.zerodep.shaded.org.apache.hc.client5.http.wire - http-outgoing-1 << "Server: Docker/20.10.17 (linux)[\r][\n]"
20:39:42.054 [Test worker] DEBUG com.github.dockerjava.zerodep.shaded.org.apache.hc.client5.http.wire - http-outgoing-1 << "Transfer-Encoding: chunked[\r][\n]"
20:39:42.054 [Test worker] DEBUG com.github.dockerjava.zerodep.shaded.org.apache.hc.client5.http.wire - http-outgoing-1 << "[\r][\n]"
20:39:42.054 [Test worker] DEBUG com.github.dockerjava.zerodep.shaded.org.apache.hc.client5.http.headers - http-outgoing-1 << HTTP/1.1 201 Created
20:39:42.054 [Test worker] DEBUG com.github.dockerjava.zerodep.shaded.org.apache.hc.client5.http.headers - http-outgoing-1 << Api-Version: 1.41
20:39:42.054 [Test worker] DEBUG com.github.dockerjava.zerodep.shaded.org.apache.hc.client5.http.headers - http-outgoing-1 << Content-Type: application/json
20:39:42.054 [Test worker] DEBUG com.github.dockerjava.zerodep.shaded.org.apache.hc.client5.http.headers - http-outgoing-1 << Date: Sat, 05 Nov 2022 18:39:42 GMT
20:39:42.054 [Test worker] DEBUG com.github.dockerjava.zerodep.shaded.org.apache.hc.client5.http.headers - http-outgoing-1 << Docker-Experimental: false
20:39:42.054 [Test worker] DEBUG com.github.dockerjava.zerodep.shaded.org.apache.hc.client5.http.headers - http-outgoing-1 << Ostype: linux
20:39:42.054 [Test worker] DEBUG com.github.dockerjava.zerodep.shaded.org.apache.hc.client5.http.headers - http-outgoing-1 << Server: Docker/20.10.17 (linux)
20:39:42.054 [Test worker] DEBUG com.github.dockerjava.zerodep.shaded.org.apache.hc.client5.http.headers - http-outgoing-1 << Transfer-Encoding: chunked
20:39:42.054 [Test worker] DEBUG com.github.dockerjava.zerodep.shaded.org.apache.hc.client5.http.impl.classic.MainClientExec - ex-00000008: connection can be kept alive for 3 MINUTES
20:39:42.055 [Test worker] DEBUG com.github.dockerjava.zerodep.shaded.org.apache.hc.client5.http.wire - http-outgoing-1 << "58[\r][\n]"
20:39:42.055 [Test worker] DEBUG com.github.dockerjava.zerodep.shaded.org.apache.hc.client5.http.wire - http-outgoing-1 << "{"Id":"3a060c2a65daf70d5c42a859ac7908a05494040ede0efa155e310e95534de7c7","Warnings":[]}[\n]"
20:39:42.055 [Test worker] DEBUG com.github.dockerjava.zerodep.shaded.org.apache.hc.client5.http.wire - http-outgoing-1 << "[\r][\n]"
20:39:42.055 [Test worker] DEBUG com.github.dockerjava.zerodep.shaded.org.apache.hc.client5.http.wire - http-outgoing-1 << "0[\r][\n]"
20:39:42.055 [Test worker] DEBUG com.github.dockerjava.zerodep.shaded.org.apache.hc.client5.http.wire - http-outgoing-1 << "[\r][\n]"
20:39:42.055 [Test worker] DEBUG com.github.dockerjava.zerodep.shaded.org.apache.hc.client5.http.impl.classic.InternalHttpClient - ep-00000007: releasing valid endpoint
20:39:42.055 [Test worker] DEBUG com.github.dockerjava.zerodep.shaded.org.apache.hc.client5.http.impl.io.PoolingHttpClientConnectionManager - ep-00000007: releasing endpoint
20:39:42.055 [Test worker] DEBUG com.github.dockerjava.zerodep.shaded.org.apache.hc.client5.http.impl.io.PoolingHttpClientConnectionManager - ep-00000007: connection http-outgoing-1 can be kept alive for 3 MINUTES
20:39:42.055 [Test worker] DEBUG com.github.dockerjava.zerodep.shaded.org.apache.hc.client5.http.impl.io.PoolingHttpClientConnectionManager - ep-00000007: connection released [route: {}->npipe://localhost:2375][total available: 1; route allocated: 1 of 2147483647; total allocated: 1 of 2147483647]
20:39:42.055 [Test worker] INFO docker[postgres:14] - Container postgres:14 is starting: 3a060c2a65daf70d5c42a859ac7908a05494040ede0efa155e310e95534de7c7
20:39:42.056 [Test worker] DEBUG org.testcontainers.shaded.com.github.dockerjava.core.command.AbstrDockerCmd - Cmd: 3a060c2a65daf70d5c42a859ac7908a05494040ede0efa155e310e95534de7c7
20:39:42.057 [Test worker] DEBUG com.github.dockerjava.zerodep.shaded.org.apache.hc.client5.http.impl.classic.InternalHttpClient - ex-00000009: preparing request execution
20:39:42.057 [Test worker] DEBUG com.github.dockerjava.zerodep.shaded.org.apache.hc.client5.http.protocol.RequestAddCookies - Cookie spec selected: strict
20:39:42.057 [Test worker] DEBUG com.github.dockerjava.zerodep.shaded.org.apache.hc.client5.http.protocol.RequestAuthCache - Auth cache not set in the context
20:39:42.057 [Test worker] DEBUG com.github.dockerjava.zerodep.shaded.org.apache.hc.client5.http.impl.classic.ProtocolExec - ex-00000009: target auth state: UNCHALLENGED
20:39:42.057 [Test worker] DEBUG com.github.dockerjava.zerodep.shaded.org.apache.hc.client5.http.impl.classic.ProtocolExec - ex-00000009: proxy auth state: UNCHALLENGED
20:39:42.057 [Test worker] DEBUG com.github.dockerjava.zerodep.shaded.org.apache.hc.client5.http.impl.classic.ConnectExec - ex-00000009: acquiring connection with route {}->npipe://localhost:2375
20:39:42.057 [Test worker] DEBUG com.github.dockerjava.zerodep.shaded.org.apache.hc.client5.http.impl.classic.InternalHttpClient - ex-00000009: acquiring endpoint (3 MINUTES)
20:39:42.057 [Test worker] DEBUG com.github.dockerjava.zerodep.shaded.org.apache.hc.client5.http.impl.io.PoolingHttpClientConnectionManager - ex-00000009: endpoint lease request (3 MINUTES) [route: {}->npipe://localhost:2375][total available: 1; route allocated: 1 of 2147483647; total allocated: 1 of 2147483647]
20:39:42.057 [Test worker] DEBUG com.github.dockerjava.zerodep.shaded.org.apache.hc.client5.http.impl.io.PoolingHttpClientConnectionManager - ex-00000009: endpoint leased [route: {}->npipe://localhost:2375][total available: 0; route allocated: 1 of 2147483647; total allocated: 1 of 2147483647]
20:39:42.058 [Test worker] DEBUG com.github.dockerjava.zerodep.shaded.org.apache.hc.client5.http.impl.io.PoolingHttpClientConnectionManager - ex-00000009: acquired ep-00000008
20:39:42.058 [Test worker] DEBUG com.github.dockerjava.zerodep.shaded.org.apache.hc.client5.http.impl.classic.InternalHttpClient - ex-00000009: acquired endpoint ep-00000008
20:39:42.058 [Test worker] DEBUG com.github.dockerjava.zerodep.shaded.org.apache.hc.client5.http.impl.classic.MainClientExec - ex-00000009: executing POST /v1.32/containers/3a060c2a65daf70d5c42a859ac7908a05494040ede0efa155e310e95534de7c7/start HTTP/1.1
20:39:42.058 [Test worker] DEBUG com.github.dockerjava.zerodep.shaded.org.apache.hc.client5.http.impl.classic.InternalHttpClient - ep-00000008: start execution ex-00000009
20:39:42.058 [Test worker] DEBUG com.github.dockerjava.zerodep.shaded.org.apache.hc.client5.http.impl.io.PoolingHttpClientConnectionManager - ep-00000008: executing exchange ex-00000009 over http-outgoing-1
20:39:42.058 [Test worker] DEBUG com.github.dockerjava.zerodep.shaded.org.apache.hc.client5.http.headers - http-outgoing-1 >> POST /v1.32/containers/3a060c2a65daf70d5c42a859ac7908a05494040ede0efa155e310e95534de7c7/start HTTP/1.1
20:39:42.058 [Test worker] DEBUG com.github.dockerjava.zerodep.shaded.org.apache.hc.client5.http.headers - http-outgoing-1 >> accept: application/json
20:39:42.058 [Test worker] DEBUG com.github.dockerjava.zerodep.shaded.org.apache.hc.client5.http.headers - http-outgoing-1 >> content-type: application/json
20:39:42.058 [Test worker] DEBUG com.github.dockerjava.zerodep.shaded.org.apache.hc.client5.http.headers - http-outgoing-1 >> x-tc-sid: 8d452d0b-c6cc-4a9d-9ce2-a121161a579e
20:39:42.058 [Test worker] DEBUG com.github.dockerjava.zerodep.shaded.org.apache.hc.client5.http.headers - http-outgoing-1 >> Accept-Encoding: gzip, x-gzip, deflate
20:39:42.058 [Test worker] DEBUG com.github.dockerjava.zerodep.shaded.org.apache.hc.client5.http.headers - http-outgoing-1 >> Host: localhost:2375
20:39:42.058 [Test worker] DEBUG com.github.dockerjava.zerodep.shaded.org.apache.hc.client5.http.headers - http-outgoing-1 >> Connection: keep-alive
20:39:42.058 [Test worker] DEBUG com.github.dockerjava.zerodep.shaded.org.apache.hc.client5.http.headers - http-outgoing-1 >> User-Agent: Apache-HttpClient/5.0.3 (Java/17.0.4)
20:39:42.058 [Test worker] DEBUG com.github.dockerjava.zerodep.shaded.org.apache.hc.client5.http.wire - http-outgoing-1 >> "POST /v1.32/containers/3a060c2a65daf70d5c42a859ac7908a05494040ede0efa155e310e95534de7c7/start HTTP/1.1[\r][\n]"
20:39:42.058 [Test worker] DEBUG com.github.dockerjava.zerodep.shaded.org.apache.hc.client5.http.wire - http-outgoing-1 >> "accept: application/json[\r][\n]"
20:39:42.058 [Test worker] DEBUG com.github.dockerjava.zerodep.shaded.org.apache.hc.client5.http.wire - http-outgoing-1 >> "content-type: application/json[\r][\n]"
20:39:42.058 [Test worker] DEBUG com.github.dockerjava.zerodep.shaded.org.apache.hc.client5.http.wire - http-outgoing-1 >> "x-tc-sid: 8d452d0b-c6cc-4a9d-9ce2-a121161a579e[\r][\n]"
20:39:42.058 [Test worker] DEBUG com.github.dockerjava.zerodep.shaded.org.apache.hc.client5.http.wire - http-outgoing-1 >> "Accept-Encoding: gzip, x-gzip, deflate[\r][\n]"
20:39:42.058 [Test worker] DEBUG com.github.dockerjava.zerodep.shaded.org.apache.hc.client5.http.wire - http-outgoing-1 >> "Host: localhost:2375[\r][\n]"
20:39:42.058 [Test worker] DEBUG com.github.dockerjava.zerodep.shaded.org.apache.hc.client5.http.wire - http-outgoing-1 >> "Connection: keep-alive[\r][\n]"
20:39:42.058 [Test worker] DEBUG com.github.dockerjava.zerodep.shaded.org.apache.hc.client5.http.wire - http-outgoing-1 >> "User-Agent: Apache-HttpClient/5.0.3 (Java/17.0.4)[\r][\n]"
20:39:42.058 [Test worker] DEBUG com.github.dockerjava.zerodep.shaded.org.apache.hc.client5.http.wire - http-outgoing-1 >> "[\r][\n]"
20:39:43.379 [Test worker] DEBUG com.github.dockerjava.zerodep.shaded.org.apache.hc.client5.http.wire - http-outgoing-1 << "HTTP/1.1 204 No Content[\r][\n]"
20:39:43.379 [Test worker] DEBUG com.github.dockerjava.zerodep.shaded.org.apache.hc.client5.http.wire - http-outgoing-1 << "Api-Version: 1.41[\r][\n]"
20:39:43.379 [Test worker] DEBUG com.github.dockerjava.zerodep.shaded.org.apache.hc.client5.http.wire - http-outgoing-1 << "Date: Sat, 05 Nov 2022 18:39:43 GMT[\r][\n]"
20:39:43.379 [Test worker] DEBUG com.github.dockerjava.zerodep.shaded.org.apache.hc.client5.http.wire - http-outgoing-1 << "Docker-Experimental: false[\r][\n]"
20:39:43.379 [Test worker] DEBUG com.github.dockerjava.zerodep.shaded.org.apache.hc.client5.http.wire - http-outgoing-1 << "Ostype: linux[\r][\n]"
20:39:43.379 [Test worker] DEBUG com.github.dockerjava.zerodep.shaded.org.apache.hc.client5.http.wire - http-outgoing-1 << "Server: Docker/20.10.17 (linux)[\r][\n]"
20:39:43.379 [Test worker] DEBUG com.github.dockerjava.zerodep.shaded.org.apache.hc.client5.http.wire - http-outgoing-1 << "[\r][\n]"
20:39:43.379 [Test worker] DEBUG com.github.dockerjava.zerodep.shaded.org.apache.hc.client5.http.headers - http-outgoing-1 << HTTP/1.1 204 No Content
20:39:43.380 [Test worker] DEBUG com.github.dockerjava.zerodep.shaded.org.apache.hc.client5.http.headers - http-outgoing-1 << Api-Version: 1.41
20:39:43.380 [Test worker] DEBUG com.github.dockerjava.zerodep.shaded.org.apache.hc.client5.http.headers - http-outgoing-1 << Date: Sat, 05 Nov 2022 18:39:43 GMT
20:39:43.380 [Test worker] DEBUG com.github.dockerjava.zerodep.shaded.org.apache.hc.client5.http.headers - http-outgoing-1 << Docker-Experimental: false
20:39:43.380 [Test worker] DEBUG com.github.dockerjava.zerodep.shaded.org.apache.hc.client5.http.headers - http-outgoing-1 << Ostype: linux
20:39:43.380 [Test worker] DEBUG com.github.dockerjava.zerodep.shaded.org.apache.hc.client5.http.headers - http-outgoing-1 << Server: Docker/20.10.17 (linux)
20:39:43.380 [Test worker] DEBUG com.github.dockerjava.zerodep.shaded.org.apache.hc.client5.http.impl.classic.MainClientExec - ex-00000009: connection can be kept alive for 3 MINUTES
20:39:43.380 [Test worker] DEBUG com.github.dockerjava.zerodep.shaded.org.apache.hc.client5.http.impl.classic.InternalHttpClient - ep-00000008: releasing valid endpoint
20:39:43.380 [Test worker] DEBUG com.github.dockerjava.zerodep.shaded.org.apache.hc.client5.http.impl.io.PoolingHttpClientConnectionManager - ep-00000008: releasing endpoint
20:39:43.380 [Test worker] DEBUG com.github.dockerjava.zerodep.shaded.org.apache.hc.client5.http.impl.io.PoolingHttpClientConnectionManager - ep-00000008: connection http-outgoing-1 can be kept alive for 3 MINUTES
20:39:43.380 [Test worker] DEBUG com.github.dockerjava.zerodep.shaded.org.apache.hc.client5.http.impl.io.PoolingHttpClientConnectionManager - ep-00000008: connection released [route: {}->npipe://localhost:2375][total available: 1; route allocated: 1 of 2147483647; total allocated: 1 of 2147483647]
20:39:43.380 [Test worker] DEBUG org.testcontainers.shaded.com.github.dockerjava.core.command.AbstrDockerCmd - Cmd: 3a060c2a65daf70d5c42a859ac7908a05494040ede0efa155e310e95534de7c7,false
20:39:43.380 [Test worker] DEBUG org.testcontainers.shaded.com.github.dockerjava.core.exec.InspectContainerCmdExec - GET: DefaultWebTarget{path=[/containers/3a060c2a65daf70d5c42a859ac7908a05494040ede0efa155e310e95534de7c7/json], queryParams={}}
20:39:43.381 [Test worker] DEBUG com.github.dockerjava.zerodep.shaded.org.apache.hc.client5.http.impl.classic.InternalHttpClient - ex-0000000A: preparing request execution
20:39:43.381 [Test worker] DEBUG com.github.dockerjava.zerodep.shaded.org.apache.hc.client5.http.protocol.RequestAddCookies - Cookie spec selected: strict
20:39:43.381 [Test worker] DEBUG com.github.dockerjava.zerodep.shaded.org.apache.hc.client5.http.protocol.RequestAuthCache - Auth cache not set in the context
20:39:43.381 [Test worker] DEBUG com.github.dockerjava.zerodep.shaded.org.apache.hc.client5.http.impl.classic.ProtocolExec - ex-0000000A: target auth state: UNCHALLENGED
20:39:43.382 [Test worker] DEBUG com.github.dockerjava.zerodep.shaded.org.apache.hc.client5.http.impl.classic.ProtocolExec - ex-0000000A: proxy auth state: UNCHALLENGED
20:39:43.382 [Test worker] DEBUG com.github.dockerjava.zerodep.shaded.org.apache.hc.client5.http.impl.classic.ConnectExec - ex-0000000A: acquiring connection with route {}->npipe://localhost:2375
20:39:43.382 [Test worker] DEBUG com.github.dockerjava.zerodep.shaded.org.apache.hc.client5.http.impl.classic.InternalHttpClient - ex-0000000A: acquiring endpoint (3 MINUTES)
20:39:43.382 [Test worker] DEBUG com.github.dockerjava.zerodep.shaded.org.apache.hc.client5.http.impl.io.PoolingHttpClientConnectionManager - ex-0000000A: endpoint lease request (3 MINUTES) [route: {}->npipe://localhost:2375][total available: 1; route allocated: 1 of 2147483647; total allocated: 1 of 2147483647]
20:39:43.382 [Test worker] DEBUG com.github.dockerjava.zerodep.shaded.org.apache.hc.client5.http.impl.io.PoolingHttpClientConnectionManager - ex-0000000A: endpoint leased [route: {}->npipe://localhost:2375][total available: 0; route allocated: 1 of 2147483647; total allocated: 1 of 2147483647]
20:39:43.382 [Test worker] DEBUG com.github.dockerjava.zerodep.shaded.org.apache.hc.client5.http.impl.io.PoolingHttpClientConnectionManager - ex-0000000A: acquired ep-00000009
20:39:43.382 [Test worker] DEBUG com.github.dockerjava.zerodep.shaded.org.apache.hc.client5.http.impl.classic.InternalHttpClient - ex-0000000A: acquired endpoint ep-00000009
20:39:43.382 [Test worker] DEBUG com.github.dockerjava.zerodep.shaded.org.apache.hc.client5.http.impl.classic.MainClientExec - ex-0000000A: executing GET /v1.32/containers/3a060c2a65daf70d5c42a859ac7908a05494040ede0efa155e310e95534de7c7/json HTTP/1.1
20:39:43.382 [Test worker] DEBUG com.github.dockerjava.zerodep.shaded.org.apache.hc.client5.http.impl.classic.InternalHttpClient - ep-00000009: start execution ex-0000000A
20:39:43.382 [Test worker] DEBUG com.github.dockerjava.zerodep.shaded.org.apache.hc.client5.http.impl.io.PoolingHttpClientConnectionManager - ep-00000009: executing exchange ex-0000000A over http-outgoing-1
20:39:43.382 [Test worker] DEBUG com.github.dockerjava.zerodep.shaded.org.apache.hc.client5.http.headers - http-outgoing-1 >> GET /v1.32/containers/3a060c2a65daf70d5c42a859ac7908a05494040ede0efa155e310e95534de7c7/json HTTP/1.1
20:39:43.382 [Test worker] DEBUG com.github.dockerjava.zerodep.shaded.org.apache.hc.client5.http.headers - http-outgoing-1 >> accept: application/json
20:39:43.382 [Test worker] DEBUG com.github.dockerjava.zerodep.shaded.org.apache.hc.client5.http.headers - http-outgoing-1 >> x-tc-sid: 8d452d0b-c6cc-4a9d-9ce2-a121161a579e
20:39:43.382 [Test worker] DEBUG com.github.dockerjava.zerodep.shaded.org.apache.hc.client5.http.headers - http-outgoing-1 >> Accept-Encoding: gzip, x-gzip, deflate
20:39:43.382 [Test worker] DEBUG com.github.dockerjava.zerodep.shaded.org.apache.hc.client5.http.headers - http-outgoing-1 >> Host: localhost:2375
20:39:43.382 [Test worker] DEBUG com.github.dockerjava.zerodep.shaded.org.apache.hc.client5.http.headers - http-outgoing-1 >> Connection: keep-alive
20:39:43.382 [Test worker] DEBUG com.github.dockerjava.zerodep.shaded.org.apache.hc.client5.http.headers - http-outgoing-1 >> User-Agent: Apache-HttpClient/5.0.3 (Java/17.0.4)
20:39:43.382 [Test worker] DEBUG com.github.dockerjava.zerodep.shaded.org.apache.hc.client5.http.wire - http-outgoing-1 >> "GET /v1.32/containers/3a060c2a65daf70d5c42a859ac7908a05494040ede0efa155e310e95534de7c7/json HTTP/1.1[\r][\n]"
20:39:43.382 [Test worker] DEBUG com.github.dockerjava.zerodep.shaded.org.apache.hc.client5.http.wire - http-outgoing-1 >> "accept: application/json[\r][\n]"
20:39:43.383 [Test worker] DEBUG com.github.dockerjava.zerodep.shaded.org.apache.hc.client5.http.wire - http-outgoing-1 >> "x-tc-sid: 8d452d0b-c6cc-4a9d-9ce2-a121161a579e[\r][\n]"
20:39:43.383 [Test worker] DEBUG com.github.dockerjava.zerodep.shaded.org.apache.hc.client5.http.wire - http-outgoing-1 >> "Accept-Encoding: gzip, x-gzip, deflate[\r][\n]"
20:39:43.383 [Test worker] DEBUG com.github.dockerjava.zerodep.shaded.org.apache.hc.client5.http.wire - http-outgoing-1 >> "Host: localhost:2375[\r][\n]"
20:39:43.383 [Test worker] DEBUG com.github.dockerjava.zerodep.shaded.org.apache.hc.client5.http.wire - http-outgoing-1 >> "Connection: keep-alive[\r][\n]"
20:39:43.383 [Test worker] DEBUG com.github.dockerjava.zerodep.shaded.org.apache.hc.client5.http.wire - http-outgoing-1 >> "User-Agent: Apache-HttpClient/5.0.3 (Java/17.0.4)[\r][\n]"
20:39:43.383 [Test worker] DEBUG com.github.dockerjava.zerodep.shaded.org.apache.hc.client5.http.wire - http-outgoing-1 >> "[\r][\n]"
20:39:45.314 [Test worker] DEBUG com.github.dockerjava.zerodep.shaded.org.apache.hc.client5.http.wire - http-outgoing-1 << "HTTP/1.1 200 OK[\r][\n]"
20:39:45.314 [Test worker] DEBUG com.github.dockerjava.zerodep.shaded.org.apache.hc.client5.http.wire - http-outgoing-1 << "Api-Version: 1.41[\r][\n]"
20:39:45.314 [Test worker] DEBUG com.github.dockerjava.zerodep.shaded.org.apache.hc.client5.http.wire - http-outgoing-1 << "Content-Type: application/json[\r][\n]"
20:39:45.314 [Test worker] DEBUG com.github.dockerjava.zerodep.shaded.org.apache.hc.client5.http.wire - http-outgoing-1 << "Date: Sat, 05 Nov 2022 18:39:45 GMT[\r][\n]"
20:39:45.314 [Test worker] DEBUG com.github.dockerjava.zerodep.shaded.org.apache.hc.client5.http.wire - http-outgoing-1 << "Docker-Experimental: false[\r][\n]"
20:39:45.314 [Test worker] DEBUG com.github.dockerjava.zerodep.shaded.org.apache.hc.client5.http.wire - http-outgoing-1 << "Ostype: linux[\r][\n]"
20:39:45.314 [Test worker] DEBUG com.github.dockerjava.zerodep.shaded.org.apache.hc.client5.http.wire - http-outgoing-1 << "Server: Docker/20.10.17 (linux)[\r][\n]"
20:39:45.314 [Test worker] DEBUG com.github.dockerjava.zerodep.shaded.org.apache.hc.client5.http.wire - http-outgoing-1 << "Transfer-Encoding: chunked[\r][\n]"
20:39:45.314 [Test worker] DEBUG com.github.dockerjava.zerodep.shaded.org.apache.hc.client5.http.wire - http-outgoing-1 << "[\r][\n]"
20:39:45.314 [Test worker] DEBUG com.github.dockerjava.zerodep.shaded.org.apache.hc.client5.http.headers - http-outgoing-1 << HTTP/1.1 200 OK
20:39:45.314 [Test worker] DEBUG com.github.dockerjava.zerodep.shaded.org.apache.hc.client5.http.headers - http-outgoing-1 << Api-Version: 1.41
20:39:45.314 [Test worker] DEBUG com.github.dockerjava.zerodep.shaded.org.apache.hc.client5.http.headers - http-outgoing-1 << Content-Type: application/json
20:39:45.314 [Test worker] DEBUG com.github.dockerjava.zerodep.shaded.org.apache.hc.client5.http.headers - http-outgoing-1 << Date: Sat, 05 Nov 2022 18:39:45 GMT
20:39:45.314 [Test worker] DEBUG com.github.dockerjava.zerodep.shaded.org.apache.hc.client5.http.headers - http-outgoing-1 << Docker-Experimental: false
20:39:45.314 [Test worker] DEBUG com.github.dockerjava.zerodep.shaded.org.apache.hc.client5.http.headers - http-outgoing-1 << Ostype: linux
20:39:45.314 [Test worker] DEBUG com.github.dockerjava.zerodep.shaded.org.apache.hc.client5.http.headers - http-outgoing-1 << Server: Docker/20.10.17 (linux)
20:39:45.314 [Test worker] DEBUG com.github.dockerjava.zerodep.shaded.org.apache.hc.client5.http.headers - http-outgoing-1 << Transfer-Encoding: chunked
20:39:45.314 [Test worker] DEBUG com.github.dockerjava.zerodep.shaded.org.apache.hc.client5.http.impl.classic.MainClientExec - ex-0000000A: connection can be kept alive for 3 MINUTES
20:39:45.317 [Test worker] DEBUG com.github.dockerjava.zerodep.shaded.org.apache.hc.client5.http.wire - http-outgoing-1 << "197e[\r][\n]"
20:39:45.317 [Test worker] DEBUG com.github.dockerjava.zerodep.shaded.org.apache.hc.client5.http.wire - http-outgoing-1 << "{"Id":"3a060c2a65daf70d5c42a859ac7908a05494040ede0efa155e310e95534de7c7","Created":"2022-11-05T18:39:41.956517297Z","Path":"docker-entrypoint.sh","Args":["postgres","-c","fsync=off"],"State":{"Status":"running","Running":true,"Paused":false,"Restarting":false,"OOMKilled":false,"Dead":false,"Pid":12822,"ExitCode":0,"Error":"","StartedAt":"2022-11-05T18:39:43.366724919Z","FinishedAt":"0001-01-01T00:00:00Z"},"Image":"sha256:cefd1c9e490c8b581d834d878081cf64c133df1f9f443c5e5f8d94fbd7c7a1d4","ResolvConfPath":"/var/lib/docker/containers/3a060c2a65daf70d5c42a859ac7908a05494040ede0efa155e310e95534de7c7/resolv.conf","HostnamePath":"/var/lib/docker/containers/3a060c2a65daf70d5c42a859ac7908a05494040ede0efa155e310e95534de7c7/hostname","HostsPath":"/var/lib/docker/containers/3a060c2a65daf70d5c42a859ac7908a05494040ede0efa155e310e95534de7c7/hosts","LogPath":"/var/lib/docker/containers/3a060c2a65daf70d5c42a859ac7908a05494040ede0efa155e310e95534de7c7/3a060c2a65daf70d5c42a859ac7908a05494040ede0efa155e310e95534de7c7-json.log","Name":"/hungry_greider","RestartCount":0,"Driver":"overlay2","Platform":"linux","MountLabel":"","ProcessLabel":"","AppArmorProfile":"","ExecIDs":null,"HostConfig":{"Binds":[],"ContainerIDFile":"","LogConfig":{"Type":"json-file","Config":{}},"NetworkMode":"default","PortBindings":{"5432/tcp":[{"HostIp":"0.0.0.0","HostPort":"0"}]},"RestartPolicy":{"Name":"","MaximumRetryCount":0},"AutoRemove":false,"VolumeDriver":"","VolumesFrom":[],"CapAdd":null,"CapDrop":null,"CgroupnsMode":"host","Dns":null,"DnsOptions":null,"DnsSearch":null,"ExtraHosts":[],"GroupAdd":null,"IpcMode":"shareable","Cgroup":"","Links":null,"OomScoreAdj":0,"PidMode":"","Privileged":false,"PublishAllPorts":false,"ReadonlyRootfs":false,"SecurityOpt":null,"UTSMode":"","UsernsMode":"","ShmSize":67108864,"Runtime":"runc","ConsoleSize":[0,0],"Isolation":"","CpuShares":0,"Memory":0,"NanoCpus":0,"CgroupParent":"","BlkioWeight":0,"BlkioWeightDevice":null,"BlkioDeviceReadBps":null,"BlkioDeviceWriteBps":null,"BlkioDeviceReadIOps":null,"BlkioDeviceWriteIOps":null,"CpuPeriod":0,"CpuQuota":0,"CpuRealtimePeriod":0,"CpuRealtimeRuntime":0,"CpusetCpus":"","CpusetMems":"","Devices":null,"DeviceCgroupRules":null,"DeviceRequests":null,"KernelMemory":0,"KernelMemoryTCP":0,"MemoryReservation":0,"MemorySwap":0,"MemorySwappiness":null,"OomKillDisable":false,"PidsLimit":null,"Ulimits":null,"CpuCount":0,"CpuPercent":0,"IOMaximumIOps":0,"IOMaximumBandwidth":0,"MaskedPaths":["/proc/asound","/proc/acpi","/proc/kcore","/proc/keys","/proc/latency_stats","/proc/timer_list","/proc/timer_stats","/proc/sched_debug","/proc/scsi","/sys/firmware"],"ReadonlyPaths":["/proc/bus","/proc/fs","/proc/irq","/proc/sys","/proc/sysrq-trigger"]},"GraphDriver":{"Data":{"LowerDir":"/var/lib/docker/overlay2/e2e2019358908122769dea4b28c36927539bba62d0522353097c5cb2e9b4958e-init/diff:/var/lib/docker/overlay2/282be7f55023e7e7dd4eeb8146b97b2bdbecd696c7306d931b7533a8a98c44e1/diff:/var/lib/docker/overlay2/b5321c62963b548fa1e137e9d5a6169ddab0943fcf87749388789a10e1fe9ab3/diff:/var/lib/docker/overlay2/50c695b66a9390db24ad373bc671b49d8a325afa4c2b751e7680b20ee5112a14/diff:/var/lib/docker/overlay2/90b94341cc426119a2d531a8632f86714266e28301b72e0d264738e418fbf068/diff:/var/lib/docker/overlay2/87cf97eb9168ba0e999bc18c3bca65150b58966402e83f864618da439d2749a7/diff:/var/lib/docker/overlay2/a3cee32354f9b6103c448cab71ce46e55cb57c04e84acbd80a639f595df4e768/diff:/var/lib/docker/overlay2/a47d720d0d51231c1a1729bbde6cd39b2018d4d0763342d47a0bf3004c1c3271/diff:/var/lib/docker/overlay2/f1bee54f7f69df9f96451529b21ce7958731b6ee6e414a29ce15367abc1331a8/diff:/var/lib/docker/overlay2/a512c788f655cb6397a9d642f322b62e2ea552e1de6d3ddcb68fbe48f7aac645/diff:/var/lib/docker/overlay2/76d65593e1aee78d9f1619e20085784b6a232c7b336a52d429fcb5feb37ba73d/diff:/var/lib/docker/overlay2/5ff91acf1e53ca9547b118918c8ee8588756914df8e6644eb7e65f694fc77307/diff:/var/lib/docker/overlay2/2a86c15ca1e860901e03c9166334adda1b49b5d82607b327fb5cc639af6bc98d/diff:/var/lib/docker/overlay2/e141e8548acd745705ed626ee686f176b620e7a76edf95cb931ede33b5628353/diff","MergedDi"
20:39:45.318 [Test worker] DEBUG com.github.dockerjava.zerodep.shaded.org.apache.hc.client5.http.wire - http-outgoing-1 << "r":"/var/lib/docker/overlay2/e2e2019358908122769dea4b28c36927539bba62d0522353097c5cb2e9b4958e/merged","UpperDir":"/var/lib/docker/overlay2/e2e2019358908122769dea4b28c36927539bba62d0522353097c5cb2e9b4958e/diff","WorkDir":"/var/lib/docker/overlay2/e2e2019358908122769dea4b28c36927539bba62d0522353097c5cb2e9b4958e/work"},"Name":"overlay2"},"Mounts":[{"Type":"volume","Name":"02ddc99c4e0a00a7b9940c37f4b80817ca7dd8bc83f754b0c20b03ee98b11f98","Source":"/var/lib/docker/volumes/02ddc99c4e0a00a7b9940c37f4b80817ca7dd8bc83f754b0c20b03ee98b11f98/_data","Destination":"/var/lib/postgresql/data","Driver":"local","Mode":"","RW":true,"Propagation":""}],"Config":{"Hostname":"3a060c2a65da","Domainname":"","User":"","AttachStdin":false,"AttachStdout":false,"AttachStderr":false,"ExposedPorts":{"5432/tcp":{}},"Tty":false,"OpenStdin":false,"StdinOnce":false,"Env":["POSTGRES_USER=test","POSTGRES_PASSWORD=test","POSTGRES_DB=test","PATH=/usr/local/sbin:/usr/local/bin:/usr/sbin:/usr/bin:/sbin:/bin:/usr/lib/postgresql/14/bin","GOSU_VERSION=1.14","LANG=en_US.utf8","PG_MAJOR=14","PG_VERSION=14.5-2.pgdg110+2","PGDATA=/var/lib/postgresql/data"],"Cmd":["postgres","-c","fsync=off"],"Image":"postgres:14","Volumes":{"/var/lib/postgresql/data":{}},"WorkingDir":"","Entrypoint":["docker-entrypoint.sh"],"OnBuild":null,"Labels":{"org.testcontainers":"true","org.testcontainers.sessionId":"8d452d0b-c6cc-4a9d-9ce2-a121161a579e"},"StopSignal":"SIGINT"},"NetworkSettings":{"Bridge":"","SandboxID":"de0f7d299165070d2a620aa86890665658c82fc074ef62e0766f35c5375c950d","HairpinMode":false,"LinkLocalIPv6Address":"","LinkLocalIPv6PrefixLen":0,"Ports":{"5432/tcp":[{"HostIp":"0.0.0.0","HostPort":"50080"}]},"SandboxKey":"/var/run/docker/netns/de0f7d299165","SecondaryIPAddresses":null,"SecondaryIPv6Addresses":null,"EndpointID":"7d561d4eacd8021f7e8ce1ad614a51f26045bd62693843cb2bed3f4680f9e2bb","Gateway":"172.17.0.1","GlobalIPv6Address":"","GlobalIPv6PrefixLen":0,"IPAddress":"172.17.0.3","IPPrefixLen":16,"IPv6Gateway":"","MacAddress":"02:42:ac:11:00:03","Networks":{"bridge":{"IPAMConfig":null,"Links":null,"Aliases":null,"NetworkID":"5e53da21a8e898d540655433c0531468f1657a5e8f28e421defb943b149914aa","EndpointID":"7d561d4eacd8021f7e8ce1ad614a51f26045bd62693843cb2bed3f4680f9e2bb","Gateway":"172.17.0.1","IPAddress":"172.17.0.3","IPPrefixLen":16,"IPv6Gateway":"","GlobalIPv6Address":"","GlobalIPv6PrefixLen":0,"MacAddress":"02:42:ac:11:00:03","DriverOpts":null}}}}[\n]"
20:39:45.320 [Test worker] DEBUG com.github.dockerjava.zerodep.shaded.org.apache.hc.client5.http.wire - http-outgoing-1 << "[\r][\n]"
20:39:45.320 [Test worker] DEBUG com.github.dockerjava.zerodep.shaded.org.apache.hc.client5.http.wire - http-outgoing-1 << "0[\r][\n]"
20:39:45.320 [Test worker] DEBUG com.github.dockerjava.zerodep.shaded.org.apache.hc.client5.http.wire - http-outgoing-1 << "[\r][\n]"
20:39:45.320 [Test worker] DEBUG com.github.dockerjava.zerodep.shaded.org.apache.hc.client5.http.impl.classic.InternalHttpClient - ep-00000009: releasing valid endpoint
20:39:45.320 [Test worker] DEBUG com.github.dockerjava.zerodep.shaded.org.apache.hc.client5.http.impl.io.PoolingHttpClientConnectionManager - ep-00000009: releasing endpoint
20:39:45.320 [Test worker] DEBUG com.github.dockerjava.zerodep.shaded.org.apache.hc.client5.http.impl.io.PoolingHttpClientConnectionManager - ep-00000009: connection http-outgoing-1 can be kept alive for 3 MINUTES
20:39:45.320 [Test worker] DEBUG com.github.dockerjava.zerodep.shaded.org.apache.hc.client5.http.impl.io.PoolingHttpClientConnectionManager - ep-00000009: connection released [route: {}->npipe://localhost:2375][total available: 1; route allocated: 1 of 2147483647; total allocated: 1 of 2147483647]
20:39:45.322 [docker-java-stream-858337843] DEBUG com.github.dockerjava.zerodep.shaded.org.apache.hc.client5.http.impl.classic.InternalHttpClient - ex-0000000B: preparing request execution
20:39:45.322 [docker-java-stream-858337843] DEBUG com.github.dockerjava.zerodep.shaded.org.apache.hc.client5.http.protocol.RequestAddCookies - Cookie spec selected: strict
20:39:45.322 [docker-java-stream-858337843] DEBUG com.github.dockerjava.zerodep.shaded.org.apache.hc.client5.http.protocol.RequestAuthCache - Auth cache not set in the context
20:39:45.322 [docker-java-stream-858337843] DEBUG com.github.dockerjava.zerodep.shaded.org.apache.hc.client5.http.impl.classic.ProtocolExec - ex-0000000B: target auth state: UNCHALLENGED
20:39:45.322 [docker-java-stream-858337843] DEBUG com.github.dockerjava.zerodep.shaded.org.apache.hc.client5.http.impl.classic.ProtocolExec - ex-0000000B: proxy auth state: UNCHALLENGED
20:39:45.322 [docker-java-stream-858337843] DEBUG com.github.dockerjava.zerodep.shaded.org.apache.hc.client5.http.impl.classic.ConnectExec - ex-0000000B: acquiring connection with route {}->npipe://localhost:2375
20:39:45.322 [docker-java-stream-858337843] DEBUG com.github.dockerjava.zerodep.shaded.org.apache.hc.client5.http.impl.classic.InternalHttpClient - ex-0000000B: acquiring endpoint (3 MINUTES)
20:39:45.322 [docker-java-stream-858337843] DEBUG com.github.dockerjava.zerodep.shaded.org.apache.hc.client5.http.impl.io.PoolingHttpClientConnectionManager - ex-0000000B: endpoint lease request (3 MINUTES) [route: {}->npipe://localhost:2375][total available: 1; route allocated: 1 of 2147483647; total allocated: 1 of 2147483647]
20:39:45.322 [docker-java-stream-858337843] DEBUG com.github.dockerjava.zerodep.shaded.org.apache.hc.client5.http.impl.io.PoolingHttpClientConnectionManager - ex-0000000B: endpoint leased [route: {}->npipe://localhost:2375][total available: 0; route allocated: 1 of 2147483647; total allocated: 1 of 2147483647]
20:39:45.322 [docker-java-stream-858337843] DEBUG com.github.dockerjava.zerodep.shaded.org.apache.hc.client5.http.impl.io.PoolingHttpClientConnectionManager - ex-0000000B: acquired ep-0000000A
20:39:45.322 [docker-java-stream-858337843] DEBUG com.github.dockerjava.zerodep.shaded.org.apache.hc.client5.http.impl.classic.InternalHttpClient - ex-0000000B: acquired endpoint ep-0000000A
20:39:45.322 [docker-java-stream-858337843] DEBUG com.github.dockerjava.zerodep.shaded.org.apache.hc.client5.http.impl.classic.MainClientExec - ex-0000000B: executing GET /v1.32/containers/3a060c2a65daf70d5c42a859ac7908a05494040ede0efa155e310e95534de7c7/logs?stdout=true&stderr=true&follow=true&since=0 HTTP/1.1
20:39:45.322 [docker-java-stream-858337843] DEBUG com.github.dockerjava.zerodep.shaded.org.apache.hc.client5.http.impl.classic.InternalHttpClient - ep-0000000A: start execution ex-0000000B
20:39:45.322 [docker-java-stream-858337843] DEBUG com.github.dockerjava.zerodep.shaded.org.apache.hc.client5.http.impl.io.PoolingHttpClientConnectionManager - ep-0000000A: executing exchange ex-0000000B over http-outgoing-1
20:39:45.323 [docker-java-stream-858337843] DEBUG com.github.dockerjava.zerodep.shaded.org.apache.hc.client5.http.headers - http-outgoing-1 >> GET /v1.32/containers/3a060c2a65daf70d5c42a859ac7908a05494040ede0efa155e310e95534de7c7/logs?stdout=true&stderr=true&follow=true&since=0 HTTP/1.1
20:39:45.323 [docker-java-stream-858337843] DEBUG com.github.dockerjava.zerodep.shaded.org.apache.hc.client5.http.headers - http-outgoing-1 >> x-tc-sid: 8d452d0b-c6cc-4a9d-9ce2-a121161a579e
20:39:45.323 [docker-java-stream-858337843] DEBUG com.github.dockerjava.zerodep.shaded.org.apache.hc.client5.http.headers - http-outgoing-1 >> Accept-Encoding: gzip, x-gzip, deflate
20:39:45.323 [docker-java-stream-858337843] DEBUG com.github.dockerjava.zerodep.shaded.org.apache.hc.client5.http.headers - http-outgoing-1 >> Host: localhost:2375
20:39:45.323 [docker-java-stream-858337843] DEBUG com.github.dockerjava.zerodep.shaded.org.apache.hc.client5.http.headers - http-outgoing-1 >> Connection: keep-alive
20:39:45.323 [docker-java-stream-858337843] DEBUG com.github.dockerjava.zerodep.shaded.org.apache.hc.client5.http.headers - http-outgoing-1 >> User-Agent: Apache-HttpClient/5.0.3 (Java/17.0.4)
20:39:45.323 [docker-java-stream-858337843] DEBUG com.github.dockerjava.zerodep.shaded.org.apache.hc.client5.http.wire - http-outgoing-1 >> "GET /v1.32/containers/3a060c2a65daf70d5c42a859ac7908a05494040ede0efa155e310e95534de7c7/logs?stdout=true&stderr=true&follow=true&since=0 HTTP/1.1[\r][\n]"
20:39:45.323 [docker-java-stream-858337843] DEBUG com.github.dockerjava.zerodep.shaded.org.apache.hc.client5.http.wire - http-outgoing-1 >> "x-tc-sid: 8d452d0b-c6cc-4a9d-9ce2-a121161a579e[\r][\n]"
20:39:45.323 [docker-java-stream-858337843] DEBUG com.github.dockerjava.zerodep.shaded.org.apache.hc.client5.http.wire - http-outgoing-1 >> "Accept-Encoding: gzip, x-gzip, deflate[\r][\n]"
20:39:45.323 [docker-java-stream-858337843] DEBUG com.github.dockerjava.zerodep.shaded.org.apache.hc.client5.http.wire - http-outgoing-1 >> "Host: localhost:2375[\r][\n]"
20:39:45.323 [docker-java-stream-858337843] DEBUG com.github.dockerjava.zerodep.shaded.org.apache.hc.client5.http.wire - http-outgoing-1 >> "Connection: keep-alive[\r][\n]"
20:39:45.323 [docker-java-stream-858337843] DEBUG com.github.dockerjava.zerodep.shaded.org.apache.hc.client5.http.wire - http-outgoing-1 >> "User-Agent: Apache-HttpClient/5.0.3 (Java/17.0.4)[\r][\n]"
20:39:45.323 [docker-java-stream-858337843] DEBUG com.github.dockerjava.zerodep.shaded.org.apache.hc.client5.http.wire - http-outgoing-1 >> "[\r][\n]"
20:39:45.344 [docker-java-stream-858337843] DEBUG com.github.dockerjava.zerodep.shaded.org.apache.hc.client5.http.wire - http-outgoing-1 << "HTTP/1.1 200 OK[\r][\n]"
20:39:45.344 [docker-java-stream-858337843] DEBUG com.github.dockerjava.zerodep.shaded.org.apache.hc.client5.http.wire - http-outgoing-1 << "Api-Version: 1.41[\r][\n]"
20:39:45.344 [docker-java-stream-858337843] DEBUG com.github.dockerjava.zerodep.shaded.org.apache.hc.client5.http.wire - http-outgoing-1 << "Date: Sat, 05 Nov 2022 18:39:45 GMT[\r][\n]"
20:39:45.344 [docker-java-stream-858337843] DEBUG com.github.dockerjava.zerodep.shaded.org.apache.hc.client5.http.wire - http-outgoing-1 << "Docker-Experimental: false[\r][\n]"
20:39:45.344 [docker-java-stream-858337843] DEBUG com.github.dockerjava.zerodep.shaded.org.apache.hc.client5.http.wire - http-outgoing-1 << "Ostype: linux[\r][\n]"
20:39:45.344 [docker-java-stream-858337843] DEBUG com.github.dockerjava.zerodep.shaded.org.apache.hc.client5.http.wire - http-outgoing-1 << "Server: Docker/20.10.17 (linux)[\r][\n]"
20:39:45.344 [docker-java-stream-858337843] DEBUG com.github.dockerjava.zerodep.shaded.org.apache.hc.client5.http.wire - http-outgoing-1 << "Transfer-Encoding: chunked[\r][\n]"
20:39:45.344 [docker-java-stream-858337843] DEBUG com.github.dockerjava.zerodep.shaded.org.apache.hc.client5.http.wire - http-outgoing-1 << "[\r][\n]"
20:39:45.345 [docker-java-stream-858337843] DEBUG com.github.dockerjava.zerodep.shaded.org.apache.hc.client5.http.headers - http-outgoing-1 << HTTP/1.1 200 OK
20:39:45.345 [docker-java-stream-858337843] DEBUG com.github.dockerjava.zerodep.shaded.org.apache.hc.client5.http.headers - http-outgoing-1 << Api-Version: 1.41
20:39:45.345 [docker-java-stream-858337843] DEBUG com.github.dockerjava.zerodep.shaded.org.apache.hc.client5.http.headers - http-outgoing-1 << Date: Sat, 05 Nov 2022 18:39:45 GMT
20:39:45.345 [docker-java-stream-858337843] DEBUG com.github.dockerjava.zerodep.shaded.org.apache.hc.client5.http.headers - http-outgoing-1 << Docker-Experimental: false
20:39:45.345 [docker-java-stream-858337843] DEBUG com.github.dockerjava.zerodep.shaded.org.apache.hc.client5.http.headers - http-outgoing-1 << Ostype: linux
20:39:45.345 [docker-java-stream-858337843] DEBUG com.github.dockerjava.zerodep.shaded.org.apache.hc.client5.http.headers - http-outgoing-1 << Server: Docker/20.10.17 (linux)
20:39:45.345 [docker-java-stream-858337843] DEBUG com.github.dockerjava.zerodep.shaded.org.apache.hc.client5.http.headers - http-outgoing-1 << Transfer-Encoding: chunked
20:39:45.345 [docker-java-stream-858337843] DEBUG com.github.dockerjava.zerodep.shaded.org.apache.hc.client5.http.impl.classic.MainClientExec - ex-0000000B: connection can be kept alive for 3 MINUTES
20:39:45.345 [docker-java-stream-858337843] DEBUG com.github.dockerjava.zerodep.shaded.org.apache.hc.client5.http.wire - http-outgoing-1 << "4e4[\r][\n]"
20:39:45.345 [docker-java-stream-858337843] DEBUG com.github.dockerjava.zerodep.shaded.org.apache.hc.client5.http.wire - http-outgoing-1 << "[0x1][0x0][0x0][0x0][0x0][0x0][0x0]NThe files belonging to this database system will be owned by user "postgres".[\n]"
20:39:45.345 [docker-java-stream-858337843] DEBUG com.github.dockerjava.zerodep.shaded.org.apache.hc.client5.http.wire - http-outgoing-1 << "[0x1][0x0][0x0][0x0][0x0][0x0][0x0],This user must also own the server process.[\n]"
20:39:45.345 [docker-java-stream-858337843] DEBUG com.github.dockerjava.zerodep.shaded.org.apache.hc.client5.http.wire - http-outgoing-1 << "[0x1][0x0][0x0][0x0][0x0][0x0][0x0][0x1][\n]"
20:39:45.345 [docker-java-stream-858337843] DEBUG com.github.dockerjava.zerodep.shaded.org.apache.hc.client5.http.wire - http-outgoing-1 << "[0x1][0x0][0x0][0x0][0x0][0x0][0x0]CThe database cluster will be initialized with locale "en_US.utf8".[\n]"
20:39:45.345 [docker-java-stream-858337843] DEBUG com.github.dockerjava.zerodep.shaded.org.apache.hc.client5.http.wire - http-outgoing-1 << "[0x1][0x0][0x0][0x0][0x0][0x0][0x0]BThe default database encoding has accordingly been set to "UTF8".[\n]"
20:39:45.345 [docker-java-stream-858337843] DEBUG com.github.dockerjava.zerodep.shaded.org.apache.hc.client5.http.wire - http-outgoing-1 << "[0x1][0x0][0x0][0x0][0x0][0x0][0x0]@The default text search configuration will be set to "english".[\n]"
20:39:45.345 [docker-java-stream-858337843] DEBUG com.github.dockerjava.zerodep.shaded.org.apache.hc.client5.http.wire - http-outgoing-1 << "[0x1][0x0][0x0][0x0][0x0][0x0][0x0][0x1][\n]"
20:39:45.345 [docker-java-stream-858337843] DEBUG com.github.dockerjava.zerodep.shaded.org.apache.hc.client5.http.wire - http-outgoing-1 << "[0x1][0x0][0x0][0x0][0x0][0x0][0x0]"Data page checksums are disabled.[\n]"
20:39:45.345 [docker-java-stream-858337843] DEBUG com.github.dockerjava.zerodep.shaded.org.apache.hc.client5.http.wire - http-outgoing-1 << "[0x1][0x0][0x0][0x0][0x0][0x0][0x0][0x1][\n]"
20:39:45.345 [docker-java-stream-858337843] DEBUG com.github.dockerjava.zerodep.shaded.org.apache.hc.client5.http.wire - http-outgoing-1 << "[0x1][0x0][0x0][0x0][0x0][0x0][0x0]Ifixing permissions on existing directory /var/lib/postgresql/data ... ok[\n]"
20:39:45.346 [docker-java-stream-858337843] DEBUG com.github.dockerjava.zerodep.shaded.org.apache.hc.client5.http.wire - http-outgoing-1 << "[0x1][0x0][0x0][0x0][0x0][0x0][0x0][0x1f]creating subdirectories ... ok[\n]"
20:39:45.346 [docker-java-stream-858337843] DEBUG com.github.dockerjava.zerodep.shaded.org.apache.hc.client5.http.wire - http-outgoing-1 << "[0x1][0x0][0x0][0x0][0x0][0x0][0x0]9selecting dynamic shared memory implementation ... posix[\n]"
20:39:45.346 [docker-java-stream-858337843] DEBUG com.github.dockerjava.zerodep.shaded.org.apache.hc.client5.http.wire - http-outgoing-1 << "[0x1][0x0][0x0][0x0][0x0][0x0][0x0]*selecting default max_connections ... 100[\n]"
20:39:45.346 [docker-java-stream-858337843] DEBUG com.github.dockerjava.zerodep.shaded.org.apache.hc.client5.http.wire - http-outgoing-1 << "[0x1][0x0][0x0][0x0][0x0][0x0][0x0]+selecting default shared_buffers ... 128MB[\n]"
20:39:45.346 [docker-java-stream-858337843] DEBUG com.github.dockerjava.zerodep.shaded.org.apache.hc.client5.http.wire - http-outgoing-1 << "[0x1][0x0][0x0][0x0][0x0][0x0][0x0](selecting default time zone ... Etc/UTC[\n]"
20:39:45.346 [docker-java-stream-858337843] DEBUG com.github.dockerjava.zerodep.shaded.org.apache.hc.client5.http.wire - http-outgoing-1 << "[0x1][0x0][0x0][0x0][0x0][0x0][0x0]$creating configuration files ... ok[\n]"
20:39:45.346 [docker-java-stream-858337843] DEBUG com.github.dockerjava.zerodep.shaded.org.apache.hc.client5.http.wire - http-outgoing-1 << "[0x1][0x0][0x0][0x0][0x0][0x0][0x0] running bootstrap script ... ok[\n]"
20:39:45.346 [docker-java-stream-858337843] DEBUG com.github.dockerjava.zerodep.shaded.org.apache.hc.client5.http.wire - http-outgoing-1 << "[0x1][0x0][0x0][0x0][0x0][0x0][0x0]0performing post-bootstrap initialization ... ok[\n]"
20:39:45.346 [docker-java-stream-858337843] DEBUG com.github.dockerjava.zerodep.shaded.org.apache.hc.client5.http.wire - http-outgoing-1 << "[0x2][0x0][0x0][0x0][0x0][0x0][0x0]Ginitdb: warning: enabling "trust" authentication for local connections[\n]"
20:39:45.346 [docker-java-stream-858337843] DEBUG com.github.dockerjava.zerodep.shaded.org.apache.hc.client5.http.wire - http-outgoing-1 << "[0x2][0x0][0x0][0x0][0x0][0x0][0x0]FYou can change this by editing pg_hba.conf or using the option -A, or[\n]"
20:39:45.346 [docker-java-stream-858337843] DEBUG com.github.dockerjava.zerodep.shaded.org.apache.hc.client5.http.wire - http-outgoing-1 << "[0x2][0x0][0x0][0x0][0x0][0x0][0x0]<--auth-local and --auth-host, the next time you run initdb.[\n]"
20:39:45.346 [docker-java-stream-858337843] DEBUG com.github.dockerjava.zerodep.shaded.org.apache.hc.client5.http.wire - http-outgoing-1 << "[0x1][0x0][0x0][0x0][0x0][0x0][0x0][0x1c]syncing data to disk ... ok[\n]"
20:39:45.346 [docker-java-stream-858337843] DEBUG com.github.dockerjava.zerodep.shaded.org.apache.hc.client5.http.wire - http-outgoing-1 << "[0x1][0x0][0x0][0x0][0x0][0x0][0x0][0x1][\n]"
20:39:45.346 [docker-java-stream-858337843] DEBUG com.github.dockerjava.zerodep.shaded.org.apache.hc.client5.http.wire - http-outgoing-1 << "[0x1][0x0][0x0][0x0][0x0][0x0][0x0][0x1][\n]"
20:39:45.346 [docker-java-stream-858337843] DEBUG com.github.dockerjava.zerodep.shaded.org.apache.hc.client5.http.wire - http-outgoing-1 << "[0x1][0x0][0x0][0x0][0x0][0x0][0x0]6Success. You can now start the database server using:[\n]"
20:39:45.346 [docker-java-stream-858337843] DEBUG com.github.dockerjava.zerodep.shaded.org.apache.hc.client5.http.wire - http-outgoing-1 << "[0x1][0x0][0x0][0x0][0x0][0x0][0x0][0x1][\n]"
20:39:45.346 [docker-java-stream-858337843] DEBUG com.github.dockerjava.zerodep.shaded.org.apache.hc.client5.http.wire - http-outgoing-1 << "[\r][\n]"
20:39:45.346 [docker-java-stream-858337843] DEBUG com.github.dockerjava.zerodep.shaded.org.apache.hc.client5.http.wire - http-outgoing-1 << "24e[\r][\n]"
20:39:45.346 [docker-java-stream-858337843] DEBUG com.github.dockerjava.zerodep.shaded.org.apache.hc.client5.http.wire - http-outgoing-1 << "[0x1][0x0][0x0][0x0][0x0][0x0][0x0]8    pg_ctl -D /var/lib/postgresql/data -l logfile start[\n]"
20:39:45.347 [docker-java-stream-858337843] DEBUG com.github.dockerjava.zerodep.shaded.org.apache.hc.client5.http.wire - http-outgoing-1 << "[0x1][0x0][0x0][0x0][0x0][0x0][0x0][0x1][\n]"
20:39:45.347 [docker-java-stream-858337843] DEBUG com.github.dockerjava.zerodep.shaded.org.apache.hc.client5.http.wire - http-outgoing-1 << "[0x1][0x0][0x0][0x0][0x0][0x0][0x0][0xffffffcb]waiting for server to start....2022-11-05 18:39:44.325 UTC [48] LOG:  starting PostgreSQL 14.5 (Debian 14.5-2.pgdg110+2) on x86_64-pc-linux-gnu, compiled by gcc (Debian 10.2.1-6) 10.2.1 20210110, 64-bit[\n]"
20:39:45.347 [docker-java-stream-858337843] DEBUG com.github.dockerjava.zerodep.shaded.org.apache.hc.client5.http.wire - http-outgoing-1 << "[0x1][0x0][0x0][0x0][0x0][0x0][0x0]d2022-11-05 18:39:44.325 UTC [48] LOG:  listening on Unix socket "/var/run/postgresql/.s.PGSQL.5432"[\n]"
20:39:45.347 [docker-java-stream-858337843] DEBUG com.github.dockerjava.zerodep.shaded.org.apache.hc.client5.http.wire - http-outgoing-1 << "[0x1][0x0][0x0][0x0][0x0][0x0][0x0]`2022-11-05 18:39:44.327 UTC [49] LOG:  database system was shut down at 2022-11-05 18:39:44 UTC[\n]"
20:39:45.347 [docker-java-stream-858337843] DEBUG com.github.dockerjava.zerodep.shaded.org.apache.hc.client5.http.wire - http-outgoing-1 << "[0x1][0x0][0x0][0x0][0x0][0x0][0x0]V2022-11-05 18:39:44.329 UTC [48] LOG:  database system is ready to accept connections[\n]"
20:39:45.347 [docker-java-stream-858337843] DEBUG com.github.dockerjava.zerodep.shaded.org.apache.hc.client5.http.wire - http-outgoing-1 << "[\r][\n]"
20:39:45.347 [docker-java-stream-858337843] DEBUG com.github.dockerjava.zerodep.shaded.org.apache.hc.client5.http.wire - http-outgoing-1 << "fa[\r][\n]"
20:39:45.347 [docker-java-stream-858337843] DEBUG com.github.dockerjava.zerodep.shaded.org.apache.hc.client5.http.wire - http-outgoing-1 << "[0x1][0x0][0x0][0x0][0x0][0x0][0x0][0x6] done[\n]"
20:39:45.347 [docker-java-stream-858337843] DEBUG com.github.dockerjava.zerodep.shaded.org.apache.hc.client5.http.wire - http-outgoing-1 << "[0x1][0x0][0x0][0x0][0x0][0x0][0x0][0xf]server started[\n]"
20:39:45.347 [docker-java-stream-858337843] DEBUG com.github.dockerjava.zerodep.shaded.org.apache.hc.client5.http.wire - http-outgoing-1 << "[0x1][0x0][0x0][0x0][0x0][0x0][0x0][0x10]CREATE DATABASE[\n]"
20:39:45.347 [docker-java-stream-858337843] DEBUG com.github.dockerjava.zerodep.shaded.org.apache.hc.client5.http.wire - http-outgoing-1 << "[0x1][0x0][0x0][0x0][0x0][0x0][0x0][0x1][\n]"
20:39:45.347 [docker-java-stream-858337843] DEBUG com.github.dockerjava.zerodep.shaded.org.apache.hc.client5.http.wire - http-outgoing-1 << "[0x1][0x0][0x0][0x0][0x0][0x0][0x0][0x1][\n]"
20:39:45.347 [docker-java-stream-858337843] DEBUG com.github.dockerjava.zerodep.shaded.org.apache.hc.client5.http.wire - http-outgoing-1 << "[0x1][0x0][0x0][0x0][0x0][0x0][0x0]L/usr/local/bin/docker-entrypoint.sh: ignoring /docker-entrypoint-initdb.d/*[\n]"
20:39:45.347 [docker-java-stream-858337843] DEBUG com.github.dockerjava.zerodep.shaded.org.apache.hc.client5.http.wire - http-outgoing-1 << "[0x1][0x0][0x0][0x0][0x0][0x0][0x0][0x1][\n]"
20:39:45.347 [docker-java-stream-858337843] DEBUG com.github.dockerjava.zerodep.shaded.org.apache.hc.client5.http.wire - http-outgoing-1 << "[0x1][0x0][0x0][0x0][0x0][0x0][0x0]F2022-11-05 18:39:44.503 UTC [48] LOG:  received fast shutdown request[\n]"
20:39:45.347 [docker-java-stream-858337843] DEBUG com.github.dockerjava.zerodep.shaded.org.apache.hc.client5.http.wire - http-outgoing-1 << "[\r][\n]"
20:39:45.347 [docker-java-stream-858337843] DEBUG com.github.dockerjava.zerodep.shaded.org.apache.hc.client5.http.wire - http-outgoing-1 << "48a[\r][\n]"
20:39:45.347 [docker-java-stream-858337843] DEBUG com.github.dockerjava.zerodep.shaded.org.apache.hc.client5.http.wire - http-outgoing-1 << "[0x1][0x0][0x0][0x0][0x0][0x0][0x0]kwaiting for server to shut down....2022-11-05 18:39:44.503 UTC [48] LOG:  aborting any active transactions[\n]"
20:39:45.347 [docker-java-stream-858337843] DEBUG com.github.dockerjava.zerodep.shaded.org.apache.hc.client5.http.wire - http-outgoing-1 << "[0x1][0x0][0x0][0x0][0x0][0x0][0x0]y2022-11-05 18:39:44.504 UTC [48] LOG:  background worker "logical replication launcher" (PID 55) exited with exit code 1[\n]"
20:39:45.347 [docker-java-stream-858337843] DEBUG com.github.dockerjava.zerodep.shaded.org.apache.hc.client5.http.wire - http-outgoing-1 << "[0x1][0x0][0x0][0x0][0x0][0x0][0x0]52022-11-05 18:39:44.504 UTC [50] LOG:  shutting down[\n]"
20:39:45.347 [docker-java-stream-858337843] DEBUG com.github.dockerjava.zerodep.shaded.org.apache.hc.client5.http.wire - http-outgoing-1 << "[0x1][0x0][0x0][0x0][0x0][0x0][0x0]D2022-11-05 18:39:44.507 UTC [48] LOG:  database system is shut down[\n]"
20:39:45.347 [docker-java-stream-858337843] DEBUG com.github.dockerjava.zerodep.shaded.org.apache.hc.client5.http.wire - http-outgoing-1 << "[0x1][0x0][0x0][0x0][0x0][0x0][0x0][0x6] done[\n]"
20:39:45.347 [docker-java-stream-858337843] DEBUG com.github.dockerjava.zerodep.shaded.org.apache.hc.client5.http.wire - http-outgoing-1 << "[0x1][0x0][0x0][0x0][0x0][0x0][0x0][0xf]server stopped[\n]"
20:39:45.347 [docker-java-stream-858337843] DEBUG com.github.dockerjava.zerodep.shaded.org.apache.hc.client5.http.wire - http-outgoing-1 << "[0x1][0x0][0x0][0x0][0x0][0x0][0x0][0x1][\n]"
20:39:45.347 [docker-java-stream-858337843] DEBUG com.github.dockerjava.zerodep.shaded.org.apache.hc.client5.http.wire - http-outgoing-1 << "[0x1][0x0][0x0][0x0][0x0][0x0][0x0]6PostgreSQL init process complete; ready for start up.[\n]"
20:39:45.347 [docker-java-stream-858337843] DEBUG com.github.dockerjava.zerodep.shaded.org.apache.hc.client5.http.wire - http-outgoing-1 << "[0x1][0x0][0x0][0x0][0x0][0x0][0x0][0x1][\n]"
20:39:45.347 [docker-java-stream-858337843] DEBUG com.github.dockerjava.zerodep.shaded.org.apache.hc.client5.http.wire - http-outgoing-1 << "[0x2][0x0][0x0][0x0][0x0][0x0][0x0][0xffffffab]2022-11-05 18:39:44.615 UTC [1] LOG:  starting PostgreSQL 14.5 (Debian 14.5-2.pgdg110+2) on x86_64-pc-linux-gnu, compiled by gcc (Debian 10.2.1-6) 10.2.1 20210110, 64-bit[\n]"
20:39:45.347 [docker-java-stream-858337843] DEBUG com.github.dockerjava.zerodep.shaded.org.apache.hc.client5.http.wire - http-outgoing-1 << "[0x2][0x0][0x0][0x0][0x0][0x0][0x0]U2022-11-05 18:39:44.615 UTC [1] LOG:  listening on IPv4 address "0.0.0.0", port 5432[\n]"
20:39:45.347 [docker-java-stream-858337843] DEBUG com.github.dockerjava.zerodep.shaded.org.apache.hc.client5.http.wire - http-outgoing-1 << "[0x2][0x0][0x0][0x0][0x0][0x0][0x0]P2022-11-05 18:39:44.615 UTC [1] LOG:  listening on IPv6 address "::", port 5432[\n]"
20:39:45.347 [docker-java-stream-858337843] DEBUG com.github.dockerjava.zerodep.shaded.org.apache.hc.client5.http.wire - http-outgoing-1 << "[0x2][0x0][0x0][0x0][0x0][0x0][0x0]c2022-11-05 18:39:44.615 UTC [1] LOG:  listening on Unix socket "/var/run/postgresql/.s.PGSQL.5432"[\n]"
20:39:45.347 [docker-java-stream-858337843] DEBUG com.github.dockerjava.zerodep.shaded.org.apache.hc.client5.http.wire - http-outgoing-1 << "[0x2][0x0][0x0][0x0][0x0][0x0][0x0]`2022-11-05 18:39:44.616 UTC [62] LOG:  database system was shut down at 2022-11-05 18:39:44 UTC[\n]"
20:39:45.347 [docker-java-stream-858337843] DEBUG com.github.dockerjava.zerodep.shaded.org.apache.hc.client5.http.wire - http-outgoing-1 << "[0x2][0x0][0x0][0x0][0x0][0x0][0x0]U2022-11-05 18:39:44.619 UTC [1] LOG:  database system is ready to accept connections[\n]"
20:39:45.347 [docker-java-stream-858337843] DEBUG com.github.dockerjava.zerodep.shaded.org.apache.hc.client5.http.wire - http-outgoing-1 << "[\r][\n]"
20:39:45.347 [Test worker] DEBUG org.testcontainers.containers.output.WaitingConsumer - STDOUT: The files belonging to this database system will be owned by user "postgres".
20:39:45.347 [Test worker] DEBUG org.testcontainers.containers.output.WaitingConsumer - STDOUT: selecting dynamic shared memory implementation ... posix
20:39:45.348 [Test worker] DEBUG org.testcontainers.containers.output.WaitingConsumer - STDERR: You can change this by editing pg_hba.conf or using the option -A, or
20:39:45.348 [Test worker] DEBUG org.testcontainers.containers.output.WaitingConsumer - STDOUT: 2022-11-05 18:39:44.327 UTC [49] LOG:  database system was shut down at 2022-11-05 18:39:44 UTC
20:39:45.348 [Test worker] DEBUG org.testcontainers.containers.output.WaitingConsumer - STDOUT: 2022-11-05 18:39:44.503 UTC [48] LOG:  received fast shutdown request
20:39:45.348 [Test worker] DEBUG org.testcontainers.containers.output.WaitingConsumer - STDOUT: server stopped
20:39:45.348 [Test worker] DEBUG org.testcontainers.containers.output.WaitingConsumer - STDERR: 2022-11-05 18:39:44.615 UTC [1] LOG:  starting PostgreSQL 14.5 (Debian 14.5-2.pgdg110+2) on x86_64-pc-linux-gnu, compiled by gcc (Debian 10.2.1-6) 10.2.1 20210110, 64-bit
20:39:45.348 [Test worker] DEBUG org.testcontainers.containers.output.WaitingConsumer - STDERR: 2022-11-05 18:39:44.619 UTC [1] LOG:  database system is ready to accept connections
20:39:45.349 [Test worker] DEBUG org.testcontainers.containers.output.WaitingConsumer - STDERR: 2022-11-05 18:39:44.616 UTC [62] LOG:  database system was shut down at 2022-11-05 18:39:44 UTC
20:39:45.349 [Test worker] DEBUG org.testcontainers.containers.output.WaitingConsumer - STDERR: 2022-11-05 18:39:44.615 UTC [1] LOG:  listening on Unix socket "/var/run/postgresql/.s.PGSQL.5432"
20:39:45.349 [Test worker] DEBUG org.testcontainers.containers.output.WaitingConsumer - STDERR: 2022-11-05 18:39:44.615 UTC [1] LOG:  listening on IPv6 address "::", port 5432
20:39:45.349 [Test worker] DEBUG org.testcontainers.containers.output.WaitingConsumer - STDERR: 2022-11-05 18:39:44.615 UTC [1] LOG:  listening on IPv4 address "0.0.0.0", port 5432
20:39:45.349 [Test worker] DEBUG org.testcontainers.containers.output.WaitingConsumer - STDOUT: 
20:39:45.349 [Test worker] DEBUG org.testcontainers.containers.output.WaitingConsumer - STDOUT: PostgreSQL init process complete; ready for start up.
20:39:45.349 [Test worker] DEBUG org.testcontainers.containers.output.WaitingConsumer - STDOUT: 
20:39:45.349 [Test worker] DEBUG org.testcontainers.containers.output.WaitingConsumer - STDOUT:  done
20:39:45.349 [Test worker] DEBUG org.testcontainers.containers.output.WaitingConsumer - STDOUT: 2022-11-05 18:39:44.507 UTC [48] LOG:  database system is shut down
20:39:45.350 [Test worker] DEBUG org.testcontainers.containers.output.WaitingConsumer - STDOUT: 2022-11-05 18:39:44.504 UTC [50] LOG:  shutting down
20:39:45.350 [Test worker] DEBUG org.testcontainers.containers.output.WaitingConsumer - STDOUT: 2022-11-05 18:39:44.504 UTC [48] LOG:  background worker "logical replication launcher" (PID 55) exited with exit code 1
20:39:45.350 [Test worker] DEBUG org.testcontainers.containers.output.WaitingConsumer - STDOUT: waiting for server to shut down....2022-11-05 18:39:44.503 UTC [48] LOG:  aborting any active transactions
20:39:45.350 [Test worker] DEBUG org.testcontainers.containers.output.WaitingConsumer - STDOUT: 
20:39:45.350 [Test worker] DEBUG org.testcontainers.containers.output.WaitingConsumer - STDOUT: /usr/local/bin/docker-entrypoint.sh: ignoring /docker-entrypoint-initdb.d/*
20:39:45.350 [Test worker] DEBUG org.testcontainers.containers.output.WaitingConsumer - STDOUT: 
20:39:45.350 [Test worker] DEBUG org.testcontainers.containers.output.WaitingConsumer - STDOUT: 
20:39:45.350 [Test worker] DEBUG org.testcontainers.containers.output.WaitingConsumer - STDOUT: CREATE DATABASE
20:39:45.350 [Test worker] DEBUG org.testcontainers.containers.output.WaitingConsumer - STDOUT: server started
20:39:45.350 [Test worker] DEBUG org.testcontainers.containers.output.WaitingConsumer - STDOUT:  done
20:39:45.351 [Test worker] DEBUG org.testcontainers.containers.output.WaitingConsumer - STDOUT: 2022-11-05 18:39:44.329 UTC [48] LOG:  database system is ready to accept connections
20:39:45.351 [Test worker] DEBUG com.github.dockerjava.zerodep.shaded.org.apache.hc.client5.http.impl.classic.InternalHttpClient - ep-0000000A: cancel
20:39:45.351 [Test worker] DEBUG com.github.dockerjava.zerodep.shaded.org.apache.hc.client5.http.impl.io.DefaultManagedHttpClientConnection - http-outgoing-1: close connection IMMEDIATE
20:39:45.351 [Test worker] DEBUG com.github.dockerjava.zerodep.shaded.org.apache.hc.client5.http.impl.classic.InternalHttpClient - ep-0000000A: endpoint closed
20:39:45.351 [Test worker] DEBUG com.github.dockerjava.zerodep.shaded.org.apache.hc.client5.http.impl.classic.InternalHttpClient - ep-0000000A: discarding endpoint
20:39:45.351 [Test worker] DEBUG com.github.dockerjava.zerodep.shaded.org.apache.hc.client5.http.impl.io.PoolingHttpClientConnectionManager - ep-0000000A: releasing endpoint
20:39:45.351 [Test worker] DEBUG com.github.dockerjava.zerodep.shaded.org.apache.hc.client5.http.impl.io.PoolingHttpClientConnectionManager - ep-0000000A: connection is not kept alive
20:39:45.351 [docker-java-stream-858337843] DEBUG com.github.dockerjava.zerodep.shaded.org.apache.hc.client5.http.wire - http-outgoing-1 << "end of stream"
20:39:45.351 [Test worker] DEBUG com.github.dockerjava.zerodep.shaded.org.apache.hc.client5.http.impl.io.PoolingHttpClientConnectionManager - ep-0000000A: connection released [route: {}->npipe://localhost:2375][total available: 0; route allocated: 0 of 2147483647; total allocated: 0 of 2147483647]
20:39:45.351 [Test worker] DEBUG com.github.dockerjava.zerodep.shaded.org.apache.hc.client5.http.wire - http-outgoing-1 << "[read] I/O error: java.nio.channels.ClosedChannelException"
20:39:45.351 [docker-java-stream-858337843] DEBUG com.github.dockerjava.zerodep.shaded.org.apache.hc.client5.http.wire - http-outgoing-1 << "[read] I/O error: java.nio.channels.ClosedChannelException"
20:39:45.351 [docker-java-stream-858337843] DEBUG com.github.dockerjava.zerodep.ApacheDockerHttpClientImpl$ApacheResponse - Failed to close the response
java.io.IOException: java.nio.channels.ClosedChannelException
	at java.base/java.nio.channels.Channels$2.read(Channels.java:240)
	at com.github.dockerjava.zerodep.shaded.org.apache.hc.client5.http.impl.io.LoggingInputStream.read(LoggingInputStream.java:81)
	at com.github.dockerjava.zerodep.shaded.org.apache.hc.core5.http.impl.io.SessionInputBufferImpl.fillBuffer(SessionInputBufferImpl.java:149)
	at com.github.dockerjava.zerodep.shaded.org.apache.hc.core5.http.impl.io.SessionInputBufferImpl.readLine(SessionInputBufferImpl.java:280)
	at com.github.dockerjava.zerodep.shaded.org.apache.hc.core5.http.impl.io.ChunkedInputStream.getChunkSize(ChunkedInputStream.java:261)
	at com.github.dockerjava.zerodep.shaded.org.apache.hc.core5.http.impl.io.ChunkedInputStream.nextChunk(ChunkedInputStream.java:222)
	at com.github.dockerjava.zerodep.shaded.org.apache.hc.core5.http.impl.io.ChunkedInputStream.read(ChunkedInputStream.java:147)
	at com.github.dockerjava.zerodep.shaded.org.apache.hc.core5.http.impl.io.ChunkedInputStream.close(ChunkedInputStream.java:314)
	at com.github.dockerjava.zerodep.shaded.org.apache.hc.core5.io.Closer.close(Closer.java:48)
	at com.github.dockerjava.zerodep.shaded.org.apache.hc.core5.http.impl.io.IncomingHttpEntity.close(IncomingHttpEntity.java:111)
	at com.github.dockerjava.zerodep.shaded.org.apache.hc.core5.http.io.entity.HttpEntityWrapper.close(HttpEntityWrapper.java:120)
	at com.github.dockerjava.zerodep.shaded.org.apache.hc.core5.io.Closer.close(Closer.java:48)
	at com.github.dockerjava.zerodep.shaded.org.apache.hc.core5.http.message.BasicClassicHttpResponse.close(BasicClassicHttpResponse.java:93)
	at com.github.dockerjava.zerodep.shaded.org.apache.hc.client5.http.impl.classic.CloseableHttpResponse.close(CloseableHttpResponse.java:200)
	at com.github.dockerjava.zerodep.ApacheDockerHttpClientImpl$ApacheResponse.close(ApacheDockerHttpClientImpl.java:256)
	at org.testcontainers.shaded.com.github.dockerjava.core.DefaultInvocationBuilder.lambda$executeAndStream$1(DefaultInvocationBuilder.java:277)
	at java.base/java.lang.Thread.run(Thread.java:833)
Caused by: java.nio.channels.ClosedChannelException: null
	at java.base/sun.nio.ch.WindowsAsynchronousFileChannelImpl.implRead(WindowsAsynchronousFileChannelImpl.java:516)
	at java.base/sun.nio.ch.AsynchronousFileChannelImpl.read(AsynchronousFileChannelImpl.java:229)
	at com.github.dockerjava.transport.NamedPipeSocket$AsynchronousFileByteChannel.read(NamedPipeSocket.java:117)
	at java.base/java.nio.channels.Channels$2.read(Channels.java:238)
	... 16 common frames omitted
20:39:45.352 [Test worker] DEBUG com.github.dockerjava.zerodep.ApacheDockerHttpClientImpl$ApacheResponse - Failed to close the response
java.io.IOException: java.nio.channels.ClosedChannelException
	at java.base/java.nio.channels.Channels$2.read(Channels.java:240)
	at com.github.dockerjava.zerodep.shaded.org.apache.hc.client5.http.impl.io.LoggingInputStream.read(LoggingInputStream.java:81)
	at com.github.dockerjava.zerodep.shaded.org.apache.hc.core5.http.impl.io.SessionInputBufferImpl.fillBuffer(SessionInputBufferImpl.java:149)
	at com.github.dockerjava.zerodep.shaded.org.apache.hc.core5.http.impl.io.SessionInputBufferImpl.readLine(SessionInputBufferImpl.java:280)
	at com.github.dockerjava.zerodep.shaded.org.apache.hc.core5.http.impl.io.ChunkedInputStream.getChunkSize(ChunkedInputStream.java:261)
	at com.github.dockerjava.zerodep.shaded.org.apache.hc.core5.http.impl.io.ChunkedInputStream.nextChunk(ChunkedInputStream.java:222)
	at com.github.dockerjava.zerodep.shaded.org.apache.hc.core5.http.impl.io.ChunkedInputStream.read(ChunkedInputStream.java:147)
	at com.github.dockerjava.zerodep.shaded.org.apache.hc.core5.http.impl.io.ChunkedInputStream.close(ChunkedInputStream.java:314)
	at com.github.dockerjava.zerodep.shaded.org.apache.hc.core5.io.Closer.close(Closer.java:48)
	at com.github.dockerjava.zerodep.shaded.org.apache.hc.core5.http.impl.io.IncomingHttpEntity.close(IncomingHttpEntity.java:111)
	at com.github.dockerjava.zerodep.shaded.org.apache.hc.core5.http.io.entity.HttpEntityWrapper.close(HttpEntityWrapper.java:120)
	at com.github.dockerjava.zerodep.shaded.org.apache.hc.core5.io.Closer.close(Closer.java:48)
	at com.github.dockerjava.zerodep.shaded.org.apache.hc.core5.http.message.BasicClassicHttpResponse.close(BasicClassicHttpResponse.java:93)
	at com.github.dockerjava.zerodep.shaded.org.apache.hc.client5.http.impl.classic.CloseableHttpResponse.close(CloseableHttpResponse.java:200)
	at com.github.dockerjava.zerodep.ApacheDockerHttpClientImpl$ApacheResponse.close(ApacheDockerHttpClientImpl.java:256)
	at org.testcontainers.shaded.com.github.dockerjava.core.DefaultInvocationBuilder.lambda$null$0(DefaultInvocationBuilder.java:272)
	at com.github.dockerjava.api.async.ResultCallbackTemplate.close(ResultCallbackTemplate.java:77)
	at org.testcontainers.containers.output.FrameConsumerResultCallback.close(FrameConsumerResultCallback.java:99)
	at org.testcontainers.containers.wait.strategy.LogMessageWaitStrategy.waitUntilReady(LogMessageWaitStrategy.java:49)
	at org.testcontainers.containers.wait.strategy.AbstractWaitStrategy.waitUntilReady(AbstractWaitStrategy.java:52)
	at org.testcontainers.containers.PostgreSQLContainer.waitUntilContainerStarted(PostgreSQLContainer.java:143)
	at org.testcontainers.containers.GenericContainer.tryStart(GenericContainer.java:485)
	at org.testcontainers.containers.GenericContainer.lambda$doStart$0(GenericContainer.java:344)
	at org.rnorth.ducttape.unreliables.Unreliables.retryUntilSuccess(Unreliables.java:81)
	at org.testcontainers.containers.GenericContainer.doStart(GenericContainer.java:334)
	at org.testcontainers.containers.GenericContainer.start(GenericContainer.java:322)
	at org.testcontainers.junit.jupiter.TestcontainersExtension$StoreAdapter.start(TestcontainersExtension.java:242)
	at org.testcontainers.junit.jupiter.TestcontainersExtension$StoreAdapter.access$200(TestcontainersExtension.java:229)
	at org.testcontainers.junit.jupiter.TestcontainersExtension.lambda$null$1(TestcontainersExtension.java:56)
	at org.junit.jupiter.engine.execution.ExtensionValuesStore.lambda$getOrComputeIfAbsent$4(ExtensionValuesStore.java:86)
	at org.junit.jupiter.engine.execution.ExtensionValuesStore$MemoizingSupplier.computeValue(ExtensionValuesStore.java:223)
	at org.junit.jupiter.engine.execution.ExtensionValuesStore$MemoizingSupplier.get(ExtensionValuesStore.java:211)
	at org.junit.jupiter.engine.execution.ExtensionValuesStore$StoredValue.evaluate(ExtensionValuesStore.java:191)
	at org.junit.jupiter.engine.execution.ExtensionValuesStore$StoredValue.access$100(ExtensionValuesStore.java:171)
	at org.junit.jupiter.engine.execution.ExtensionValuesStore.getOrComputeIfAbsent(ExtensionValuesStore.java:89)
	at org.junit.jupiter.engine.execution.NamespaceAwareStore.getOrComputeIfAbsent(NamespaceAwareStore.java:53)
	at org.testcontainers.junit.jupiter.TestcontainersExtension.lambda$beforeAll$2(TestcontainersExtension.java:56)
	at java.base/java.util.ArrayList.forEach(ArrayList.java:1511)
	at org.testcontainers.junit.jupiter.TestcontainersExtension.beforeAll(TestcontainersExtension.java:55)
	at org.junit.jupiter.engine.descriptor.ClassBasedTestDescriptor.lambda$invokeBeforeAllCallbacks$10(ClassBasedTestDescriptor.java:381)
	at org.junit.platform.engine.support.hierarchical.ThrowableCollector.execute(ThrowableCollector.java:73)
	at org.junit.jupiter.engine.descriptor.ClassBasedTestDescriptor.invokeBeforeAllCallbacks(ClassBasedTestDescriptor.java:381)
	at org.junit.jupiter.engine.descriptor.ClassBasedTestDescriptor.before(ClassBasedTestDescriptor.java:205)
	at org.junit.jupiter.engine.descriptor.ClassBasedTestDescriptor.before(ClassBasedTestDescriptor.java:80)
	at org.junit.platform.engine.support.hierarchical.NodeTestTask.lambda$executeRecursively$6(NodeTestTask.java:148)
	at org.junit.platform.engine.support.hierarchical.ThrowableCollector.execute(ThrowableCollector.java:73)
	at org.junit.platform.engine.support.hierarchical.NodeTestTask.lambda$executeRecursively$8(NodeTestTask.java:141)
	at org.junit.platform.engine.support.hierarchical.Node.around(Node.java:137)
	at org.junit.platform.engine.support.hierarchical.NodeTestTask.lambda$executeRecursively$9(NodeTestTask.java:139)
	at org.junit.platform.engine.support.hierarchical.ThrowableCollector.execute(ThrowableCollector.java:73)
	at org.junit.platform.engine.support.hierarchical.NodeTestTask.executeRecursively(NodeTestTask.java:138)
	at org.junit.platform.engine.support.hierarchical.NodeTestTask.execute(NodeTestTask.java:95)
	at java.base/java.util.ArrayList.forEach(ArrayList.java:1511)
	at org.junit.platform.engine.support.hierarchical.SameThreadHierarchicalTestExecutorService.invokeAll(SameThreadHierarchicalTestExecutorService.java:41)
	at org.junit.platform.engine.support.hierarchical.NodeTestTask.lambda$executeRecursively$6(NodeTestTask.java:155)
	at org.junit.platform.engine.support.hierarchical.ThrowableCollector.execute(ThrowableCollector.java:73)
	at org.junit.platform.engine.support.hierarchical.NodeTestTask.lambda$executeRecursively$8(NodeTestTask.java:141)
	at org.junit.platform.engine.support.hierarchical.Node.around(Node.java:137)
	at org.junit.platform.engine.support.hierarchical.NodeTestTask.lambda$executeRecursively$9(NodeTestTask.java:139)
	at org.junit.platform.engine.support.hierarchical.ThrowableCollector.execute(ThrowableCollector.java:73)
	at org.junit.platform.engine.support.hierarchical.NodeTestTask.executeRecursively(NodeTestTask.java:138)
	at org.junit.platform.engine.support.hierarchical.NodeTestTask.execute(NodeTestTask.java:95)
	at org.junit.platform.engine.support.hierarchical.SameThreadHierarchicalTestExecutorService.submit(SameThreadHierarchicalTestExecutorService.java:35)
	at org.junit.platform.engine.support.hierarchical.HierarchicalTestExecutor.execute(HierarchicalTestExecutor.java:57)
	at org.junit.platform.engine.support.hierarchical.HierarchicalTestEngine.execute(HierarchicalTestEngine.java:54)
	at org.junit.platform.launcher.core.EngineExecutionOrchestrator.execute(EngineExecutionOrchestrator.java:108)
	at org.junit.platform.launcher.core.EngineExecutionOrchestrator.execute(EngineExecutionOrchestrator.java:88)
	at org.junit.platform.launcher.core.EngineExecutionOrchestrator.lambda$execute$0(EngineExecutionOrchestrator.java:54)
	at org.junit.platform.launcher.core.EngineExecutionOrchestrator.withInterceptedStreams(EngineExecutionOrchestrator.java:67)
	at org.junit.platform.launcher.core.EngineExecutionOrchestrator.execute(EngineExecutionOrchestrator.java:52)
	at org.junit.platform.launcher.core.DefaultLauncher.execute(DefaultLauncher.java:96)
	at org.junit.platform.launcher.core.DefaultLauncher.execute(DefaultLauncher.java:75)
	at org.gradle.api.internal.tasks.testing.junitplatform.JUnitPlatformTestClassProcessor$CollectAllTestClassesExecutor.processAllTestClasses(JUnitPlatformTestClassProcessor.java:99)
	at org.gradle.api.internal.tasks.testing.junitplatform.JUnitPlatformTestClassProcessor$CollectAllTestClassesExecutor.access$000(JUnitPlatformTestClassProcessor.java:79)
	at org.gradle.api.internal.tasks.testing.junitplatform.JUnitPlatformTestClassProcessor.stop(JUnitPlatformTestClassProcessor.java:75)
	at org.gradle.api.internal.tasks.testing.SuiteTestClassProcessor.stop(SuiteTestClassProcessor.java:61)
	at java.base/jdk.internal.reflect.NativeMethodAccessorImpl.invoke0(Native Method)
	at java.base/jdk.internal.reflect.NativeMethodAccessorImpl.invoke(NativeMethodAccessorImpl.java:77)
	at java.base/jdk.internal.reflect.DelegatingMethodAccessorImpl.invoke(DelegatingMethodAccessorImpl.java:43)
	at java.base/java.lang.reflect.Method.invoke(Method.java:568)
	at org.gradle.internal.dispatch.ReflectionDispatch.dispatch(ReflectionDispatch.java:36)
	at org.gradle.internal.dispatch.ReflectionDispatch.dispatch(ReflectionDispatch.java:24)
	at org.gradle.internal.dispatch.ContextClassLoaderDispatch.dispatch(ContextClassLoaderDispatch.java:33)
	at org.gradle.internal.dispatch.ProxyDispatchAdapter$DispatchingInvocationHandler.invoke(ProxyDispatchAdapter.java:94)
	at jdk.proxy1/jdk.proxy1.$Proxy2.stop(Unknown Source)
	at org.gradle.api.internal.tasks.testing.worker.TestWorker$3.run(TestWorker.java:193)
	at org.gradle.api.internal.tasks.testing.worker.TestWorker.executeAndMaintainThreadName(TestWorker.java:129)
	at org.gradle.api.internal.tasks.testing.worker.TestWorker.execute(TestWorker.java:100)
	at org.gradle.api.internal.tasks.testing.worker.TestWorker.execute(TestWorker.java:60)
	at org.gradle.process.internal.worker.child.ActionExecutionWorker.execute(ActionExecutionWorker.java:56)
	at org.gradle.process.internal.worker.child.SystemApplicationClassLoaderWorker.call(SystemApplicationClassLoaderWorker.java:133)
	at org.gradle.process.internal.worker.child.SystemApplicationClassLoaderWorker.call(SystemApplicationClassLoaderWorker.java:71)
	at worker.org.gradle.process.internal.worker.GradleWorkerMain.run(GradleWorkerMain.java:69)
	at worker.org.gradle.process.internal.worker.GradleWorkerMain.main(GradleWorkerMain.java:74)
Caused by: java.nio.channels.ClosedChannelException: null
	at java.base/sun.nio.ch.WindowsAsynchronousFileChannelImpl.implRead(WindowsAsynchronousFileChannelImpl.java:516)
	at java.base/sun.nio.ch.AsynchronousFileChannelImpl.read(AsynchronousFileChannelImpl.java:229)
	at com.github.dockerjava.transport.NamedPipeSocket$AsynchronousFileByteChannel.read(NamedPipeSocket.java:117)
	at java.base/java.nio.channels.Channels$2.read(Channels.java:238)
	... 93 common frames omitted
20:39:45.353 [Test worker] INFO docker[postgres:14] - Container postgres:14 started in PT3.4106402S
20:39:45.372 [Test worker] DEBUG org.springframework.test.context.BootstrapUtils - Instantiating CacheAwareContextLoaderDelegate from class [org.springframework.test.context.cache.DefaultCacheAwareContextLoaderDelegate]
20:39:45.382 [Test worker] DEBUG org.springframework.test.context.BootstrapUtils - Instantiating BootstrapContext using constructor [public org.springframework.test.context.support.DefaultBootstrapContext(java.lang.Class,org.springframework.test.context.CacheAwareContextLoaderDelegate)]
20:39:45.418 [Test worker] DEBUG org.springframework.test.context.BootstrapUtils - Instantiating TestContextBootstrapper for test class [ee.erik.backend.integration.EverythingIntegrationTest] from class [org.springframework.boot.test.context.SpringBootTestContextBootstrapper]
20:39:45.430 [Test worker] INFO org.springframework.boot.test.context.SpringBootTestContextBootstrapper - Neither @ContextConfiguration nor @ContextHierarchy found for test class [ee.erik.backend.integration.EverythingIntegrationTest], using SpringBootContextLoader
20:39:45.434 [Test worker] DEBUG org.springframework.test.context.support.AbstractContextLoader - Did not detect default resource location for test class [ee.erik.backend.integration.EverythingIntegrationTest]: class path resource [ee/erik/backend/integration/EverythingIntegrationTest-context.xml] does not exist
20:39:45.435 [Test worker] DEBUG org.springframework.test.context.support.AbstractContextLoader - Did not detect default resource location for test class [ee.erik.backend.integration.EverythingIntegrationTest]: class path resource [ee/erik/backend/integration/EverythingIntegrationTestContext.groovy] does not exist
20:39:45.435 [Test worker] INFO org.springframework.test.context.support.AbstractContextLoader - Could not detect default resource locations for test class [ee.erik.backend.integration.EverythingIntegrationTest]: no resource found for suffixes {-context.xml, Context.groovy}.
20:39:45.435 [Test worker] INFO org.springframework.test.context.support.AnnotationConfigContextLoaderUtils - Could not detect default configuration classes for test class [ee.erik.backend.integration.EverythingIntegrationTest]: EverythingIntegrationTest does not declare any static, non-private, non-final, nested classes annotated with @Configuration.
20:39:45.490 [Test worker] DEBUG org.springframework.test.context.support.ActiveProfilesUtils - Could not find an 'annotation declaring class' for annotation type [org.springframework.test.context.ActiveProfiles] and class [ee.erik.backend.integration.EverythingIntegrationTest]
20:39:45.548 [Test worker] DEBUG org.springframework.context.annotation.ClassPathScanningCandidateComponentProvider - Identified candidate component class: file [C:\Users\eriky\Prooviylesanne\backend\build\classes\java\main\ee\erik\backend\Application.class]
20:39:45.549 [Test worker] INFO org.springframework.boot.test.context.SpringBootTestContextBootstrapper - Found @SpringBootConfiguration ee.erik.backend.Application for test class ee.erik.backend.integration.EverythingIntegrationTest
20:39:45.657 [Test worker] DEBUG org.springframework.boot.test.context.SpringBootTestContextBootstrapper - @TestExecutionListeners is not present for class [ee.erik.backend.integration.EverythingIntegrationTest]: using defaults.
20:39:45.658 [Test worker] INFO org.springframework.boot.test.context.SpringBootTestContextBootstrapper - Loaded default TestExecutionListener class names from location [META-INF/spring.factories]: [org.springframework.boot.test.autoconfigure.restdocs.RestDocsTestExecutionListener, org.springframework.boot.test.autoconfigure.web.client.MockRestServiceServerResetTestExecutionListener, org.springframework.boot.test.autoconfigure.web.servlet.MockMvcPrintOnlyOnFailureTestExecutionListener, org.springframework.boot.test.autoconfigure.web.servlet.WebDriverTestExecutionListener, org.springframework.boot.test.autoconfigure.webservices.client.MockWebServiceServerTestExecutionListener, org.springframework.boot.test.mock.mockito.MockitoTestExecutionListener, org.springframework.boot.test.mock.mockito.ResetMocksTestExecutionListener, org.springframework.test.context.web.ServletTestExecutionListener, org.springframework.test.context.support.DirtiesContextBeforeModesTestExecutionListener, org.springframework.test.context.event.ApplicationEventsTestExecutionListener, org.springframework.test.context.support.DependencyInjectionTestExecutionListener, org.springframework.test.context.support.DirtiesContextTestExecutionListener, org.springframework.test.context.transaction.TransactionalTestExecutionListener, org.springframework.test.context.jdbc.SqlScriptsTestExecutionListener, org.springframework.test.context.event.EventPublishingTestExecutionListener]
20:39:45.678 [Test worker] INFO org.springframework.boot.test.context.SpringBootTestContextBootstrapper - Using TestExecutionListeners: [org.springframework.test.context.web.ServletTestExecutionListener@534c6767, org.springframework.test.context.support.DirtiesContextBeforeModesTestExecutionListener@3bddc676, org.springframework.test.context.event.ApplicationEventsTestExecutionListener@29a1505c, org.springframework.boot.test.mock.mockito.MockitoTestExecutionListener@24db6ce, org.springframework.boot.test.autoconfigure.SpringBootDependencyInjectionTestExecutionListener@320a8ebf, org.springframework.test.context.support.DirtiesContextTestExecutionListener@67b100fe, org.springframework.test.context.transaction.TransactionalTestExecutionListener@44b18fe4, org.springframework.test.context.jdbc.SqlScriptsTestExecutionListener@2ba5aa7a, org.springframework.test.context.event.EventPublishingTestExecutionListener@4d3ca6c7, org.springframework.boot.test.autoconfigure.restdocs.RestDocsTestExecutionListener@22e5f96e, org.springframework.boot.test.autoconfigure.web.client.MockRestServiceServerResetTestExecutionListener@6a638c79, org.springframework.boot.test.autoconfigure.web.servlet.MockMvcPrintOnlyOnFailureTestExecutionListener@6c931d35, org.springframework.boot.test.autoconfigure.web.servlet.WebDriverTestExecutionListener@44b194fe, org.springframework.boot.test.autoconfigure.webservices.client.MockWebServiceServerTestExecutionListener@49122b8f, org.springframework.boot.test.mock.mockito.ResetMocksTestExecutionListener@3fe46690]
20:39:45.682 [Test worker] DEBUG org.springframework.test.context.support.AbstractDirtiesContextTestExecutionListener - Before test class: context [DefaultTestContext@4edef76c testClass = EverythingIntegrationTest, testInstance = [null], testMethod = [null], testException = [null], mergedContextConfiguration = [WebMergedContextConfiguration@5d51e129 testClass = EverythingIntegrationTest, locations = '{}', classes = '{class ee.erik.backend.Application}', contextInitializerClasses = '[]', activeProfiles = '{}', propertySourceLocations = '{}', propertySourceProperties = '{org.springframework.boot.test.context.SpringBootTestContextBootstrapper=true}', contextCustomizers = set[org.springframework.boot.test.autoconfigure.actuate.metrics.MetricsExportContextCustomizerFactory$DisableMetricExportContextCustomizer@d5ce97f, org.springframework.boot.test.autoconfigure.properties.PropertyMappingContextCustomizer@4b3fa0b3, org.springframework.boot.test.autoconfigure.web.servlet.WebDriverContextCustomizerFactory$Customizer@7d070ef5, [ImportsContextCustomizer@70c53dbe key = [org.springframework.boot.test.autoconfigure.web.servlet.MockMvcAutoConfiguration, org.springframework.boot.test.autoconfigure.web.servlet.MockMvcWebClientAutoConfiguration, org.springframework.boot.test.autoconfigure.web.servlet.MockMvcWebDriverAutoConfiguration, org.springframework.boot.autoconfigure.security.oauth2.client.servlet.OAuth2ClientAutoConfiguration, org.springframework.boot.autoconfigure.security.oauth2.resource.servlet.OAuth2ResourceServerAutoConfiguration, org.springframework.boot.autoconfigure.security.servlet.SecurityAutoConfiguration, org.springframework.boot.autoconfigure.security.servlet.SecurityFilterAutoConfiguration, org.springframework.boot.autoconfigure.security.servlet.UserDetailsServiceAutoConfiguration, org.springframework.boot.test.autoconfigure.web.servlet.MockMvcSecurityConfiguration, org.springframework.boot.test.autoconfigure.web.reactive.WebTestClientAutoConfiguration]], org.springframework.boot.test.context.filter.ExcludeFilterContextCustomizer@39651a82, org.springframework.boot.test.json.DuplicateJsonObjectContextCustomizerFactory$DuplicateJsonObjectContextCustomizer@745c2004, org.springframework.boot.test.mock.mockito.MockitoContextCustomizer@0, org.springframework.boot.test.web.client.TestRestTemplateContextCustomizer@3fbfbf84, org.springframework.test.context.support.DynamicPropertiesContextCustomizer@b5092a2f, org.springframework.boot.test.context.SpringBootTestArgs@1, org.springframework.boot.test.context.SpringBootTestWebEnvironment@fa49800], resourceBasePath = 'src/main/webapp', contextLoader = 'org.springframework.boot.test.context.SpringBootContextLoader', parent = [null]], attributes = map['org.springframework.test.context.web.ServletTestExecutionListener.activateListener' -> true]], class annotated with @DirtiesContext [false] with mode [null].

  .   ____          _            __ _ _
 /\\ / ___'_ __ _ _(_)_ __  __ _ \ \ \ \
( ( )\___ | '_ | '_| | '_ \/ _` | \ \ \ \
 \\/  ___)| |_)| | | | | || (_| |  ) ) ) )
  '  |____| .__|_| |_|_| |_\__, | / / / /
 =========|_|==============|___/=/_/_/_/
 :: Spring Boot ::                (v2.7.5)

jdbc:postgresql://localhost:50080/test?loggerLevel=OFF
2022-11-05 20:39:46.009  INFO 43372 --- [    Test worker] e.e.b.i.EverythingIntegrationTest        : Starting EverythingIntegrationTest using Java 17.0.4 on DESKTOP-KHRKPQ8 with PID 43372 (started by eriky in C:\Users\eriky\Prooviylesanne\backend)
2022-11-05 20:39:46.011  INFO 43372 --- [    Test worker] e.e.b.i.EverythingIntegrationTest        : No active profile set, falling back to 1 default profile: "default"
2022-11-05 20:39:46.598  INFO 43372 --- [    Test worker] .s.d.r.c.RepositoryConfigurationDelegate : Bootstrapping Spring Data JDBC repositories in DEFAULT mode.
2022-11-05 20:39:46.650  INFO 43372 --- [    Test worker] .s.d.r.c.RepositoryConfigurationDelegate : Finished Spring Data repository scanning in 48 ms. Found 3 JDBC repository interfaces.
2022-11-05 20:39:47.462  INFO 43372 --- [    Test worker] o.f.c.internal.license.VersionPrinter    : Flyway Community Edition 8.5.13 by Redgate
2022-11-05 20:39:47.463  INFO 43372 --- [    Test worker] o.f.c.internal.license.VersionPrinter    : See what's new here: https://flywaydb.org/documentation/learnmore/releaseNotes#8.5.13
2022-11-05 20:39:47.463  INFO 43372 --- [    Test worker] o.f.c.internal.license.VersionPrinter    : 
2022-11-05 20:39:47.475  INFO 43372 --- [    Test worker] com.zaxxer.hikari.HikariDataSource       : HikariPool-1 - Starting...
2022-11-05 20:39:47.671  INFO 43372 --- [    Test worker] com.zaxxer.hikari.HikariDataSource       : HikariPool-1 - Start completed.
2022-11-05 20:39:47.692  INFO 43372 --- [    Test worker] o.f.c.i.database.base.BaseDatabaseType   : Database: jdbc:postgresql://localhost:50080/test (PostgreSQL 14.5)
2022-11-05 20:39:47.742  INFO 43372 --- [    Test worker] o.f.core.internal.command.DbValidate     : Successfully validated 6 migrations (execution time 00:00.024s)
2022-11-05 20:39:47.760  INFO 43372 --- [    Test worker] o.f.c.i.s.JdbcTableSchemaHistory         : Creating Schema History table "public"."flyway_schema_history" ...
2022-11-05 20:39:47.796  INFO 43372 --- [    Test worker] o.f.core.internal.command.DbMigrate      : Current version of schema "public": << Empty Schema >>
2022-11-05 20:39:47.810  INFO 43372 --- [    Test worker] o.f.core.internal.command.DbMigrate      : Migrating schema "public" to version "1 - initial migration"
2022-11-05 20:39:47.859  INFO 43372 --- [    Test worker] o.f.core.internal.command.DbMigrate      : Migrating schema "public" to version "1.1 - rename columns and types"
2022-11-05 20:39:47.916  INFO 43372 --- [    Test worker] o.f.core.internal.command.DbMigrate      : Migrating schema "public" to version "1.2 - change citizen and business types"
2022-11-05 20:39:47.948  INFO 43372 --- [    Test worker] o.f.core.internal.command.DbMigrate      : Migrating schema "public" to version "1.3 - fix pariticipant relations"
2022-11-05 20:39:47.985  INFO 43372 --- [    Test worker] o.f.core.internal.command.DbMigrate      : Migrating schema "public" to version "1.4 - additional refactor and create payment method table"
2022-11-05 20:39:48.014  INFO 43372 --- [    Test worker] o.f.core.internal.command.DbMigrate      : Migrating schema "public" to version "2 - final refactoring"
2022-11-05 20:39:48.050  INFO 43372 --- [    Test worker] o.f.core.internal.command.DbMigrate      : Successfully applied 6 migrations to schema "public", now at version v2 (execution time 00:00.264s)
2022-11-05 20:39:49.955  INFO 43372 --- [    Test worker] o.s.b.t.m.w.SpringBootMockServletContext : Initializing Spring TestDispatcherServlet ''
2022-11-05 20:39:49.956  INFO 43372 --- [    Test worker] o.s.t.web.servlet.TestDispatcherServlet  : Initializing Servlet ''
2022-11-05 20:39:49.957  INFO 43372 --- [    Test worker] o.s.t.web.servlet.TestDispatcherServlet  : Completed initialization in 0 ms
2022-11-05 20:39:49.980  INFO 43372 --- [    Test worker] e.e.b.i.EverythingIntegrationTest        : Started EverythingIntegrationTest in 4.26 seconds (JVM running for 11.627)

MockHttpServletRequest:
      HTTP Method = GET
      Request URI = /api/v1/events/1/participants/1
       Parameters = {}
          Headers = [Content-Type:"application/json;charset=UTF-8"]
             Body = null
    Session Attrs = {}

Handler:
             Type = ee.erik.backend.impl.rest.EventController
           Method = ee.erik.backend.impl.rest.EventController#findParticipantInEventById(Long, Long)

Async:
    Async started = false
     Async result = null

Resolved Exception:
             Type = null

ModelAndView:
        View name = null
             View = null
            Model = null

FlashMap:
       Attributes = null

MockHttpServletResponse:
           Status = 200
    Error message = null
          Headers = [Vary:"Origin", "Access-Control-Request-Method", "Access-Control-Request-Headers", Content-Type:"application/json"]
     Content type = application/json
             Body = {"id":1,"paymentMethod":{"id":1,"method":""},"name":"test","citizen":{"id":1,"lastName":"test","idNumber":32432434535,"info":"info"},"business":null}
    Forwarded URL = null
   Redirected URL = null
          Cookies = []

MockHttpServletRequest:
      HTTP Method = PUT
      Request URI = /api/v1/events/1/participants/1
       Parameters = {}
          Headers = [Content-Type:"application/json;charset=UTF-8", Content-Length:"122"]
             Body = {"paymentMethodId":1,"name":"New name","citizen":{"lastName":"test","idNumber":32432434535,"info":"info"},"business":null}
    Session Attrs = {}

Handler:
             Type = ee.erik.backend.impl.rest.EventController
           Method = ee.erik.backend.impl.rest.EventController#updateParticipantInEvent(Long, Long, UpdateParticipantDto)

Async:
    Async started = false
     Async result = null

Resolved Exception:
             Type = null

ModelAndView:
        View name = null
             View = null
            Model = null

FlashMap:
       Attributes = null

MockHttpServletResponse:
           Status = 200
    Error message = null
          Headers = [Vary:"Origin", "Access-Control-Request-Method", "Access-Control-Request-Headers", Content-Type:"application/json"]
     Content type = application/json
             Body = {"id":1,"paymentMethod":{"id":1,"method":""},"name":"New name","citizen":{"id":2,"lastName":"test","idNumber":32432434535,"info":"info"},"business":null}
    Forwarded URL = null
   Redirected URL = null
          Cookies = []

MockHttpServletRequest:
      HTTP Method = DELETE
      Request URI = /api/v1/events/1/participants/1
       Parameters = {}
          Headers = [Content-Type:"application/json;charset=UTF-8"]
             Body = null
    Session Attrs = {}

Handler:
             Type = ee.erik.backend.impl.rest.EventController
           Method = ee.erik.backend.impl.rest.EventController#deleteParticipantInEvent(Long, Long)

Async:
    Async started = false
     Async result = null

Resolved Exception:
             Type = null

ModelAndView:
        View name = null
             View = null
            Model = null

FlashMap:
       Attributes = null

MockHttpServletResponse:
           Status = 200
    Error message = null
          Headers = [Vary:"Origin", "Access-Control-Request-Method", "Access-Control-Request-Headers"]
     Content type = null
             Body = 
    Forwarded URL = null
   Redirected URL = null
          Cookies = []

MockHttpServletRequest:
      HTTP Method = POST
      Request URI = /api/v1/events
       Parameters = {}
          Headers = [Content-Type:"application/json;charset=UTF-8", Content-Length:"68"]
             Body = {"name":"test","date":1667952000000,"location":"test","info":"test"}
    Session Attrs = {}

Handler:
             Type = ee.erik.backend.impl.rest.EventController
           Method = ee.erik.backend.impl.rest.EventController#createNewEvent(CreateEventDto)

Async:
    Async started = false
     Async result = null

Resolved Exception:
             Type = null

ModelAndView:
        View name = null
             View = null
            Model = null

FlashMap:
       Attributes = null

MockHttpServletResponse:
           Status = 200
    Error message = null
          Headers = [Vary:"Origin", "Access-Control-Request-Method", "Access-Control-Request-Headers", Content-Type:"application/json"]
     Content type = application/json
             Body = {"id":2,"name":"test","date":1667952000000,"location":"test","info":null,"participants":[]}
    Forwarded URL = null
   Redirected URL = null
          Cookies = []

MockHttpServletRequest:
      HTTP Method = GET
      Request URI = /api/v1/events
       Parameters = {}
          Headers = [Content-Type:"application/json;charset=UTF-8"]
             Body = null
    Session Attrs = {}

Handler:
             Type = ee.erik.backend.impl.rest.EventController
           Method = ee.erik.backend.impl.rest.EventController#events(String)

Async:
    Async started = false
     Async result = null

Resolved Exception:
             Type = null

ModelAndView:
        View name = null
             View = null
            Model = null

FlashMap:
       Attributes = null

MockHttpServletResponse:
           Status = 200
    Error message = null
          Headers = [Vary:"Origin", "Access-Control-Request-Method", "Access-Control-Request-Headers", Content-Type:"application/json"]
     Content type = application/json
             Body = [{"id":2,"name":"test","date":1667944800000,"location":"test","info":null,"participants":[]},{"id":1,"name":"EventName","date":1667944800000,"location":"Location","info":"Blah blah blah","participants":[]}]
    Forwarded URL = null
   Redirected URL = null
          Cookies = []

MockHttpServletRequest:
      HTTP Method = GET
      Request URI = /api/v1/payment_methods
       Parameters = {}
          Headers = [Content-Type:"application/json;charset=UTF-8"]
             Body = null
    Session Attrs = {}

Handler:
             Type = ee.erik.backend.impl.rest.PaymentMethodController
           Method = ee.erik.backend.impl.rest.PaymentMethodController#findAll()

Async:
    Async started = false
     Async result = null

Resolved Exception:
             Type = null

ModelAndView:
        View name = null
             View = null
            Model = null

FlashMap:
       Attributes = null

MockHttpServletResponse:
           Status = 200
    Error message = null
          Headers = [Vary:"Origin", "Access-Control-Request-Method", "Access-Control-Request-Headers", Content-Type:"application/json"]
     Content type = application/json
             Body = [{"id":1,"method":"test"}]
    Forwarded URL = null
   Redirected URL = null
          Cookies = []
]]></system-out>
  <system-err><![CDATA[]]></system-err>
</testsuite>
