<?xml version="1.0" encoding="UTF-8"?>
<testsuite name="core.unit.domain.EventServiceTest" tests="9" skipped="0" failures="0" errors="0" timestamp="2022-11-02T18:03:11" hostname="DESKTOP-KHRKPQ8" time="0.717">
  <properties/>
  <testcase name="serviceShouldNotThrowWhenFindParticipantByIdInEventById()" classname="core.unit.domain.EventServiceTest" time="0.503"/>
  <testcase name="serviceShouldDeleteParticipantInEvent()" classname="core.unit.domain.EventServiceTest" time="0.075"/>
  <testcase name="serviceShouldReturnAllParticipantsFromEvent()" classname="core.unit.domain.EventServiceTest" time="0.003"/>
  <testcase name="serviceShouldThrowWhenAddingOldDateToEvent()" classname="core.unit.domain.EventServiceTest" time="0.012"/>
  <testcase name="serviceShouldDeleteEvent()" classname="core.unit.domain.EventServiceTest" time="0.003"/>
  <testcase name="serviceShouldAddParticipantToEvent()" classname="core.unit.domain.EventServiceTest" time="0.107"/>
  <testcase name="serviceShouldCreateNewEvent()" classname="core.unit.domain.EventServiceTest" time="0.002"/>
  <testcase name="serviceShouldUpdateParticipantInEvent()" classname="core.unit.domain.EventServiceTest" time="0.004"/>
  <testcase name="serviceShouldNotThrowWhenGetEventById()" classname="core.unit.domain.EventServiceTest" time="0.002"/>
  <system-out><![CDATA[]]></system-out>
  <system-err><![CDATA[]]></system-err>
</testsuite>
